
Welcome to IBM(R) ILOG(R) CPLEX(R) Interactive Optimizer 12.7.1.0
  with Simplex, Mixed Integer & Barrier Optimizers
5725-A06 5725-A29 5724-Y48 5724-Y49 5724-Y54 5724-Y55 5655-Y21
Copyright IBM Corp. 1988, 2017.  All Rights Reserved.

Type 'help' for a list of available commands.
Type 'help' followed by a command name for more
information on commands.

CPLEX> Warning, line 655904: Name 'dist_X64798' does not exist.
Warning, line 670282: Name 'dist_X64798' does not exist.
Problem 'testFile_1_1.lp' read.
Read time = 0.61 sec. (52.01 ticks)
CPLEX> New value for mixed integer optimality gap tolerance: 0.2
CPLEX> New value for relative objective gap: 0.0001
CPLEX> New value for solution pool replacement strategy: 2
CPLEX> New value for solutions limit for each populate call: 500
CPLEX> New value for capacity of solution pool: 100
CPLEX> New value for intensity for populating the MIP solution pool: 4
CPLEX> New value for time limit in seconds: 3600
CPLEX> New value for default parallel thread count: 0
CPLEX> CPXPARAM_TimeLimit                               3600
CPXPARAM_Read_APIEncoding                        "UTF-8"
CPXPARAM_MIP_Tolerances_MIPGap                   0.20000000000000001
CPXPARAM_MIP_Pool_Capacity                       100
CPXPARAM_MIP_Pool_Replace                        2
CPXPARAM_MIP_Pool_RelGap                         0.0001
CPXPARAM_MIP_Pool_Intensity                      4
CPXPARAM_MIP_Limits_Populate                     500

Populate: phase I 
Tried aggregator 2 times.
MIP Presolve eliminated 210865 rows and 25268 columns.
MIP Presolve modified 85933 coefficients.
Aggregator did 12123 substitutions.
Reduced MIP has 244156 rows, 152510 columns, and 705996 nonzeros.
Reduced MIP has 135065 binaries, 3143 generals, 0 SOSs, and 0 indicators.
Presolve time = 1.24 sec. (1027.73 ticks)
Found incumbent of value 235.736313 after 2.66 sec. (2000.76 ticks)
Probing fixed 3033 vars, tightened 137 bounds.
Probing changed sense of 15 constraints.
Probing time = 13.10 sec. (651.03 ticks)
Tried aggregator 3 times.
MIP Presolve eliminated 21617 rows and 31244 columns.
MIP Presolve modified 10 coefficients.
Aggregator did 1166 substitutions.
Reduced MIP has 221373 rows, 120100 columns, and 644856 nonzeros.
Reduced MIP has 102804 binaries, 2994 generals, 0 SOSs, and 0 indicators.
Presolve time = 2.00 sec. (1487.74 ticks)
Probing fixed 41 vars, tightened 1 bounds.
Probing changed sense of 2 constraints.
Probing time = 11.40 sec. (308.39 ticks)
Tried aggregator 3 times.
MIP Presolve eliminated 32596 rows and 30638 columns.
MIP Presolve modified 26 coefficients.
Aggregator did 2053 substitutions.
Reduced MIP has 186724 rows, 87409 columns, and 556350 nonzeros.
Reduced MIP has 70783 binaries, 2324 generals, 0 SOSs, and 0 indicators.
Presolve time = 1.45 sec. (1091.56 ticks)
Probing fixed 8 vars, tightened 0 bounds.
Probing changed sense of 1 constraints.
Probing time = 9.77 sec. (151.78 ticks)
Tried aggregator 3 times.
MIP Presolve eliminated 28084 rows and 21238 columns.
MIP Presolve modified 106 coefficients.
Aggregator did 2058 substitutions.
Reduced MIP has 156582 rows, 64113 columns, and 480289 nonzeros.
Reduced MIP has 49300 binaries, 511 generals, 0 SOSs, and 0 indicators.
Presolve time = 1.09 sec. (893.38 ticks)
Probing fixed 12 vars, tightened 1 bounds.
Probing time = 13.42 sec. (98.60 ticks)
Clique table members: 304271.
MIP emphasis: balance optimality and feasibility.
MIP search method: dynamic search.
Parallel mode: deterministic, using up to 32 threads.
Root relaxation solution time = 0.96 sec. (667.98 ticks)

        Nodes                                         Cuts/
   Node  Left     Objective  IInf  Best Integer    Best Bound    ItCnt     Gap

*     0+    0                          235.7363        6.5595            97.22%
*     0+    0                          226.7363        6.5595            97.11%
      0     0       26.1247   100      226.7363       26.1247     1474   88.48%
      0     0       42.8920    57      226.7363     Cuts: 849     1943   81.08%
      0     0       45.6203    45      226.7363     Cuts: 636     2252   79.88%
      0     0       46.1203    45      226.7363     Cuts: 546     2372   79.66%
*     0+    0                           65.4672       46.1203            29.55%
      0     0       46.3203    60       65.4672     Cuts: 512     2504   29.25%
      0     0       46.7018    55       65.4672     Cuts: 564     2797   28.66%
      0     0       46.9351    41       65.4672     Cuts: 634     2870   28.31%
      0     0       46.9685    64       65.4672     Cuts: 167     3040   28.26%
      0     0       47.0381    58       65.4672     Cuts: 304     3184   28.15%
      0     0       47.2351    52       65.4672     Cuts: 441     3365   27.85%
      0     0       47.2436    71       65.4672     Cuts: 295     3599   27.84%
      0     0       47.4436    70       65.4672     Cuts: 594     3718   27.53%
      0     0       47.4436    60       65.4672      Cuts: 81     3776   27.53%
      0     0       47.4436    65       65.4672      Cuts: 60     3807   27.53%
*     0+    0                           58.8586       47.4436            19.39%

Clique cuts applied:  482
Implied bound cuts applied:  120
Flow cuts applied:  14
Mixed integer rounding cuts applied:  2532
Zero-half cuts applied:  58
Lift and project cuts applied:  9
Gomory fractional cuts applied:  29

Root node processing (before b&c):
  Real time             =   71.78 sec. (20211.12 ticks)
Parallel b&c, 32 threads:
  Real time             =    0.00 sec. (0.00 ticks)
  Sync time (average)   =    0.00 sec.
  Wait time (average)   =    0.00 sec.
                          ------------
Total (root+branch&cut) =   71.78 sec. (20211.12 ticks)

Populate: phase II 
MIP emphasis: balance optimality and feasibility.
MIP search method: dynamic search.
Parallel mode: deterministic, using up to 32 threads.

        Nodes                                         Cuts/
   Node  Left     Objective  IInf  Best Integer    Best Bound    ItCnt     Gap

      0     2       47.4436  1369       58.8586       47.4436     3807   19.39%
Elapsed time = 86.06 sec. (22882.46 ticks, tree = 0.01 MB, solutions = 1)
      1     3       47.4436  1367       58.8586       47.4436     3808   19.39%
*     2+    1                           56.1516       47.4436            15.51%
      3     5       49.3518  1338       56.1516       47.4436     3975   15.51%
      4     4       47.4436  1365       56.1516       47.4436     3809   15.51%
      6     4       48.0436  1369       56.1516       47.4436     3824   15.51%
      7     5       49.3518  1332       56.1516       47.4436     3978   15.51%
      8     7       50.4627  1372       56.1516       47.4436     4599   15.51%
     11     9       48.0436  1363       56.1516       47.4436     4164   15.51%
*    14+    6                           54.4461       47.4436            12.86%
     14     8       56.4345  1356       54.4461       47.4436     4739   12.86%
     15     6       49.3518  1330       54.4461       47.4436     3979   12.86%
     16    10       50.4627  1370       54.4461       47.4436     4785   12.86%
Elapsed time = 110.44 sec. (39817.44 ticks, tree = 1.94 MB, solutions = 1)
     20    12       48.0436  1361       54.4461       47.4436     4791   12.86%
     27    13       55.1213  1361       54.4461       47.4436     5509   12.86%
     30    17       50.4627  1368       54.4461       47.4436     6694   12.86%
     32    17       51.1245  1351       54.4461       47.4436     6963   12.86%
*    35+   16                           52.6470       47.4436             9.88%
     41    22       51.0627  1367       52.6470       47.4436     6786    9.88%
     47    27       49.9518  1330       52.6470       47.4436     7180    9.88%
     52    31       51.6953  1334       52.6470       47.4436     7589    9.88%
     68    20       48.5334  1369       52.6470       47.4436     6917    9.88%
     73    25       52.1022  1356       52.6470       47.4436     7027    9.88%
     83    46       51.6953  1332       52.6470       47.4436     9246    9.88%
Elapsed time = 162.18 sec. (51953.18 ticks, tree = 21.35 MB, solutions = 1)
*    91+   46                           52.5046       47.4436             9.64%
     96    48       52.6366  1331       52.5046       47.4436     9495    9.64%
    105    44       49.8409  1344       52.5046       47.4436     8875    9.64%
    121    73       56.3066  1336       52.5046       47.4436    12772    9.64%
    138    86       50.0235  1380       52.5046       47.4436    13731    9.64%
    150   102       48.0436  1360       52.5046       47.4436    14584    9.64%
    167    94       51.1245  1317       52.5046       47.5031    13883    9.53%
    215   111       50.7908  1351       52.5046       47.5031    15306    9.53%
    353   129       59.8651  1339       52.5046       47.5031    16148    9.53%
    674   141       50.7273  1343       52.5046       47.5295    17015    9.48%
   1095   243       49.7699  1135       52.5046       47.5295    21013    9.48%
Elapsed time = 207.81 sec. (61863.54 ticks, tree = 25.93 MB, solutions = 2)
   1468   666       48.3351  1208       52.5046       47.5295    35732    9.48%
   1891   413       52.4202  1196       52.5046       47.5295    30434    9.48%
   2331   997       52.2054   499       52.5046       47.5295    37865    9.48%
   2754   577       52.1847   693       52.5046       47.5295    33618    9.48%
   3295  2671       52.3877   623       52.5046       47.5295    55847    9.48%
   3815  1866       52.1847   318       52.5046       47.5295    48572    9.48%
   4396  2679       52.2766   534       52.5046       47.5295    55863    9.48%
   4930  3423       51.9202   164       52.5046       47.5295    61568    9.48%
   5422  3258       51.4987   387       52.5046       47.5295    60281    9.48%
   5950  4518       49.1351   519       52.5046       47.5295    69432    9.48%
Elapsed time = 253.34 sec. (71409.02 ticks, tree = 175.45 MB, solutions = 2)
   6355  5348    infeasible             52.5046       47.5295    73493    9.48%
   6794  4926       50.8270   594       52.5046       47.5295    71323    9.48%
   7245  5818       51.5173   230       52.5046       47.5295    77689    9.48%
   7777  6213       52.0995   119       52.5046       47.5295    81364    9.48%
   8233  7275       51.7173   230       52.5046       47.5295    94181    9.48%
   8675  7087       52.1995    54       52.5046       47.5295    93087    9.48%
   9126  7797       51.9173   294       52.5046       47.5295    99880    9.48%
   9560  8035       51.4135   100       52.5046       47.5295   102789    9.48%
*  9786  8507      integral     0       51.9173       47.5295   107905    8.45%
  10033  9052       51.8809   281       51.9173       47.5295   111820    8.45%
  10505  9158       51.8809   215       51.9173       47.5295   114294    8.45%
Elapsed time = 308.63 sec. (80960.47 ticks, tree = 329.98 MB, solutions = 1)
* 10864  9000      integral     0       51.3699       47.5295   111833    7.48%
* 11001+ 9819                           49.3699       47.5295             3.73%
  11353  9885       49.3351   597       49.3699       47.5295   119096    3.73%
  11987  9739       50.8135  1090       49.3699       47.5295   118812    3.73%
  12644 11176       48.0839  1072       49.3699       47.5295   130670    3.73%
  13288 10901       48.8431   749       49.3699       47.5295   127571    3.73%
  14014 11912       48.9351  1196       49.3699       47.5295   138812    3.73%
  14702 12824       47.8351   930       49.3699       47.5295   146277    3.73%
  15421 13248       48.4351   570       49.3699       47.5295   151680    3.73%
  16211 14029       48.6351  1101       49.3699       47.5295   156603    3.73%
  16929 15666       48.2351   746       49.3699       47.5295   166550    3.73%
Elapsed time = 355.84 sec. (90243.76 ticks, tree = 547.74 MB, solutions = 1)
  17689 15549       47.8351   303       49.3699       47.5295   166309    3.73%
  18342 16192       49.2431   212       49.3699       47.5295   168418    3.73%
  19027 16720       49.1203    82       49.3699       47.5295   170258    3.73%
* 19487+18086                           47.8351       47.5295             0.64%
  19651 18059       48.8839   322       47.8351       47.5295   177188    0.64%
* 20210 17925      integral     0       47.6351       47.5295   175692    0.22%
  20875 18761       48.4351    88       47.6351       47.5295   184166    0.22%
* 21085 19675      integral     0       47.6351       47.5295   191437    0.22%
  21493 19687       47.6351     1       47.6351       47.5295   192128    0.22%
  21613 20870       47.6351     1       47.6351       47.6351   203032    0.00%
  22023 20870       47.6351   307       47.6351       47.6351   202166    0.00%
Elapsed time = 396.02 sec. (99078.96 ticks, tree = 810.12 MB, solutions = 18)
  22373 21138       47.8351     4       47.6351       47.6351   205965    0.00%
  22780 21487       47.6351     1       47.6351       47.6351   209409    0.00%
  23157 21733       47.6351     1       47.6351       47.6351   211438    0.00%
  23559 22088       47.8351     4       47.6351       47.6351   215463    0.00%
  23972 22206       47.8351     4       47.6351       47.6351   216729    0.00%
  24443 22577       47.6351     1       47.6351       47.6351   221291    0.00%
  24894 22684       47.8351     4       47.6351       47.6351   222440    0.00%
  25395 23878       48.2351     0       47.6351       47.6351   238300    0.00%
  25899 23943       47.6351     1       47.6351       47.6351   239122    0.00%
  26359 24088       48.2351     0       47.6351       47.6351   240996    0.00%
Elapsed time = 444.45 sec. (108633.45 ticks, tree = 960.82 MB, solutions = 105)
  26880 24595       48.1351     5       47.6351       47.6351   246317    0.00%
  27313 25049       47.6351     1       47.6351       47.6351   251213    0.00%
  27832 25879       47.6351     1       47.6351       47.6351   260750    0.00%
  28291 26146       48.2351     4       47.6351       47.6351   263931    0.00%
  28766 26990       47.6351     1       47.6351       47.6351   273800    0.00%
  29233 26763       48.0351     5       47.6351       47.6351   271180    0.00%
  29676 27259       48.2351     0       47.6351       47.6351   277425    0.00%
  30179 28020       47.6351     1       47.6351       47.6351   285203    0.00%
  30648 28187       47.6351     1       47.6351       47.6351   287248    0.00%
  31149 28504       47.6351     1       47.6351       47.6351   290377    0.00%
Elapsed time = 492.42 sec. (118188.98 ticks, tree = 1108.75 MB, solutions = 134)
  31638 29171       47.8351     4       47.6351       47.6351   297811    0.00%
  32165 29662       47.8351     4       47.6351       47.6351   302579    0.00%
  32712 29732       47.6351     1       47.6351       47.6351   303499    0.00%
  33217 30032       47.6351     1       47.6351       47.6351   306497    0.00%
  33752 30207       47.6351     1       47.6351       47.6351   308676    0.00%
  34264 31551       47.9351     5       47.6351       47.6351   323129    0.00%
  34815 32255       48.7968    13       47.6351       47.6351   333370    0.00%
  35353 32463    infeasible             47.6351       47.6351   336850    0.00%
  35896 32727       48.7968    13       47.6351       47.6351   340354    0.00%
  37988 34433       47.6351     1       47.6351       47.6351   362656    0.00%
Elapsed time = 553.47 sec. (130603.78 ticks, tree = 1362.12 MB, solutions = 138)
  40149 36036       47.9351     5       47.6351       47.6351   382033    0.00%
  42447 38148       47.8351     4       47.6351       47.6351   406771    0.00%
  44706 40500       47.6351     1       47.6351       47.6351   435275    0.00%
  46927 41409       47.6351     1       47.6351       47.6351   446167    0.00%
  49107 44155       47.8351     4       47.6351       47.6351   488187    0.00%
  51250 45179       48.2351     4       47.6351       47.6351   505055    0.00%
  53315 46825       47.6351     1       47.6351       47.6351   536609    0.00%
  55296 48865       47.8351     0       47.6351       47.6351   583615    0.00%
  57272 50559       47.6351     1       47.6351       47.6351   627938    0.00%
  59147 52164       47.6351     1       47.6351       47.6351   675325    0.00%
Elapsed time = 747.90 sec. (168774.34 ticks, tree = 2520.39 MB, solutions = 138)
Nodefile size = 473.00 MB (180.71 MB after compression)
  61033 53147       47.8351     4       47.6351       47.6351   707700    0.00%
  62940 55382       47.6351     1       47.6351       47.6351   780799    0.00%
  64592 56044       47.8351     4       47.6351       47.6351   801705    0.00%
  65482 56836       48.0351     4       47.6351       47.6351   822292    0.00%
  66269 57260       47.8351     4       47.6351       47.6351   836413    0.00%
  67179 57926       47.6351     1       47.6351       47.6351   856284    0.00%
  68057 58770       47.6351     1       47.6351       47.6351   883729    0.00%
  68833 59391       47.6351     1       47.6351       47.6351   900676    0.00%
  69580 59553       47.8351     4       47.6351       47.6351   904652    0.00%
  70313 59993       47.8351     0       47.6351       47.6351   914297    0.00%
Elapsed time = 1346.32 sec. (206941.63 ticks, tree = 2744.47 MB, solutions = 138)
Nodefile size = 697.37 MB (286.98 MB after compression)
  71055 60598       47.6351     1       47.6351       47.6351   931204    0.00%
  71783 61213       47.6351     1       47.6351       47.6351   947893    0.00%
  72458 61882       47.6351     1       47.6351       47.6351   964784    0.00%
  73188 62424       47.9351     4       47.6351       47.6351   977841    0.00%
  73911 62802       47.6351     1       47.6351       47.6351   987032    0.00%
  74597 63470       47.6351     1       47.6351       47.6351  1005078    0.00%
  75286 63798       47.6351     1       47.6351       47.6351  1014088    0.00%
  75975 64185       47.6351     1       47.6351       47.6351  1023258    0.00%
  76687 64772       47.6351     1       47.6351       47.6351  1038481    0.00%
  77373 65260       47.6351     1       47.6351       47.6351  1046940    0.00%
Elapsed time = 2116.04 sec. (245128.56 ticks, tree = 2981.05 MB, solutions = 138)
Nodefile size = 938.85 MB (378.32 MB after compression)
  78063 65674       47.8351     4       47.6351       47.6351  1056991    0.00%
  78768 66253       47.6351     1       47.6351       47.6351  1069255    0.00%
  79428 66922       48.2546    10       47.6351       47.6351  1082674    0.00%
  80076 67419       47.9351     4       47.6351       47.6351  1092779    0.00%
  80750 67733       47.9351     4       47.6351       47.6351  1099543    0.00%
  81460 68403       47.9351     4       47.6351       47.6351  1112640    0.00%
  82119 68653       47.8351     0       47.6351       47.6351  1118446    0.00%
  82789 69054       47.6351     1       47.6351       47.6351  1126689    0.00%
  83467 69461       47.8351     0       47.6351       47.6351  1135508    0.00%
  84152 69985       47.8351     0       47.6351       47.6351  1145872    0.00%
Elapsed time = 2779.25 sec. (283342.90 ticks, tree = 3133.99 MB, solutions = 138)
Nodefile size = 1080.39 MB (431.63 MB after compression)
  84828 70432       47.6351     1       47.6351       47.6351  1153235    0.00%
  85508 70847       47.6351     1       47.6351       47.6351  1162501    0.00%
  86187 71674       48.0351     0       47.6351       47.6351  1181844    0.00%
  86866 71978       47.8351     4       47.6351       47.6351  1189173    0.00%
  87534 72330       47.6351     1       47.6351       47.6351  1196660    0.00%
  88205 72859       47.6351     1       47.6351       47.6351  1211021    0.00%
  88869 73322       47.8351     0       47.6351       47.6351  1221012    0.00%
  89501 73693       47.6351     0       47.6351       47.6351  1228588    0.00%
  90159 74268       47.8351     0       47.6351       47.6351  1244053    0.00%
  90817 74911       47.9351     5       47.6351       47.6351  1260598    0.00%
Elapsed time = 3489.71 sec. (321526.41 ticks, tree = 3338.74 MB, solutions = 138)
Nodefile size = 1297.53 MB (511.42 MB after compression)
  91444 75426       47.6351     1       47.6351       47.6351  1274397    0.00%
  91965 75517       47.6351     1       47.6351       47.6351  1276912    0.00%

Clique cuts applied:  482
Implied bound cuts applied:  120
Flow cuts applied:  14
Mixed integer rounding cuts applied:  2532
Zero-half cuts applied:  58
Lift and project cuts applied:  9
Gomory fractional cuts applied:  29

Root node processing (before b&c):
  Real time             =    4.33 sec. (2618.36 ticks)
Parallel b&c, 32 threads:
  Real time             = 3537.88 sec. (308548.59 ticks)
  Sync time (average)   = 3008.04 sec.
  Wait time (average)   =    0.58 sec.
                          ------------
Total (root+branch&cut) = 3542.21 sec. (311166.95 ticks)

Solution pool: 100 solutions saved (38 replaced).

Populate - Time limit exceeded, integer optimal:  Objective =  4.7635137857e+01
Current MIP best bound =  4.7635137857e+01 (gap = 2.13163e-14, 0.00%)
Solution time = 3613.99 sec.  Iterations = 1318701  Nodes = 92034 (76995)
Deterministic time = 331379.89 ticks  (91.69 ticks/sec)

CPLEX> Solution pool written to file 'results_cplex_1_1.txt'.
CPLEX> 
Welcome to IBM(R) ILOG(R) CPLEX(R) Interactive Optimizer 12.7.1.0
  with Simplex, Mixed Integer & Barrier Optimizers
5725-A06 5725-A29 5724-Y48 5724-Y49 5724-Y54 5724-Y55 5655-Y21
Copyright IBM Corp. 1988, 2017.  All Rights Reserved.

Type 'help' for a list of available commands.
Type 'help' followed by a command name for more
information on commands.

CPLEX> Warning, line 648872: Name 'dist_X3201' does not exist.
Warning, line 648879: Name 'dist_X1012' does not exist.
Warning, line 650489: Name 'dist_X64798' does not exist.
Warning, line 663226: Name 'dist_X3201' does not exist.
Warning, line 663233: Name 'dist_X1012' does not exist.
Warning, line 664843: Name 'dist_X64798' does not exist.
Problem 'testFile_1_1.lp' read.
Read time = 0.56 sec. (51.49 ticks)
CPLEX> New value for mixed integer optimality gap tolerance: 0.2
CPLEX> New value for relative objective gap: 0.0001
CPLEX> New value for solution pool replacement strategy: 2
CPLEX> New value for solutions limit for each populate call: 500
CPLEX> New value for capacity of solution pool: 100
CPLEX> New value for intensity for populating the MIP solution pool: 4
CPLEX> New value for time limit in seconds: 7200
CPLEX> New value for default parallel thread count: 0
CPLEX> CPXPARAM_TimeLimit                               7200
CPXPARAM_Read_APIEncoding                        "UTF-8"
CPXPARAM_MIP_Tolerances_MIPGap                   0.20000000000000001
CPXPARAM_MIP_Pool_Capacity                       100
CPXPARAM_MIP_Pool_Replace                        2
CPXPARAM_MIP_Pool_RelGap                         0.0001
CPXPARAM_MIP_Pool_Intensity                      4
CPXPARAM_MIP_Limits_Populate                     500

Populate: phase I 
Tried aggregator 2 times.
MIP Presolve eliminated 210903 rows and 26281 columns.
MIP Presolve modified 84924 coefficients.
Aggregator did 12087 substitutions.
Reduced MIP has 240010 rows, 150241 columns, and 693548 nonzeros.
Reduced MIP has 132848 binaries, 3117 generals, 0 SOSs, and 0 indicators.
Presolve time = 1.17 sec. (1037.99 ticks)
Found incumbent of value 231.037147 after 2.59 sec. (2011.62 ticks)
Probing fixed 3188 vars, tightened 142 bounds.
Probing changed sense of 17 constraints.
Probing time = 16.97 sec. (627.65 ticks)
Tried aggregator 3 times.
MIP Presolve eliminated 20506 rows and 29333 columns.
MIP Presolve modified 5 coefficients.
Aggregator did 1143 substitutions.
Reduced MIP has 218361 rows, 119765 columns, and 635216 nonzeros.
Reduced MIP has 102502 binaries, 2987 generals, 0 SOSs, and 0 indicators.
Presolve time = 2.30 sec. (1782.50 ticks)
Probing fixed 46 vars, tightened 4 bounds.
Probing changed sense of 2 constraints.
Probing time = 13.31 sec. (299.11 ticks)
Tried aggregator 3 times.
MIP Presolve eliminated 31243 rows and 30680 columns.
MIP Presolve modified 42 coefficients.
Aggregator did 2004 substitutions.
Reduced MIP has 185114 rows, 87081 columns, and 550160 nonzeros.
Reduced MIP has 70403 binaries, 2402 generals, 0 SOSs, and 0 indicators.
Presolve time = 1.50 sec. (1082.15 ticks)
Probing fixed 3 vars, tightened 0 bounds.
Probing time = 10.82 sec. (145.97 ticks)
Tried aggregator 3 times.
MIP Presolve eliminated 27945 rows and 20719 columns.
MIP Presolve modified 83 coefficients.
Aggregator did 2268 substitutions.
Reduced MIP has 154901 rows, 64094 columns, and 473892 nonzeros.
Reduced MIP has 49262 binaries, 556 generals, 0 SOSs, and 0 indicators.
Presolve time = 1.27 sec. (990.18 ticks)
Probing fixed 12 vars, tightened 0 bounds.
Probing time = 16.69 sec. (96.40 ticks)
Clique table members: 301055.
MIP emphasis: balance optimality and feasibility.
MIP search method: dynamic search.
Parallel mode: deterministic, using up to 32 threads.
Root relaxation solution time = 0.75 sec. (590.39 ticks)

        Nodes                                         Cuts/
   Node  Left     Objective  IInf  Best Integer    Best Bound    ItCnt     Gap

*     0+    0                          231.0371        8.2616            96.42%
*     0+    0                          223.4371        8.2616            96.30%
      0     0       26.2499    96      223.4371       26.2499     1267   88.25%
      0     0       38.7219    55      223.4371     Cuts: 778     1775   82.67%
      0     0       39.5210    46      223.4371     Cuts: 570     2074   82.31%
      0     0       40.0210    57      223.4371     Cuts: 587     2287   82.09%
*     0+    0                          174.2309       40.0210            77.03%
*     0+    0                           63.2789       40.0210            36.75%
      0     0       40.2354    52       63.2789     Cuts: 669     2473   36.42%
      0     0       40.5354    50       63.2789     Cuts: 365     2605   35.94%
      0     0       40.7354    53       63.2789     Cuts: 681     2743   35.63%
      0     0       40.7354    52       63.2789     Cuts: 254     2873   35.63%
      0     0       41.0354    60       63.2789     Cuts: 322     3173   35.15%
      0     0       41.0354    56       63.2789     Cuts: 264     3276   35.15%
      0     2       41.0354    39       63.2789       41.0354     3276   35.15%
Elapsed time = 119.61 sec. (17812.10 ticks, tree = 0.04 MB, solutions = 1)
      2     4       41.4210    30       63.2789       41.0354     3322   35.15%
     14     6       41.0354    39       63.2789       41.0354     3336   35.15%
     31    25       43.1404    47       63.2789       41.0354     5011   35.15%
     60    25       41.2656    24       63.2789       41.0665     4665   35.10%
*   135+   32                           44.7049       41.0665             8.14%
    135    66       43.0994    30       44.7049       41.0665     8644    8.14%
    216    72       41.2210    26       44.7049       41.0665     9837    8.14%
*   223+   88                           43.2210       41.0665             4.98%
    223    67       41.1584    60       43.2210       41.0665     9606    4.98%

Clique cuts applied:  327
Cover cuts applied:  1
Implied bound cuts applied:  173
Flow cuts applied:  101
Mixed integer rounding cuts applied:  1967
Zero-half cuts applied:  36
Lift and project cuts applied:  11
Gomory fractional cuts applied:  34

Root node processing (before b&c):
  Real time             =  116.42 sec. (17657.82 ticks)
Parallel b&c, 32 threads:
  Real time             =   11.46 sec. (2140.61 ticks)
  Sync time (average)   =    6.86 sec.
  Wait time (average)   =    0.42 sec.
                          ------------
Total (root+branch&cut) =  127.88 sec. (19798.43 ticks)

Populate: phase II 
MIP emphasis: balance optimality and feasibility.
MIP search method: dynamic search.
Parallel mode: deterministic, using up to 32 threads.

        Nodes                                         Cuts/
   Node  Left     Objective  IInf  Best Integer    Best Bound    ItCnt     Gap

    225   202    infeasible             43.2210       41.1584    20854    4.77%
Elapsed time = 134.84 sec. (19834.40 ticks, tree = 26.43 MB, solutions = 1)
    227   202    infeasible             43.2210       41.1584    20865    4.77%
    231   204       42.7994    14       43.2210       41.1584    20912    4.77%
    239   204       46.6340    18       43.2210       41.1584    20884    4.77%
*   257   213      integral     0       42.4210       41.1584    21260    2.98%
    286   204       41.2210    35       42.4210       41.1584    21031    2.98%
*   322   236      integral     0       41.6210       41.1584    23085    1.11%
    358   214       41.6210    30       41.6210       41.1584    21284    1.11%
    388   270       41.6210    26       41.6210       41.1584    23942    1.11%
    438   291       41.8210    26       41.6210       41.1584    24717    1.11%
    660   408       41.2210    35       41.6210       41.1584    28021    1.11%
Elapsed time = 149.98 sec. (23224.67 ticks, tree = 26.54 MB, solutions = 1)
   1004   562       41.4210    65       41.6210       41.1584    33401    1.11%
*  1314   994      integral     0       41.6210       41.1584    47125    1.11%
*  1682  1171      integral     0       41.4210       41.1584    56307    0.63%
   2040  1624       41.4210    11       41.4210       41.2164    74726    0.49%
   2351  1804       41.5143    44       41.4210       41.2210    85141    0.48%
   2622  2037       41.6210     4       41.4210       41.3210    96878    0.24%
   2924  2327       41.4210    14       41.4210       41.4210   102632    0.00%
   3224  2553       41.7210     6       41.4210       41.4210   109582    0.00%
   3558  2772       41.4210     1       41.4210       41.4210   114282    0.00%
   3901  3015       41.4210     1       41.4210       41.4210   120296    0.00%
Elapsed time = 198.06 sec. (32691.40 ticks, tree = 114.05 MB, solutions = 31)
   4222  3166       41.6210     4       41.4210       41.4210   123674    0.00%
   4556  3773       41.4210    21       41.4210       41.4210   140703    0.00%
   4938  3743       41.9210     5       41.4210       41.4210   139857    0.00%
   5306  4447       41.6210    12       41.4210       41.4210   162710    0.00%
   5684  4557       41.6210     4       41.4210       41.4210   165429    0.00%
   6109  4851       41.4210     1       41.4210       41.4210   176239    0.00%
   6509  5268       41.4210     1       41.4210       41.4210   192648    0.00%
   6857  5859       41.6210    18       41.4210       41.4210   218109    0.00%
   7296  6037       41.4210     1       41.4210       41.4210   226869    0.00%
   7713  6227       41.4210     1       41.4210       41.4210   231429    0.00%
Elapsed time = 246.98 sec. (42252.67 ticks, tree = 240.13 MB, solutions = 50)
   8148  6394       41.6210     4       41.4210       41.4210   234524    0.00%
   8505  7409       41.4210     1       41.4210       41.4210   252539    0.00%
   8854  7553       41.4210     1       41.4210       41.4210   254237    0.00%
   9256  7669       41.4210     1       41.4210       41.4210   256180    0.00%
   9614  8193       41.4210     1       41.4210       41.4210   262858    0.00%
   9996  8565       41.4210     1       41.4210       41.4210   266412    0.00%
  10366  8921       41.4210     1       41.4210       41.4210   269032    0.00%
  10696  8997       41.4210     1       41.4210       41.4210   269605    0.00%
  11039  9554       41.4210     1       41.4210       41.4210   274857    0.00%
  11364  9919       41.6210     4       41.4210       41.4210   278375    0.00%
Elapsed time = 296.36 sec. (51817.80 ticks, tree = 354.97 MB, solutions = 50)
  11665 10134       41.7210     5       41.4210       41.4210   281298    0.00%
  11967 10399       41.4210     1       41.4210       41.4210   292439    0.00%
  12271 10473       41.6210     4       41.4210       41.4210   299502    0.00%
  12659 10853       41.9210     7       41.4210       41.4210   313531    0.00%
  13013 11225       41.6210     4       41.4210       41.4210   323383    0.00%
  13352 11154       41.4210     1       41.4210       41.4210   322237    0.00%
  13702 11801       41.6210     4       41.4210       41.4210   332427    0.00%
  14093 12034       41.6210     4       41.4210       41.4210   336424    0.00%
  14547 12302       41.6210     4       41.4210       41.4210   340925    0.00%
  15023 12421       41.4210     1       41.4210       41.4210   342668    0.00%
Elapsed time = 347.17 sec. (61378.06 ticks, tree = 458.04 MB, solutions = 50)
  15472 13043       41.6210     4       41.4210       41.4210   357706    0.00%
  15914 13177       41.6210     4       41.4210       41.4210   361996    0.00%
  16286 13432       41.4210     1       41.4210       41.4210   370783    0.00%
  16687 13821       41.4210     1       41.4210       41.4210   384135    0.00%
  17090 14245       41.6210     0       41.4210       41.4210   400251    0.00%
  17500 14279       41.6210     0       41.4210       41.4210   400820    0.00%
  17929 14758       41.4210     1       41.4210       41.4210   417068    0.00%
  18370 15077       41.4210     1       41.4210       41.4210   427748    0.00%
  18831 15555       41.6210     0       41.4210       41.4210   440132    0.00%
  19258 15414       41.4210     1       41.4210       41.4210   434479    0.00%
Elapsed time = 390.00 sec. (70941.62 ticks, tree = 563.41 MB, solutions = 50)
  19686 15657       41.4210     1       41.4210       41.4210   443285    0.00%
  20097 16249       41.6210     0       41.4210       41.4210   466656    0.00%
  20531 16403       41.4210     1       41.4210       41.4210   472666    0.00%
  20974 16689       41.4210     1       41.4210       41.4210   481915    0.00%
  21410 16951       41.6210     0       41.4210       41.4210   494034    0.00%
  21887 17245       41.6210     0       41.4210       41.4210   502805    0.00%
  22367 17567       41.6210     0       41.4210       41.4210   510190    0.00%
  22793 18039       41.4210     1       41.4210       41.4210   518576    0.00%
  23254 18039       41.6210     4       41.4210       41.4210   517470    0.00%
  23729 18757       41.4210     1       41.4210       41.4210   534888    0.00%
Elapsed time = 435.40 sec. (80501.97 ticks, tree = 672.75 MB, solutions = 50)
  24204 18734       41.4210     1       41.4210       41.4210   534047    0.00%
  24679 19204       41.6210     4       41.4210       41.4210   543688    0.00%
  25147 19516       41.6210     0       41.4210       41.4210   549651    0.00%
  25630 20061       41.6210     0       41.4210       41.4210   561632    0.00%
  26095 20377       41.4210     1       41.4210       41.4210   570084    0.00%
  26589 20937       41.6210     4       41.4210       41.4210   586950    0.00%
  27078 20872       41.6210     4       41.4210       41.4210   584371    0.00%
  27564 21556       41.8210     0       41.4210       41.4210   601331    0.00%
  28056 21435       41.6210     0       41.4210       41.4210   598113    0.00%
  28546 22162       41.4210     1       41.4210       41.4210   616256    0.00%
Elapsed time = 479.20 sec. (90054.46 ticks, tree = 793.55 MB, solutions = 50)
  29008 22170       43.0348     2       41.4210       41.4210   616458    0.00%
  29488 22512       41.4210     1       41.4210       41.4210   624203    0.00%
  29973 22564       41.6210     0       41.4210       41.4210   625379    0.00%
  30429 22976       41.6210     0       41.4210       41.4210   634970    0.00%
  30881 23893       41.6250     2       41.4210       41.4210   653920    0.00%
  31336 23816       41.4210     1       41.4210       41.4210   652603    0.00%
  31828 24118       41.6210     0       41.4210       41.4210   658434    0.00%
  32285 24333       41.4210     1       41.4210       41.4210   665262    0.00%
  32747 25138       41.6210     0       41.4210       41.4210   683316    0.00%
  33175 24979       41.4210     1       41.4210       41.4210   679162    0.00%
Elapsed time = 522.74 sec. (99606.12 ticks, tree = 904.56 MB, solutions = 50)
  33599 25841       41.6210     0       41.4210       41.4210   702405    0.00%
  33983 26018       41.6210     4       41.4210       41.4210   710061    0.00%
  34369 26058       43.2879    50       41.4210       41.4210   714492    0.00%
  34739 26258       43.2978    63       41.4210       41.4210   724552    0.00%
  35119 26699       41.6210     4       41.4210       41.4210   747775    0.00%
  35523 26871       41.6210     0       41.4210       41.4210   755440    0.00%
  35949 26980       41.4210     1       41.4210       41.4210   765266    0.00%
  36415 27603       41.6210     4       41.4210       41.4210   809546    0.00%
  36900 27592       41.4210     1       41.4210       41.4210   807670    0.00%
  38636 29163       41.8210     0       41.4210       41.4210   875291    0.00%
Elapsed time = 580.46 sec. (112021.66 ticks, tree = 1049.52 MB, solutions = 50)
  40360 30222       41.4210     1       41.4210       41.4210   910779    0.00%
  42110 31347       41.6210     0       41.4210       41.4210   967082    0.00%
  43871 32389       41.4210     1       41.4210       41.4210  1005391    0.00%
  45647 33117       41.4210     1       41.4210       41.4210  1028798    0.00%
  47570 33836       41.6210     0       41.4210       41.4210  1055055    0.00%
  49241 34321       44.2468    12       41.4210       41.4210  1074363    0.00%
  51026 35595       41.4210     1       41.4210       41.4210  1146804    0.00%
  53045 36356       41.4210     1       41.4210       41.4210  1182899    0.00%
  54951 37221       41.6210     4       41.4210       41.4210  1207950    0.00%
  57084 37680       41.6210     4       41.4210       41.4210  1218510    0.00%
Elapsed time = 767.73 sec. (150183.37 ticks, tree = 1388.17 MB, solutions = 50)
  59293 38567       41.6210     4       41.4210       41.4210  1231657    0.00%
  61766 39277       41.4210     1       41.4210       41.4210  1241372    0.00%
  64409 39822    infeasible             41.4210       41.4210  1250692    0.00%
  65416 40788       41.4210     1       41.4210       41.4210  1261168    0.00%
  65949 40844    infeasible             41.4210       41.4210  1267158    0.00%
  66569 40952    infeasible             41.4210       41.4210  1279543    0.00%
  67216 41077       41.4210     1       41.4210       41.4210  1289942    0.00%
  69274 41203       41.4210     1       41.4210       41.4210  1299504    0.00%
  71591 41436       41.4210     1       41.4210       41.4210  1302579    0.00%
  73585 42122       41.4210     1       41.4210       41.4210  1310615    0.00%
Elapsed time = 931.14 sec. (188350.10 ticks, tree = 1548.46 MB, solutions = 50)
  75723 42834        cutoff             41.4210       41.4210  1318458    0.00%
  77720 43421       41.8210     7       41.4210       41.4210  1324585    0.00%
  79506 43825        cutoff             41.4210       41.4210  1328864    0.00%
  81295 44094       41.4210     1       41.4210       41.4210  1331636    0.00%
  83118 45176       41.7210     5       41.4210       41.4210  1341169    0.00%
  84880 45355       41.4210     1       41.4210       41.4210  1342486    0.00%
  86588 46698       41.4210     1       41.4210       41.4210  1353253    0.00%
  88339 47716       41.6210     4       41.4210       41.4210  1362083    0.00%
  90101 47663        cutoff             41.4210       41.4210  1361567    0.00%
  91931 49179       41.4210     1       41.4210       41.4210  1376852    0.00%
Elapsed time = 1120.39 sec. (226527.15 ticks, tree = 1798.93 MB, solutions = 50)
  93657 49194       41.6210     4       41.4210       41.4210  1376938    0.00%
  95509 49905        cutoff             41.4210       41.4210  1384066    0.00%
  96923 50752       41.6210     4       41.4210       41.4210  1392780    0.00%
  97518 51855       41.4210     1       41.4210       41.4210  1404983    0.00%
  99055 51921       41.4210     1       41.4210       41.4210  1408167    0.00%
 100976 52573       41.6210     4       41.4210       41.4210  1415701    0.00%
 102906 52362       41.6210     4       41.4210       41.4210  1413588    0.00%
 104808 53271       41.6210     4       41.4210       41.4210  1423114    0.00%
 106917 53728       41.4210     1       41.4210       41.4210  1427845    0.00%
 109124 54281       41.4210     1       41.4210       41.4210  1433416    0.00%
Elapsed time = 1301.64 sec. (264698.17 ticks, tree = 2007.54 MB, solutions = 50)
 111088 55067       41.4210     1       41.4210       41.4210  1440384    0.00%
 113091 55615       41.4210     1       41.4210       41.4210  1445106    0.00%
 114953 55825       41.4210     1       41.4210       41.4210  1447089    0.00%
 116801 56401       41.4210     1       41.4210       41.4210  1453120    0.00%
 118464 57178       42.0210    12       41.4210       41.4210  1463814    0.00%
 120051 58148       41.4210     1       41.4210       41.4210  1479367    0.00%
 121720 58187       41.4210     1       41.4210       41.4210  1480190    0.00%
 123586 59341       41.4210     1       41.4210       41.4210  1496451    0.00%
 125660 59565       41.6210     4       41.4210       41.4210  1499329    0.00%
 127787 59776       41.4210     1       41.4210       41.4210  1501149    0.00%
Elapsed time = 1503.43 sec. (302879.01 ticks, tree = 2270.91 MB, solutions = 50)
Nodefile size = 223.09 MB (50.72 MB after compression)
 129662 61386       41.4210     1       41.4210       41.4210  1512622    0.00%
 130707 62752       41.4210     1       41.4210       41.4210  1520777    0.00%
 131295 63711       41.6210     4       41.4210       41.4210  1526314    0.00%
 132691 64877       41.6210     4       41.4210       41.4210  1532495    0.00%
 134777 65046       41.4210     1       41.4210       41.4210  1537866    0.00%
 136831 65179       41.7210     5       41.4210       41.4210  1539482    0.00%
 138829 66380       41.4210     1       41.4210       41.4210  1546840    0.00%
 140679 67681       41.7210     3       41.4210       41.4210  1554634    0.00%
 142416 68037       41.4210     1       41.4210       41.4210  1556927    0.00%
 144078 69277    infeasible             41.4210       41.4210  1566829    0.00%
Elapsed time = 1696.77 sec. (341063.02 ticks, tree = 2595.37 MB, solutions = 50)
Nodefile size = 547.47 MB (125.42 MB after compression)
 145879 69773       41.8210     4       41.4210       41.4210  1570265    0.00%
 147503 70263       41.4210     1       41.4210       41.4210  1576793    0.00%
 148600 71567       42.8210     4       41.4210       41.4210  1593211    0.00%
 149367 72159       41.4210     1       41.4210       41.4210  1600670    0.00%
 150122 72346       41.4210     1       41.4210       41.4210  1603634    0.00%
 150963 72593        cutoff             41.4210       41.4210  1608677    0.00%
 151782 72535       41.4210     1       41.4210       41.4210  1607271    0.00%
 152595 72944       41.4210     1       41.4210       41.4210  1613736    0.00%
 153401 73405       41.6210     4       41.4210       41.4210  1621277    0.00%
 154243 73564       41.6210     4       41.4210       41.4210  1623592    0.00%
Elapsed time = 2261.70 sec. (379265.93 ticks, tree = 2703.97 MB, solutions = 50)
Nodefile size = 606.67 MB (143.59 MB after compression)
 155077 73839       41.8210     5       41.4210       41.4210  1627889    0.00%
 155963 73993        cutoff             41.4210       41.4210  1629946    0.00%
 156870 74198       41.4210     1       41.4210       41.4210  1633258    0.00%
 157729 74173       41.4210     1       41.4210       41.4210  1632800    0.00%
 158511 74789        cutoff             41.4210       41.4210  1641473    0.00%
 159380 74910       41.7210     3       41.4210       41.4210  1644427    0.00%
 160303 74937       41.7210     5       41.4210       41.4210  1644627    0.00%
 161174 75120       41.4210     1       41.4210       41.4210  1650547    0.00%
 162013 75432       41.4210     1       41.4210       41.4210  1655234    0.00%
 162818 75652       41.4210     1       41.4210       41.4210  1657991    0.00%
Elapsed time = 2906.14 sec. (417442.49 ticks, tree = 2800.71 MB, solutions = 50)
Nodefile size = 727.69 MB (173.73 MB after compression)
 163617 76110       41.4210     1       41.4210       41.4210  1671676    0.00%
 164359 76288        cutoff             41.4210       41.4210  1676554    0.00%
 165118 76296       41.4210     1       41.4210       41.4210  1676649    0.00%
 165891 76421       41.4210     1       41.4210       41.4210  1678750    0.00%
 166562 76635       41.4210     1       41.4210       41.4210  1684522    0.00%
 167072 76870       41.4210     1       41.4210       41.4210  1688224    0.00%
 167419 77124    infeasible             41.4210       41.4210  1693009    0.00%
 167788 77200       41.4210     1       41.4210       41.4210  1693832    0.00%
 168553 77382    infeasible             41.4210       41.4210  1698869    0.00%
 169469 77382        cutoff             41.4210       41.4210  1698451    0.00%
Elapsed time = 3599.88 sec. (455632.12 ticks, tree = 2876.30 MB, solutions = 50)
Nodefile size = 804.36 MB (192.55 MB after compression)
 170350 77548       41.6210     4       41.4210       41.4210  1703866    0.00%
 171200 78002       41.6210     4       41.4210       41.4210  1708680    0.00%
 172121 78107    infeasible             41.4210       41.4210  1709619    0.00%
 173011 78497        cutoff             41.4210       41.4210  1713300    0.00%
 173884 79391       41.8210     4       41.4210       41.4210  1718971    0.00%
 174771 79407       41.4210     1       41.4210       41.4210  1719154    0.00%
 175583 79743       41.4210     1       41.4210       41.4210  1722113    0.00%
 176386 80462       41.6210     4       41.4210       41.4210  1727720    0.00%
 177153 80990       41.4210     1       41.4210       41.4210  1732803    0.00%
 177863 81403       41.4210     1       41.4210       41.4210  1739430    0.00%
Elapsed time = 4270.64 sec. (493826.20 ticks, tree = 3041.73 MB, solutions = 50)
Nodefile size = 966.55 MB (231.44 MB after compression)
 178613 81353       41.4210     1       41.4210       41.4210  1738312    0.00%
 179354 82002       41.4210     1       41.4210       41.4210  1753303    0.00%
 180020 82211       41.4210     1       41.4210       41.4210  1758554    0.00%
 180726 82514       41.4210     1       41.4210       41.4210  1766102    0.00%
 181429 82476       41.4210     1       41.4210       41.4210  1762733    0.00%
 182165 82728       41.4210     1       41.4210       41.4210  1773137    0.00%
 182847 82959       41.6210     4       41.4210       41.4210  1778321    0.00%
 183347 83140       41.6210     0       41.4210       41.4210  1780639    0.00%
 183666 83318    infeasible             41.4210       41.4210  1784722    0.00%
 183941 83638       41.4210     1       41.4210       41.4210  1790560    0.00%
Elapsed time = 5013.32 sec. (532065.03 ticks, tree = 3108.48 MB, solutions = 50)
Nodefile size = 1042.89 MB (248.74 MB after compression)
 184522 83756       41.6210     4       41.4210       41.4210  1793617    0.00%
 185259 83803       41.6210     4       41.4210       41.4210  1799305    0.00%
 185999 84127       41.4210     1       41.4210       41.4210  1806093    0.00%
 186727 84010       41.6210     4       41.4210       41.4210  1803852    0.00%
 187473 84686       41.4210     1       41.4210       41.4210  1814947    0.00%
 188159 84968       41.4210     1       41.4210       41.4210  1818720    0.00%
 188878 85243       41.4210     1       41.4210       41.4210  1822827    0.00%
 189640 85259       41.6210     4       41.4210       41.4210  1822995    0.00%
 190377 85723       41.4210     1       41.4210       41.4210  1829795    0.00%
 191149 85571       41.4210     1       41.4210       41.4210  1827162    0.00%
Elapsed time = 5879.28 sec. (570288.20 ticks, tree = 3191.90 MB, solutions = 50)
Nodefile size = 1100.53 MB (261.31 MB after compression)
 191945 85896       41.4210     1       41.4210       41.4210  1831412    0.00%
 192719 86077       41.4210     1       41.4210       41.4210  1834492    0.00%
 193449 86617       41.4210     1       41.4210       41.4210  1840349    0.00%
 194188 86642       42.0210     4       41.4210       41.4210  1840584    0.00%
 194894 87027       41.4210     1       41.4210       41.4210  1846138    0.00%
 195613 87089       41.4210     1       41.4210       41.4210  1846786    0.00%
 196346 87198       41.4210     1       41.4210       41.4210  1847913    0.00%
 197065 87598       41.6210     4       41.4210       41.4210  1852659    0.00%
 197805 87805        cutoff             41.4210       41.4210  1855407    0.00%
 198368 88001        cutoff             41.4210       41.4210  1856721    0.00%
Elapsed time = 6611.65 sec. (608482.63 ticks, tree = 3185.57 MB, solutions = 50)
Nodefile size = 1138.59 MB (269.57 MB after compression)
 198715 88416       41.4210     1       41.4210       41.4210  1863161    0.00%
 198923 88703        cutoff             41.4210       41.4210  1868117    0.00%
 199301 88742       41.4210     1       41.4210       41.4210  1868529    0.00%
 199961 88762       41.4210     1       41.4210       41.4210  1869736    0.00%
 200673 88904       41.4210     1       41.4210       41.4210  1876797    0.00%
 201407 89115       41.4210     1       41.4210       41.4210  1878601    0.00%
 202173 89169       41.4210     1       41.4210       41.4210  1880120    0.00%
 202905 89375       41.4210     1       41.4210       41.4210  1883710    0.00%
 203464 89558       41.4210     1       41.4210       41.4210  1885506    0.00%

Clique cuts applied:  327
Cover cuts applied:  1
Implied bound cuts applied:  179
Flow cuts applied:  101
Mixed integer rounding cuts applied:  1977
Zero-half cuts applied:  36
Lift and project cuts applied:  11
Gomory fractional cuts applied:  34

Root node processing (before b&c):
  Real time             =    0.14 sec. (91.18 ticks)
Parallel b&c, 32 threads:
  Real time             = 7117.85 sec. (626249.63 ticks)
  Sync time (average)   = 5956.36 sec.
  Wait time (average)   =    0.36 sec.
                          ------------
Total (root+branch&cut) = 7117.98 sec. (626340.81 ticks)

Solution pool: 50 solutions saved.

Populate - Time limit exceeded, integer optimal:  Objective =  4.1421003215e+01
Current MIP best bound =  4.1421003215e+01 (gap = -7.10543e-15, 0.00%)
Solution time = 7245.87 sec.  Iterations = 1907440  Nodes = 203629 (90887)
Deterministic time = 646141.05 ticks  (89.17 ticks/sec)

CPLEX> Solution pool written to file 'results_cplex_1_1.txt'.
CPLEX> 
Welcome to IBM(R) ILOG(R) CPLEX(R) Interactive Optimizer 12.7.1.0
  with Simplex, Mixed Integer & Barrier Optimizers
5725-A06 5725-A29 5724-Y48 5724-Y49 5724-Y54 5724-Y55 5655-Y21
Copyright IBM Corp. 1988, 2017.  All Rights Reserved.

Type 'help' for a list of available commands.
Type 'help' followed by a command name for more
information on commands.

CPLEX> Warning, line 650305: Name 'dist_X9219' does not exist.
Warning, line 651806: Name 'dist_X5971' does not exist.
Warning, line 652007: Name 'dist_X10320' does not exist.
Warning, line 652012: Name 'dist_X4779' does not exist.
Warning, line 652029: Name 'dist_X3607' does not exist.
Warning, line 652073: Name 'dist_X3662' does not exist.
Warning, line 652546: Name 'dist_X8553' does not exist.
Warning, line 652633: Name 'dist_X8625' does not exist.
Warning, line 652649: Name 'dist_X5994' does not exist.
Warning, line 652926: Name 'dist_X79977' does not exist.
Warning, line 664665: Name 'dist_X9219' does not exist.
Warning, line 666166: Name 'dist_X5971' does not exist.
Warning, line 666367: Name 'dist_X10320' does not exist.
Warning, line 666372: Name 'dist_X4779' does not exist.
Warning, line 666389: Name 'dist_X3607' does not exist.
Warning, line 666433: Name 'dist_X3662' does not exist.
Warning, line 666906: Name 'dist_X8553' does not exist.
Warning, line 666993: Name 'dist_X8625' does not exist.
Warning, line 667009: Name 'dist_X5994' does not exist.
Warning, line 667286: Name 'dist_X79977' does not exist.
Problem 'testFile_1_1.lp' read.
Read time = 0.56 sec. (51.01 ticks)
CPLEX> New value for mixed integer optimality gap tolerance: 0.2
CPLEX> New value for relative objective gap: 0.0001
CPLEX> New value for solution pool replacement strategy: 2
CPLEX> New value for solutions limit for each populate call: 500
CPLEX> New value for capacity of solution pool: 100
CPLEX> New value for intensity for populating the MIP solution pool: 4
CPLEX> New value for time limit in seconds: 21600
CPLEX> New value for default parallel thread count: 0
CPLEX> CPXPARAM_TimeLimit                               21600
CPXPARAM_Read_APIEncoding                        "UTF-8"
CPXPARAM_MIP_Tolerances_MIPGap                   0.20000000000000001
CPXPARAM_MIP_Pool_Capacity                       100
CPXPARAM_MIP_Pool_Replace                        2
CPXPARAM_MIP_Pool_RelGap                         0.0001
CPXPARAM_MIP_Pool_Intensity                      4
CPXPARAM_MIP_Limits_Populate                     500

Populate: phase I 
Tried aggregator 2 times.
MIP Presolve eliminated 199637 rows and 19627 columns.
MIP Presolve modified 40684 coefficients.
Aggregator did 11297 substitutions.
Reduced MIP has 253323 rows, 157888 columns, and 756154 nonzeros.
Reduced MIP has 140455 binaries, 3134 generals, 0 SOSs, and 0 indicators.
Presolve time = 1.16 sec. (1098.58 ticks)
Found incumbent of value 125.452436 after 2.53 sec. (2014.22 ticks)
Probing fixed 3299 vars, tightened 154 bounds.
Probing changed sense of 30 constraints.
Probing time = 16.19 sec. (756.28 ticks)
Tried aggregator 3 times.
MIP Presolve eliminated 23610 rows and 33130 columns.
MIP Presolve modified 70 coefficients.
Aggregator did 1115 substitutions.
Reduced MIP has 228598 rows, 123643 columns, and 688676 nonzeros.
Reduced MIP has 106355 binaries, 2989 generals, 0 SOSs, and 0 indicators.
Presolve time = 2.04 sec. (1620.92 ticks)
Probing fixed 157 vars, tightened 11 bounds.
Probing changed sense of 6 constraints.
Probing time = 13.90 sec. (355.87 ticks)
Tried aggregator 3 times.
MIP Presolve eliminated 36581 rows and 32825 columns.
MIP Presolve modified 87 coefficients.
Aggregator did 2179 substitutions.
Reduced MIP has 189838 rows, 88639 columns, and 589648 nonzeros.
Reduced MIP has 72140 binaries, 2200 generals, 0 SOSs, and 0 indicators.
Presolve time = 1.56 sec. (1254.83 ticks)
Probing fixed 20 vars, tightened 2 bounds.
Probing changed sense of 2 constraints.
Probing time = 12.42 sec. (176.10 ticks)
Tried aggregator 3 times.
MIP Presolve eliminated 29207 rows and 23346 columns.
MIP Presolve modified 172 coefficients.
Aggregator did 2013 substitutions.
Reduced MIP has 158618 rows, 63280 columns, and 510810 nonzeros.
Reduced MIP has 48516 binaries, 465 generals, 0 SOSs, and 0 indicators.
Presolve time = 1.01 sec. (910.52 ticks)
Probing fixed 28 vars, tightened 2 bounds.
Probing changed sense of 4 constraints.
Probing time = 4.15 sec. (97.76 ticks)
Clique table members: 318708.
MIP emphasis: balance optimality and feasibility.
MIP search method: dynamic search.
Parallel mode: deterministic, using up to 32 threads.
Root relaxation solution time = 2.48 sec. (1740.38 ticks)

        Nodes                                         Cuts/
   Node  Left     Objective  IInf  Best Integer    Best Bound    ItCnt     Gap

*     0+    0                          125.4524        0.0000           100.00%
*     0+    0                          121.8524        0.0000           100.00%
      0     0       10.8337   125      121.8524       10.8337     2720   91.11%
      0     0       16.0503   110      121.8524    Cuts: 1800     3570   86.83%
      0     0       18.4096   139      121.8524     Cuts: 294     4125   84.89%
      0     0       18.5859   134      121.8524     Cuts: 604     4257   84.75%
*     0+    0                          119.9232       18.5859            84.50%
*     0+    0                           59.1113       18.5859            68.56%
      0     0       18.5865   125       59.1113     Cuts: 407     4391   68.56%
      0     0       18.5865   131       59.1113     Cuts: 290     4464   68.56%
      0     0       20.7593   154       59.1113     Cuts: 203     4605   64.88%
      0     0       20.9593   145       59.1113     Cuts: 232     4702   64.54%
      0     0       21.0593   134       59.1113      Cuts: 90     4748   64.37%
      0     0       21.0593   134       59.1113     Cuts: 128     4765   64.37%
      0     2       21.0593   134       59.1113       21.0593     4765   64.37%
Elapsed time = 187.25 sec. (25202.41 ticks, tree = 0.01 MB, solutions = 1)
      4     4       21.1831   139       59.1113       21.1727     5320   64.18%
      8     9       21.8533   126       59.1113       21.1828     6219   64.16%
     18    15       23.6508   121       59.1113       21.1934     7430   64.15%
     32    24       23.4135   136       59.1113       21.1934    10678   64.15%
     51    30       23.6508   123       59.1113       21.2656    14615   64.02%
    100    60       23.9296   114       59.1113       21.2656    24885   64.02%
    205    70       29.5104    77       59.1113       21.2656    26429   64.02%
    246   172       30.5525    74       59.1113       21.2656    39898   64.02%
    303   228       32.0117    69       59.1113       21.2656    50991   64.02%
    473   337       36.6876    58       59.1113       21.2656    73733   64.02%
Elapsed time = 203.04 sec. (28378.06 ticks, tree = 25.03 MB, solutions = 1)
    819   580       33.0794    42       59.1113       21.2656    93195   64.02%
   1198   860    infeasible             59.1113       21.2656   109312   64.02%
   1557  1115       38.2736    69       59.1113       21.2656   120646   64.02%
   1963  1402       34.0702    51       59.1113       21.2656   131599   64.02%
*  2096+ 1266                           47.5858       21.2656            55.31%
   2373  1638       37.9350    37       47.5858       21.2656   139558   55.31%
   2795  2112       31.3052    84       47.5858       21.2656   159987   55.31%
*  2906+ 2013                           46.3125       21.2656            54.08%
*  3099  2227      integral     0       45.2588       21.2656   164128   53.01%
*  3166+ 2072                           37.1014       22.6871            38.85%
   3211  2379       44.8918    16       37.1014       22.6871   170731   38.85%
   3669  2739       36.4314    75       37.1014       22.8511   190178   38.41%
   4080  2993       35.5134   106       37.1014       22.8511   219111   38.41%
   4499  3160       33.2354    28       37.1014       23.6516   237831   36.25%
Elapsed time = 248.47 sec. (37942.94 ticks, tree = 142.63 MB, solutions = 1)
   4870  3496       33.5055   106       37.1014       23.9142   270654   35.54%
   5253  3927       33.7933    73       37.1014       24.4537   332419   34.09%
*  5413+ 3874                           36.6398       24.4537            33.26%
   5613  4002       33.4947    73       36.6398       24.4537   336047   33.26%
   5958  4550       33.2354    28       36.6398       25.5059   415162   30.39%
   6373  4796       35.9800    91       36.6398       26.6250   459322   27.33%
   6672  4876       34.2976   102       36.6398       26.6250   473775   27.33%
   6711  5376       34.5181   111       36.6398       27.7847   539094   24.17%

Clique cuts applied:  253
Implied bound cuts applied:  285
Flow cuts applied:  23
Mixed integer rounding cuts applied:  1197
Zero-half cuts applied:  22
Lift and project cuts applied:  5
Gomory fractional cuts applied:  23

Root node processing (before b&c):
  Real time             =  182.38 sec. (24957.78 ticks)
Parallel b&c, 32 threads:
  Real time             =  107.41 sec. (20145.09 ticks)
  Sync time (average)   =   58.90 sec.
  Wait time (average)   =    0.44 sec.
                          ------------
Total (root+branch&cut) =  289.79 sec. (45102.87 ticks)

Populate: phase II 
MIP emphasis: balance optimality and feasibility.
MIP search method: dynamic search.
Parallel mode: deterministic, using up to 32 threads.

        Nodes                                         Cuts/
   Node  Left     Objective  IInf  Best Integer    Best Bound    ItCnt     Gap

   6713  5400    infeasible             36.6398       29.3170   539610   19.99%
Elapsed time = 296.86 sec. (45154.13 ticks, tree = 231.47 MB, solutions = 1)
   6725  5401       35.2289    40       36.6398       29.3170   539648   19.99%
   6761  5415       35.3933    30       36.6398       29.3170   540230   19.99%
   6790  5412       34.8097    28       36.6398       29.3170   539642   19.99%
   6817  5431       34.8097    30       36.6398       29.3170   540530   19.99%
   6834  5402       35.8950    89       36.6398       29.3170   539817   19.99%
   6864  5420       34.2549    52       36.6398       29.3170   540404   19.99%
   6898  5449       35.2289    53       36.6398       29.3170   542664   19.99%
   6929  5402       35.6854    88       36.6398       29.3170   539791   19.99%
   6964  5444       36.5014    20       36.6398       29.3170   542792   19.99%
   7198  5465       35.8421    34       36.6398       29.3170   543240   19.99%
Elapsed time = 317.62 sec. (48353.23 ticks, tree = 203.93 MB, solutions = 1)
   7414  5521       35.9450    24       36.6398       29.3170   546240   19.99%
   7677  5456       35.6793    69       36.6398       29.3170   543793   19.99%
   7962  5851       34.6549    47       36.6398       29.3170   555151   19.99%
   8264  5513       36.1824    28       36.6398       29.3170   543939   19.99%
   8534  6075       33.9437    55       36.6398       29.3170   563111   19.99%
   8883  6898       36.0933    26       36.6398       29.3170   590776   19.99%
   9211  6650       35.2549    24       36.6398       29.3170   586414   19.99%
   9575  7454       36.3421    43       36.6398       29.3170   602745   19.99%
   9997  7695       35.7549    28       36.6398       29.3170   612004   19.99%
  10373  7717       34.8018   109       36.6398       29.3170   612376   19.99%
Elapsed time = 362.52 sec. (57940.34 ticks, tree = 304.93 MB, solutions = 1)
  10716  8404       34.6549    41       36.6398       29.3170   625292   19.99%
  11190  8813       36.6421    30       36.6398       29.3170   637513   19.99%
  11658  9160       35.9549    30       36.6398       29.3170   643146   19.99%
  12176  9759       36.5933    16       36.6398       29.3170   657144   19.99%
  12625 10199       35.8549    47       36.6398       29.3170   665979   19.99%
  13118 10586       34.4933    51       36.6398       29.3170   672332   19.99%
  13592 11158       36.5363    28       36.6398       29.3170   681409   19.99%
  14103 11642       34.8747    32       36.6398       29.3170   692854   19.99%
  14582 11856       34.6512    47       36.6398       29.3170   695305   19.99%
  15152 12748       35.6933    36       36.6398       29.3170   712713   19.99%
Elapsed time = 414.83 sec. (67492.04 ticks, tree = 468.32 MB, solutions = 1)
  15653 13584       36.3207    44       36.6398       29.3170   726214   19.99%
  16167 13758       35.5307    44       36.6398       29.3170   729870   19.99%
  16600 14214       35.2767    36       36.6398       29.3170   736889   19.99%
  17105 14710       36.2545    46       36.6398       29.3170   743314   19.99%
  17559 15399       36.3620    49       36.6398       29.3170   756618   19.99%
  17996 15346       35.6747    34       36.6398       29.3170   755165   19.99%
  18568 16352       36.5307    32       36.6398       29.3170   779195   19.99%
  19141 16323       36.1549    44       36.6398       29.3170   778859   19.99%
  19613 16578       36.6979    40       36.6398       29.3170   783902   19.99%
  20123 17549       36.0747    40       36.6398       29.3170   803104   19.99%
Elapsed time = 464.54 sec. (77047.89 ticks, tree = 634.66 MB, solutions = 1)
  20641 18030       36.5933    27       36.6398       29.3170   812620   19.99%
  21147 18098       36.4255    39       36.6398       29.3170   816447   19.99%
  21720 18957       36.5466    39       36.6398       29.3170   834777   19.99%
  22279 19562       36.2933    19       36.6398       29.3170   849877   19.99%
  22843 20141       36.3414    50       36.6398       29.3170   859295   19.99%
  23322 20202       35.5945    32       36.6398       29.3170   860946   19.99%
  23860 21181       36.0933    62       36.6398       29.3170   880913   19.99%
  24453 21292       36.2675    41       36.6398       29.3170   883998   19.99%
  25040 21685       36.5822    43       36.6398       29.3170   892343   19.99%
  25636 22604       35.8295    54       36.6398       29.3170   913232   19.99%
Elapsed time = 516.64 sec. (86610.23 ticks, tree = 818.95 MB, solutions = 1)
  26246 22855       35.1727    38       36.6398       29.3170   920048   19.99%
  26855 24389       35.9611    36       36.6398       29.3170   945510   19.99%
  27454 24938       36.4611    20       36.6398       29.3170   957537   19.99%
  28027 24443       36.6727    42       36.6398       29.3170   947893   19.99%
  28627 25628       35.1727    32       36.6398       29.3170   970267   19.99%
  29196 25692       36.5354    24       36.6398       29.3170   971883   19.99%
  29781 26457       36.3289    39       36.6398       29.3170   987895   19.99%
  30351 27178       35.9549    20       36.6398       29.3170  1004851   19.99%
  30908 28030       35.7549    24       36.6398       29.3170  1024664   19.99%
  31519 28095       36.7549    28       36.6398       29.3170  1025216   19.99%
Elapsed time = 569.09 sec. (96157.49 ticks, tree = 1019.97 MB, solutions = 1)
  32135 29148       36.5186    73       36.6398       29.3170  1065861   19.99%
  32743 29233       36.2549    31       36.6398       29.3170  1068364   19.99%
  33271 30130       36.0549    25       36.6398       29.3170  1089481   19.99%
  33803 30824       36.1549    31       36.6398       29.3170  1111470   19.99%
  34365 31607    infeasible             36.6398       29.3170  1134659   19.99%
  35015 31478       36.3645    52       36.6398       29.3170  1131659   19.99%
  35628 31755       36.4608    42       36.6398       29.3170  1138010   19.99%
  36151 32452       36.4354    46       36.6398       29.3170  1157418   19.99%
  36489 33152       36.2097    42       36.6398       29.3170  1174322   19.99%
  36914 34374       36.3608    24       36.6398       29.3170  1206661   19.99%
Elapsed time = 621.08 sec. (105713.74 ticks, tree = 1217.18 MB, solutions = 1)
  37567 34157       36.4549    32       36.6398       29.3170  1198668   19.99%
  38233 34506       36.2608    59       36.6398       29.3170  1212730   19.99%
  38889 35198       36.2097    23       36.6398       29.3170  1230039   19.99%
* 39450 36028      integral     0       36.4549       29.3170  1250696   19.58%
* 39537+36028                           36.2549       29.3170            19.14%
  39537 36029       36.4549     0       36.2549       29.3170  1250696   19.14%
  40185 35855       36.0097    46       36.2549       29.3170  1248428   19.14%
* 40256+37087                           35.3933       29.3170            17.17%
  40801 37303       33.6354    42       35.3933       29.3170  1280352   17.17%
  41398 37821       36.6955    37       35.3933       29.3170  1298303   17.17%
  42121 37990       36.1549    25       35.3933       29.3170  1302055   17.17%
  42835 38900       35.2307    16       35.3933       29.3170  1333855   17.17%
  43549 39767       35.0354    30       35.3933       29.3170  1351139   17.17%
Elapsed time = 673.96 sec. (115270.76 ticks, tree = 1417.43 MB, solutions = 1)
  44300 41043       34.2354    40       35.3933       29.3170  1381194   17.17%
  44997 41360       35.4233    59       35.3933       29.3170  1387002   17.17%
  45725 41850       34.2354    34       35.3933       29.3170  1399437   17.17%
  46385 42072       33.6354    24       35.3933       29.3170  1403803   17.17%
  47130 43075       35.1307    54       35.3933       29.3170  1429099   17.17%
  47834 44238       34.7549    44       35.3933       29.3170  1452671   17.17%
  48563 43705       34.6354    35       35.3933       29.3170  1439339   17.17%
  49289 45523       35.0354    44       35.3933       29.3170  1482541   17.17%
  49976 45103       35.0354    46       35.3933       29.3170  1473201   17.17%
  50688 46339       34.7354    50       35.3933       29.3170  1503145   17.17%
Elapsed time = 724.61 sec. (124823.50 ticks, tree = 1654.51 MB, solutions = 1)
  51335 47381       35.1354    29       35.3933       29.3170  1526249   17.17%
  52035 47055       35.0933    33       35.3933       29.3170  1518110   17.17%
  52760 47417       35.2354    28       35.3933       29.3170  1528171   17.17%
  53491 49205       35.0354    42       35.3933       29.3170  1572634   17.17%
  54186 49419       35.4933    33       35.3933       29.3170  1580456   17.17%
  54915 51116       34.5354    30       35.3933       29.3170  1620024   17.17%
  55662 50667       35.1679    48       35.3933       29.3170  1613349   17.17%
  56308 52289       35.2627    34       35.3933       29.3170  1644196   17.17%
  57009 52069       34.8354    38       35.3933       29.3170  1641515   17.17%
* 57840+53892                           34.4354       29.3170            14.86%
  59730 54577       34.9354    33       34.4354       29.3170  1710648   14.86%
Elapsed time = 790.39 sec. (137236.56 ticks, tree = 1964.67 MB, solutions = 1)
* 61694+57519                           34.2354       29.3170            14.37%
  62333 57826       33.6354    50       34.2354       29.3513  1812327   14.27%
* 62580+57313                           34.0354       29.3513            13.76%
  65192 60577       33.8354    33       34.0354       29.3513  1911299   13.76%
  68076 62724       33.6354    17       34.0354       29.3513  1975720   13.76%
  71151 66254       33.6354    42       34.0354       29.3513  2059518   13.76%
  74153 69081       34.0354    60       34.0354       29.3513  2123445   13.76%
  77078 70991       33.5863    58       34.0354       29.3513  2162207   13.76%
  79987 73631       33.7354    39       34.0354       29.3513  2219995   13.76%
  82954 78001       34.0354    26       34.0354       29.3513  2334659   13.76%
  85835 79214       34.0354    42       34.0354       29.3513  2365841   13.76%
  88908 83366       33.9354    96       34.0354       29.3513  2466111   13.76%
Elapsed time = 973.26 sec. (175394.83 ticks, tree = 2927.08 MB, solutions = 1)
Nodefile size = 879.44 MB (286.25 MB after compression)
  91978 85965       33.5354    42       34.0354       29.3513  2513208   13.76%
  94891 88425       34.2354    46       34.0354       29.3513  2557676   13.76%
  97873 92219       34.0354    45       34.0354       29.3513  2636413   13.76%
 100815 94292       33.9354    60       34.0354       29.3513  2678229   13.76%
 103686 97353       33.9354    56       34.0354       29.3513  2746445   13.76%
 106669 100229       33.8354    47       34.0354       29.3513  2808802   13.76%
 109610 102289       33.9354    42       34.0354       29.3513  2854653   13.76%
 112428 106218       34.0354    40       34.0354       29.3513  2951386   13.76%
 115225 107728       34.0354    54       34.0354       29.3513  2993651   13.76%
 118067 111616       33.8354    33       34.0354       29.3513  3107404   13.76%
Elapsed time = 1146.50 sec. (213557.61 ticks, tree = 3908.82 MB, solutions = 1)
Nodefile size = 1861.69 MB (604.91 MB after compression)
 120919 114486       34.1026    60       34.0354       29.3513  3190767   13.76%
 123692 115742       33.9354    42       34.0354       29.3513  3226388   13.76%
 126484 119344       33.6354    52       34.0354       29.3513  3330471   13.76%
 129223 120746       34.4139    54       34.0354       29.3513  3372551   13.76%
 132100 124210       33.6354    40       34.0354       29.3513  3475203   13.76%
 134895 126348       33.5354    60       34.0354       29.3513  3543430   13.76%
 137735 130796       34.0354    52       34.0354       29.3513  3676317   13.76%
 140464 132808       34.3393   105       34.0354       29.3513  3740778   13.76%
 143260 134620       34.1354    43       34.0354       29.3513  3795960   13.76%
 146097 137354       33.9354    45       34.0354       29.3513  3875892   13.76%
Elapsed time = 1345.24 sec. (251713.34 ticks, tree = 4831.11 MB, solutions = 1)
Nodefile size = 2783.45 MB (902.18 MB after compression)
 148930 138626       34.2798    78       34.0354       29.3513  3914515   13.76%
 151753 142758       33.8368    37       34.0354       29.3513  4036925   13.76%
 154666 146871       33.8354    33       34.0354       29.3513  4139732   13.76%
 157572 147884       34.2354    50       34.0354       29.3513  4157972   13.76%
 160540 151238       33.8354    36       34.0354       29.3513  4234042   13.76%
 163502 152346       34.2354    46       34.0354       29.3513  4262555   13.76%
 166459 156188       34.0394    32       34.0354       29.3513  4347486   13.76%
 169517 158456       33.7354    27       34.0354       29.3513  4385964   13.76%
 172600 162774       34.1354    36       34.0354       29.3513  4467744   13.76%
 175331 165968       33.9354    45       34.0354       29.3513  4525060   13.76%
Elapsed time = 1549.90 sec. (289874.23 ticks, tree = 5784.09 MB, solutions = 1)
Nodefile size = 3717.10 MB (1202.53 MB after compression)
 177069 166556       34.2354    33       34.0354       29.3513  4533452   13.76%
 178211 167550       33.9354    54       34.0354       29.3513  4554673   13.76%
 179231 169216       33.6354    41       34.0354       29.3513  4591854   13.76%
 180089 169713       34.0354    56       34.0354       29.3513  4607516   13.76%
 180841 170464       34.3543    58       34.0354       29.3513  4625933   13.76%
 181383 170733       34.1354    35       34.0354       29.3513  4635008   13.76%
 181875 171417       33.9354    48       34.0354       29.3513  4652217   13.76%
 182388 172162       33.4354    49       34.0354       29.3513  4672546   13.76%
 182913 172389       34.0354    38       34.0354       29.3513  4678204   13.76%
 183407 173064       33.2354    60       34.0354       29.3513  4704082   13.76%
Elapsed time = 2476.79 sec. (328046.63 ticks, tree = 6027.60 MB, solutions = 1)
Nodefile size = 3980.11 MB (1286.98 MB after compression)
 183885 173343       33.7354    27       34.0354       29.3513  4712042   13.76%
 184349 173616       34.0354    26       34.0354       29.3513  4721255   13.76%
 184846 174185       33.9354    33       34.0354       29.3513  4739776   13.76%
 185316 174701       34.0354    31       34.0354       29.3513  4757053   13.76%
 185769 174914       33.6354    49       34.0354       29.3513  4759338   13.76%
 186205 175573       33.8354    42       34.0354       29.3513  4777453   13.76%
 186613 175948       33.2354    59       34.0354       29.3513  4787060   13.76%
 186983 176412       33.7354    44       34.0354       29.3513  4796354   13.76%
 187421 176637       33.6354    46       34.0354       29.3513  4801043   13.76%
 187809 177127       35.4908    98       34.0354       29.3513  4812615   13.76%
Elapsed time = 3752.75 sec. (366306.76 ticks, tree = 6168.41 MB, solutions = 1)
Nodefile size = 4027.56 MB (1302.08 MB after compression)
 188146 177332       33.2354    35       34.0354       29.3513  4815340   13.76%
 188502 177701       33.8354    33       34.0354       29.3513  4824801   13.76%
 188868 178119       33.6354    38       34.0354       29.3513  4835053   13.76%
 189230 178630       33.8354    51       34.0354       29.3513  4850919   13.76%
 189592 178909       33.8354    22       34.0354       29.3513  4856203   13.76%
 189944 179167       33.9354    25       34.0354       29.3513  4863880   13.76%
 190302 179382       37.0556    47       34.0354       29.3513  4867448   13.76%
 190634 179797       34.0354    44       34.0354       29.3513  4877889   13.76%
 190976 180080       34.0354    60       34.0354       29.3513  4885050   13.76%
 191288 180412       34.0354    41       34.0354       29.3513  4896225   13.76%
Elapsed time = 5066.40 sec. (404581.98 ticks, tree = 6295.74 MB, solutions = 1)
Nodefile size = 4248.09 MB (1372.31 MB after compression)
 191581 180710       34.0354    35       34.0354       29.3513  4900770   13.76%
 191895 181114       33.9354    36       34.0354       29.3513  4914131   13.76%
 192219 181324       33.9354    39       34.0354       29.3513  4915938   13.76%
 192545 181700       34.0354    37       34.0354       29.3513  4930997   13.76%
 192879 181897       33.8354    43       34.0354       29.3513  4932710   13.76%
 193184 182352       34.1685    50       34.0354       29.3513  4940719   13.76%
 193446 182632       33.4354    45       34.0354       29.3513  4945174   13.76%
 193733 182794       33.8354    45       34.0354       29.3513  4950208   13.76%
 193999 183051       33.8354    47       34.0354       29.3513  4954085   13.76%
 194300 183272       33.9354    42       34.0354       29.3513  4960038   13.76%
Elapsed time = 6360.48 sec. (442866.17 ticks, tree = 6395.95 MB, solutions = 1)
Nodefile size = 4337.08 MB (1400.64 MB after compression)
 194588 183705       34.0354    30       34.0354       29.3513  4968206   13.76%
 194883 184040       32.8901    60       34.0354       29.3513  4976860   13.76%
 195156 184208       32.9354    59       34.0354       29.3513  4981911   13.76%
 195408 184356       33.7354    25       34.0354       29.3513  4984106   13.76%
 195684 184620       33.7354    37       34.0354       29.3513  4990853   13.76%
 195946 185031       33.9354    52       34.0354       29.3513  4998604   13.76%
 196221 185275       34.2007    75       34.0354       29.3513  5004100   13.76%
 196502 185529       33.5354    39       34.0354       29.3513  5009032   13.76%
 196769 185702       34.3858    48       34.0354       29.3513  5012617   13.76%
 197007 186128       33.7354    39       34.0354       29.3513  5020420   13.76%
Elapsed time = 7897.48 sec. (481093.14 ticks, tree = 6489.31 MB, solutions = 1)
Nodefile size = 4386.46 MB (1416.33 MB after compression)
 197279 186293       34.0354    37       34.0354       29.3513  5025002   13.76%
 197555 186459       33.6354    36       34.0354       29.3513  5029841   13.76%
 197796 186913       33.8354    40       34.0354       29.3513  5036280   13.76%
 198065 187012       33.9354    60       34.0354       29.3513  5038095   13.76%
 198313 187307       33.7354    58       34.0354       29.3513  5046389   13.76%
 198532 187554       33.6354    38       34.0354       29.3513  5050587   13.76%
 198774 187822       33.5354    36       34.0354       29.3513  5056134   13.76%
 199025 188028       33.1354    39       34.0354       29.3513  5062346   13.76%
 199252 188116       33.5354    40       34.0354       29.3513  5063330   13.76%
 199485 188527       34.1354    33       34.0354       29.3513  5068718   13.76%
Elapsed time = 9427.32 sec. (519348.59 ticks, tree = 6576.27 MB, solutions = 1)
Nodefile size = 4524.92 MB (1460.43 MB after compression)
 199701 188761       33.6354    43       34.0354       29.3513  5074636   13.76%
 199943 188985       33.9354    62       34.0354       29.3513  5081835   13.76%
 200194 189131       34.9880    72       34.0354       29.3513  5087305   13.76%
 200434 189333       33.8354    56       34.0354       29.3513  5088928   13.76%
 200679 189671       33.7354    39       34.0354       29.3513  5095586   13.76%
 200877 189752       32.8354    51       34.0354       29.3513  5097362   13.76%
 201084 189973       33.7354    49       34.0354       29.3513  5105007   13.76%
 201314 190242       33.7354    48       34.0354       29.3513  5108584   13.76%
 201545 190513       33.5354    39       34.0354       29.3513  5118176   13.76%
 201757 190720       33.2354    37       34.0354       29.3513  5125127   13.76%
Elapsed time = 10441.51 sec. (557578.46 ticks, tree = 6652.95 MB, solutions = 1)
Nodefile size = 4579.20 MB (1477.63 MB after compression)
 201991 190916       34.0354    37       34.0354       29.3513  5128393   13.76%
 202232 191073       34.2354    26       34.0354       29.3513  5130566   13.76%
 202484 191314       37.8556    34       34.0354       29.3513  5134140   13.76%
 202731 191648       33.7354    30       34.0354       29.3513  5139556   13.76%
 202955 191821       33.0354    65       34.0354       29.3513  5143514   13.76%
 203181 191996       33.3354    38       34.0354       29.3513  5145599   13.76%
 203416 192242       34.0354    41       34.0354       29.3513  5148770   13.76%
 203650 192565       33.7354    38       34.0354       29.3513  5154692   13.76%
 203873 192749       34.1354    37       34.0354       29.3513  5157633   13.76%
 204101 192981       34.0354    45       34.0354       29.3513  5160639   13.76%
Elapsed time = 11685.33 sec. (595884.84 ticks, tree = 6730.97 MB, solutions = 1)
Nodefile size = 4646.38 MB (1499.00 MB after compression)
 204325 193218       32.7354    42       34.0354       29.3513  5165257   13.76%
 204556 193381       33.9354    28       34.0354       29.3513  5167910   13.76%
 204759 193636       33.5354    48       34.0354       29.3513  5173742   13.76%
 204994 193879       34.1354    33       34.0354       29.3513  5178371   13.76%
 205219 194024       34.2512    59       34.0354       29.3513  5183171   13.76%
 205425 194286       33.9354    43       34.0354       29.3513  5186467   13.76%
 205660 194471       33.0354    35       34.0354       29.3513  5189463   13.76%
 205875 194685       33.2354    42       34.0354       29.3513  5193873   13.76%
 206125 194949       33.3354    39       34.0354       29.3513  5195956   13.76%
 206363 195113       33.6354    39       34.0354       29.3513  5199029   13.76%
Elapsed time = 12962.67 sec. (634189.81 ticks, tree = 6811.25 MB, solutions = 1)
Nodefile size = 4745.28 MB (1530.49 MB after compression)
 206574 195462       33.9354    35       34.0354       29.3513  5202858   13.76%
 206792 195634       33.6354    31       34.0354       29.3513  5205882   13.76%
 207017 195868       32.5621    61       34.0354       29.3513  5209702   13.76%
 207207 196117       33.6354    29       34.0354       29.3513  5212871   13.76%
 207443 196296       33.8354    44       34.0354       29.3513  5216616   13.76%
 207647 196438       38.3542    80       34.0354       29.3513  5220914   13.76%
 207862 196619       34.0354    32       34.0354       29.3513  5224040   13.76%
 208078 196852       33.8354    39       34.0354       29.3513  5226251   13.76%
 208281 197061       33.0354    40       34.0354       29.3513  5233656   13.76%
 208491 197328       33.9354    45       34.0354       29.3513  5236767   13.76%
Elapsed time = 14224.22 sec. (672422.12 ticks, tree = 6886.19 MB, solutions = 1)
Nodefile size = 4839.16 MB (1560.34 MB after compression)
 208714 197489       34.1354    55       34.0354       29.3513  5239420   13.76%
 208923 197718       34.0354    27       34.0354       29.3513  5243087   13.76%
 209136 197933       34.0354    33       34.0354       29.3513  5248827   13.76%
 209345 198192       33.8354    31       34.0354       29.3513  5251283   13.76%
 209552 198326       34.2354    33       34.0354       29.3513  5256309   13.76%
 209744 198575       33.7354    52       34.0354       29.3513  5259325   13.76%
 209937 198726       33.0354    40       34.0354       29.3513  5262539   13.76%
 210151 198944       32.6354    37       34.0354       29.3513  5265511   13.76%
 210374 199109       33.6354    40       34.0354       29.3513  5269943   13.76%
 210600 199279       34.0354    35       34.0354       29.3513  5273247   13.76%
Elapsed time = 15491.43 sec. (710647.70 ticks, tree = 6957.30 MB, solutions = 1)
Nodefile size = 4889.56 MB (1576.37 MB after compression)
 210808 199525       33.8354    34       34.0354       29.3513  5275345   13.76%
 211023 199767       33.0354    27       34.0354       29.3513  5280347   13.76%
 211228 199914       33.0354    52       34.0354       29.3513  5284204   13.76%
 211449 200176       33.7354    44       34.0354       29.3513  5287046   13.76%
 211657 200346       33.9354    39       34.0354       29.3513  5289137   13.76%
 211870 200554       33.8354    52       34.0354       29.3513  5293398   13.76%
 212070 200812       33.4354    39       34.0354       29.3513  5296874   13.76%
 212274 200965       34.3368    36       34.0354       29.3513  5299393   13.76%
 212488 201204       34.8950    58       34.0354       29.3513  5304202   13.76%
 212695 201420       33.6354    33       34.0354       29.3513  5308305   13.76%
Elapsed time = 16685.42 sec. (748955.23 ticks, tree = 7029.32 MB, solutions = 1)
Nodefile size = 4935.03 MB (1590.85 MB after compression)
 212898 201513       33.8354    49       34.0354       29.3513  5309794   13.76%
 213094 201818       34.0354    41       34.0354       29.3513  5317126   13.76%
 213292 201898       33.7354    64       34.0354       29.3513  5319955   13.76%
 213502 202140       34.0354    46       34.0354       29.3513  5321547   13.76%
 213727 202427       33.6354    43       34.0354       29.3513  5328851   13.76%
 213936 202530       33.6354    37       34.0354       29.3513  5330708   13.76%
 214150 202841       33.6354    49       34.0354       29.3513  5336025   13.76%
 214347 202935       33.5354    39       34.0354       29.3513  5337435   13.76%
 214557 203258       33.2354    42       34.0354       29.3513  5342386   13.76%
 214754 203355       33.8354    41       34.0354       29.3513  5343696   13.76%
Elapsed time = 17692.85 sec. (787193.83 ticks, tree = 7104.22 MB, solutions = 1)
Nodefile size = 5049.62 MB (1627.27 MB after compression)
 214963 203565       34.8309    46       34.0354       29.3513  5349403   13.76%
 215179 203876       33.8354    35       34.0354       29.3513  5353284   13.76%
 215410 204040       33.7354    31       34.0354       29.3513  5356931   13.76%
 215617 204195       33.3354    29       34.0354       29.3513  5361775   13.76%
 215812 204370       33.9354    49       34.0354       29.3513  5362226   13.76%
 216045 204634       33.7354    31       34.0354       29.3513  5366865   13.76%
 216266 204918       35.8637    49       34.0354       29.3513  5375900   13.76%
 216481 205015       33.9354    28       34.0354       29.3513  5377126   13.76%
 216700 205359       33.9354    43       34.0354       29.3513  5380432   13.76%
 216921 205521       33.9354    39       34.0354       29.3513  5382692   13.76%
Elapsed time = 18717.21 sec. (825463.10 ticks, tree = 7174.68 MB, solutions = 1)
Nodefile size = 5118.78 MB (1649.27 MB after compression)
 217133 205759       34.0354    27       34.0354       29.3513  5387427   13.76%
 217354 205861       34.0354    45       34.0354       29.3513  5389147   13.76%
 217567 206113       33.5354    35       34.0354       29.3513  5391889   13.76%
 217795 206301       33.9354    53       34.0354       29.3513  5393605   13.76%
 217998 206590       34.0354    35       34.0354       29.3513  5399317   13.76%
 218208 206860       33.4354    66       34.0354       29.3513  5401986   13.76%
 218387 207009       33.9354    47       34.0354       29.3513  5404914   13.76%
 218610 207243       33.5354    35       34.0354       29.3513  5408461   13.76%
 218799 207399       33.8354    34       34.0354       29.3513  5411349   13.76%
 218989 207628       34.0354    24       34.0354       29.3513  5414281   13.76%
Elapsed time = 19711.37 sec. (863753.94 ticks, tree = 7249.35 MB, solutions = 1)
Nodefile size = 5198.91 MB (1674.82 MB after compression)
 219200 207733       33.9354    47       34.0354       29.3513  5415405   13.76%
 219401 207940       33.7354    27       34.0354       29.3513  5419565   13.76%
 219564 208132       33.8354    40       34.0354       29.3513  5423719   13.76%
 219746 208386       33.5354    37       34.0354       29.3513  5427189   13.76%
 219904 208529       33.6354    32       34.0354       29.3513  5428629   13.76%
 220094 208723       33.8354    39       34.0354       29.3513  5432755   13.76%
 220242 208902       34.0354    28       34.0354       29.3513  5436342   13.76%
*220244+208851                           33.8354       29.3513            13.25%
 220373 208966       33.8354    37       33.8354       29.3513  5437720   13.25%
 220612 209408       33.5354    47       33.8354       29.3513  5445312   13.25%
 222910 212887       33.8354    29       33.8354       29.3513  5520975   13.25%
Elapsed time = 20719.70 sec. (902163.53 ticks, tree = 7436.20 MB, solutions = 2)
Nodefile size = 5388.91 MB (1737.03 MB after compression)
 225682 215480       33.8354    30       33.8354       29.3513  5580265   13.25%
 228482 218684       33.8354    47       33.8354       29.3513  5639231   13.25%
 231028 220418       33.8354    48       33.8354       29.3513  5671313   13.25%
 233529 223445       33.5768    63       33.8354       29.3513  5737435   13.25%
 235836 224167       33.5354    50       33.8354       29.3513  5753396   13.25%
 238068 227081       33.6354    44       33.8354       29.3513  5821957   13.25%
 240294 227540       33.9194    33       33.8354       29.3513  5829286   13.25%
 242207 231942       33.9354    37       33.8354       29.3513  5911138   13.25%
 243786 232472       33.8354    25       33.8354       29.3513  5923011   13.25%
 245571 233790       33.5854    45       33.8354       29.3513  5945672   13.25%
Elapsed time = 20884.00 sec. (940326.53 ticks, tree = 8229.41 MB, solutions = 2)
Nodefile size = 6181.67 MB (1989.39 MB after compression)
 247336 236631       33.3354    63       33.8354       29.3513  6009508   13.25%
 249185 237597       34.0354    47       33.8354       29.3513  6030784   13.25%
 250591 239950       33.7354    43       33.8354       29.3513  6073556   13.25%
 251657 240514       33.1354    51       33.8354       29.3513  6086122   13.25%
 252441 240840       33.8354    25       33.8354       29.3513  6091226   13.25%
 253134 241812       34.1354    38       33.8354       29.3513  6107857   13.25%
 253778 242304       34.1172    38       33.8354       29.3513  6115525   13.25%
 254383 242765       33.4026    42       33.8354       29.3513  6125573   13.25%
 254917 243757       33.4354    65       33.8354       29.3513  6144427   13.25%
 255428 244243       33.9354    46       33.8354       29.3513  6153751   13.25%
Elapsed time = 21315.94 sec. (978511.25 ticks, tree = 8525.10 MB, solutions = 2)
Nodefile size = 6416.90 MB (2064.21 MB after compression)
 255911 244494       33.7354    25       33.8354       29.3513  6157212   13.25%
 256312 244888       33.6354    55       33.8354       29.3513  6166764   13.25%
 256710 245438       33.8354    40       33.8354       29.3513  6179579   13.25%
 256849 245017       36.3729    59       33.8354       29.3513  6169258   13.25%
 256855 245112       33.2354    22       33.8354       29.3513  6171946   13.25%

Clique cuts applied:  253
Implied bound cuts applied:  285
Flow cuts applied:  23
Mixed integer rounding cuts applied:  1197
Zero-half cuts applied:  22
Lift and project cuts applied:  5
Gomory fractional cuts applied:  23

Root node processing (before b&c):
  Real time             =    0.07 sec. (40.21 ticks)
Parallel b&c, 32 threads:
  Real time             = 21334.75 sec. (953245.14 ticks)
  Sync time (average)   = 19740.37 sec.
  Wait time (average)   =    0.44 sec.
                          ------------
Total (root+branch&cut) = 21334.81 sec. (953285.35 ticks)

Solution pool: 2 solutions saved.

Populate - Time limit exceeded, integer optimal:  Objective =  3.3835392128e+01
Current MIP best bound =  2.9351285533e+01 (gap = 4.48411, 13.25%)
Solution time = 21624.60 sec.  Iterations = 6233258  Nodes = 256856 (248351)
Deterministic time = 998390.02 ticks  (46.17 ticks/sec)

CPLEX> Solution pool written to file 'results_cplex_1_1.txt'.
CPLEX> 