
Attaching package: ‘dplyr’

The following objects are masked from ‘package:stats’:

    filter, lag

The following objects are masked from ‘package:base’:

    intersect, setdiff, setequal, union

Loading required package: AnnotationDbi
Loading required package: stats4
Loading required package: BiocGenerics
Loading required package: parallel

Attaching package: ‘BiocGenerics’

The following objects are masked from ‘package:parallel’:

    clusterApply, clusterApplyLB, clusterCall, clusterEvalQ,
    clusterExport, clusterMap, parApply, parCapply, parLapply,
    parLapplyLB, parRapply, parSapply, parSapplyLB

The following objects are masked from ‘package:dplyr’:

    combine, intersect, setdiff, union

The following objects are masked from ‘package:stats’:

    IQR, mad, sd, var, xtabs

The following objects are masked from ‘package:base’:

    anyDuplicated, append, as.data.frame, basename, cbind, colnames,
    dirname, do.call, duplicated, eval, evalq, Filter, Find, get, grep,
    grepl, intersect, is.unsorted, lapply, Map, mapply, match, mget,
    order, paste, pmax, pmax.int, pmin, pmin.int, Position, rank,
    rbind, Reduce, rownames, sapply, setdiff, sort, table, tapply,
    union, unique, unsplit, which, which.max, which.min

Loading required package: Biobase
Welcome to Bioconductor

    Vignettes contain introductory material; view with
    'browseVignettes()'. To cite Bioconductor, see
    'citation("Biobase")', and for packages 'citation("pkgname")'.

Loading required package: IRanges
Loading required package: S4Vectors

Attaching package: ‘S4Vectors’

The following objects are masked from ‘package:dplyr’:

    first, rename

The following object is masked from ‘package:base’:

    expand.grid


Attaching package: ‘IRanges’

The following objects are masked from ‘package:dplyr’:

    collapse, desc, slice


Attaching package: ‘AnnotationDbi’

The following object is masked from ‘package:dplyr’:

    select



Attaching package: ‘igraph’

The following object is masked from ‘package:IRanges’:

    union

The following object is masked from ‘package:S4Vectors’:

    union

The following objects are masked from ‘package:BiocGenerics’:

    normalize, path, union

The following objects are masked from ‘package:dplyr’:

    as_data_frame, groups, union

The following objects are masked from ‘package:stats’:

    decompose, spectrum

The following object is masked from ‘package:base’:

    union

Parsed with column specification:
cols(
  .default = col_double()
)
See spec(...) for full column specifications.
Parsed with column specification:
cols(
  .default = col_double()
)
See spec(...) for full column specifications.
Parsed with column specification:
cols(
  ID = col_character(),
  logFC = col_double(),
  AveExpr = col_double(),
  t = col_double(),
  P.Value = col_double(),
  adj.P.Val = col_double(),
  B = col_double()
)
Parsed with column specification:
cols(
  source = col_character(),
  interaction = col_double(),
  target = col_character()
)
Writing constraints...
Solving LP problem...
Saving results...
 
--- End of the CARNIVAL pipeline ---
 
Writing constraints...
Solving LP problem...
Saving results...
 
--- End of the CARNIVAL pipeline ---
 
Parsed with column specification:
cols(
  source = col_character(),
  interaction = col_double(),
  target = col_character()
)
Writing constraints...
Solving LP problem...
Saving results...
 
--- End of the CARNIVAL pipeline ---
 
