14
[1] 39
[1] 116

Welcome to IBM(R) ILOG(R) CPLEX(R) Interactive Optimizer 12.7.1.0
  with Simplex, Mixed Integer & Barrier Optimizers
5725-A06 5725-A29 5724-Y48 5724-Y49 5724-Y54 5724-Y55 5655-Y21
Copyright IBM Corp. 1988, 2017.  All Rights Reserved.

Type 'help' for a list of available commands.
Type 'help' followed by a command name for more
information on commands.

CPLEX> Warning, line 524913: Name 'dist_X51341' does not exist.
Warning, line 524952: Name 'dist_X57491' does not exist.
Warning, line 525065: Name 'dist_X10168' does not exist.
Warning, line 525139: Name 'dist_X1052' does not exist.
Warning, line 525166: Name 'dist_X4792' does not exist.
Warning, line 527063: Name 'dist_X4137' does not exist.
Warning, line 527104: Name 'dist_X7975' does not exist.
Warning, line 527151: Name 'dist_X9839' does not exist.
Warning, line 527183: Name 'dist_X7024' does not exist.
Warning, line 527209: Name 'dist_X10320' does not exist.
Warning, line 527210: Name 'dist_X4150' does not exist.
Warning, line 527248: Name 'dist_X7343' does not exist.
Warning, line 527283: Name 'dist_X7003' does not exist.
Warning, line 527344: Name 'dist_X4211' does not exist.
Warning, line 527368: Name 'dist_X11016' does not exist.
Warning, line 527389: Name 'dist_X11244' does not exist.
Warning, line 527402: Name 'dist_X51621' does not exist.
Warning, line 527459: Name 'dist_X81628' does not exist.
Warning, line 527514: Name 'dist_X4212' does not exist.
Warning, line 527799: Name 'dist_X5452' does not exist.
30 name warnings not printed.
Problem 'testFile_1_1.lp' read.
Read time = 0.50 sec. (41.78 ticks)
CPLEX> New value for mixed integer optimality gap tolerance: 0.2
CPLEX> New value for relative objective gap: 0.0001
CPLEX> New value for solution pool replacement strategy: 2
CPLEX> New value for solutions limit for each populate call: 500
CPLEX> New value for capacity of solution pool: 100
CPLEX> New value for intensity for populating the MIP solution pool: 4
CPLEX> New value for time limit in seconds: 3600
CPLEX> New value for default parallel thread count: 0
CPLEX> CPXPARAM_TimeLimit                               3600
CPXPARAM_Read_APIEncoding                        "UTF-8"
CPXPARAM_MIP_Tolerances_MIPGap                   0.20000000000000001
CPXPARAM_MIP_Pool_Capacity                       100
CPXPARAM_MIP_Pool_Replace                        2
CPXPARAM_MIP_Pool_RelGap                         0.0001
CPXPARAM_MIP_Pool_Intensity                      4
CPXPARAM_MIP_Limits_Populate                     500

Populate: phase I 
Tried aggregator 2 times.
MIP Presolve eliminated 165578 rows and 20095 columns.
MIP Presolve modified 57941 coefficients.
Aggregator did 9743 substitutions.
Reduced MIP has 197369 rows, 125629 columns, and 575765 nonzeros.
Reduced MIP has 110639 binaries, 2583 generals, 0 SOSs, and 0 indicators.
Presolve time = 0.98 sec. (821.40 ticks)
Found incumbent of value 95.236992 after 2.21 sec. (1586.23 ticks)
Probing fixed 3024 vars, tightened 155 bounds.
Probing changed sense of 23 constraints.
Probing time = 2.67 sec. (528.10 ticks)
Tried aggregator 3 times.
MIP Presolve eliminated 18930 rows and 26165 columns.
MIP Presolve modified 15 coefficients.
Aggregator did 923 substitutions.
Reduced MIP has 177516 rows, 98541 columns, and 522195 nonzeros.
Reduced MIP has 83685 binaries, 2449 generals, 0 SOSs, and 0 indicators.
Presolve time = 2.60 sec. (1980.00 ticks)
Probing fixed 247 vars, tightened 21 bounds.
Probing changed sense of 19 constraints.
Probing time = 1.52 sec. (239.73 ticks)
Tried aggregator 3 times.
MIP Presolve eliminated 24239 rows and 23964 columns.
MIP Presolve modified 25 coefficients.
Aggregator did 1510 substitutions.
Reduced MIP has 151767 rows, 73067 columns, and 456090 nonzeros.
Reduced MIP has 58596 binaries, 2064 generals, 0 SOSs, and 0 indicators.
Presolve time = 1.21 sec. (907.40 ticks)
Probing fixed 70 vars, tightened 4 bounds.
Probing changed sense of 13 constraints.
Probing time = 0.99 sec. (142.44 ticks)
Tried aggregator 3 times.
MIP Presolve eliminated 22257 rows and 16631 columns.
MIP Presolve modified 129 coefficients.
Aggregator did 2079 substitutions.
Reduced MIP has 127431 rows, 54357 columns, and 394188 nonzeros.
Reduced MIP has 41122 binaries, 828 generals, 0 SOSs, and 0 indicators.
Presolve time = 0.90 sec. (738.50 ticks)
Probing fixed 44 vars, tightened 3 bounds.
Probing time = 0.73 sec. (99.56 ticks)
Clique table members: 251426.
MIP emphasis: balance optimality and feasibility.
MIP search method: dynamic search.
Parallel mode: deterministic, using up to 32 threads.
Root relaxation solution time = 0.40 sec. (342.64 ticks)

        Nodes                                         Cuts/
   Node  Left     Objective  IInf  Best Integer    Best Bound    ItCnt     Gap

*     0+    0                           95.2370        4.7386            95.02%
*     0+    0                           90.6370        4.7386            94.77%
      0     0       14.0720    99       90.6370       14.0720      526   84.47%
      0     0       15.6386   137       90.6370     Cuts: 694      811   82.75%
      0     0       17.1386   125       90.6370     Cuts: 938     1004   81.09%
      0     0       18.3786   127       90.6370     Cuts: 793     1377   79.72%
*     0+    0                           85.0571       18.3786            78.39%
      0     0       19.1489   153       85.0571    Cuts: 2301     1894   77.49%
      0     0       19.5053   174       85.0571     Cuts: 631     2109   77.07%
      0     0       19.8386   176       85.0571     Cuts: 936     2365   76.68%
      0     0       20.1886   162       85.0571     Cuts: 374     2539   76.26%
      0     0       20.2386   165       85.0571     Cuts: 665     2711   76.21%
      0     0       20.4386   177       85.0571     Cuts: 632     3130   75.97%
      0     0       20.5406   153       85.0571     Cuts: 551     3387   75.85%
      0     0       20.7406   151       85.0571     Cuts: 382     3491   75.62%
      0     0       20.7406   138       85.0571     Cuts: 124     3538   75.62%
      0     0       20.7406   136       85.0571     Cuts: 125     3565   75.62%
      0     0       20.7406   135       85.0571     Cuts: 282     3692   75.62%
*     0+    0                           55.0321       20.7406            62.31%
      0     2       20.7406   135       55.0321       20.7406     3692   62.31%
Elapsed time = 24.05 sec. (14471.66 ticks, tree = 0.01 MB, solutions = 1)
      8     5       20.7406   110       55.0321       20.7406     3707   62.31%
     44    37       20.7406    89       55.0321       20.7406     4584   62.31%
     76    69       21.0386    89       55.0321       20.7406     6477   62.31%
*   100+   13                           52.9241       20.7406            60.81%
    112    14       20.7406   119       52.9241       20.7406     3895   60.81%
    178   139       20.9386    67       52.9241       20.7406     8731   60.81%
    273   235       21.1386    50       52.9241       20.7406    12644   60.81%
    374   319       21.8053    66       52.9241       20.7406    14618   60.81%
    398   336       20.8220   133       52.9241       20.7406    15054   60.81%
    483   399       21.1386    44       52.9241       20.7406    16523   60.81%
    868   736       21.0386    91       52.9241       20.7406    25883   60.81%
Elapsed time = 32.03 sec. (17613.65 ticks, tree = 56.68 MB, solutions = 4)
   1204  1061       21.5386    36       52.9241       20.7406    32046   60.81%
   1573  1410       21.5386    36       52.9241       20.7406    40578   60.81%
   1995  1556       21.7386    24       52.9241       20.7406    43759   60.81%
   2450  1876       22.3386    44       52.9241       20.7406    50426   60.81%
   2909  2479       22.2386    48       52.9241       20.7406    62292   60.81%
   3415  2737       22.4386    42       52.9241       20.7406    67117   60.81%
   3989  3167       25.9304    22       52.9241       20.7406    74307   60.81%
   4512  3569       22.6386    42       52.9241       20.7406    81811   60.81%
   5061  3919       23.2053    30       52.9241       20.7406    87370   60.81%
*  5407+ 4406                           35.6646       20.7406            41.85%
*  5520+ 4503                           31.8561       20.7406            34.89%
   5530  4294       24.9386    22       31.8561       20.7406    94597   34.89%
Elapsed time = 55.86 sec. (27171.28 ticks, tree = 766.43 MB, solutions = 1)
*  5538+ 4515                           30.4561       20.7406            31.90%
*  5544+ 4502                           28.7993       20.7406            27.98%
   5940  4703       24.5386    28       28.7993       20.7406   104633   27.98%
*  5995+ 3433                           23.9800       21.3386            11.02%

Clique cuts applied:  965
Cover cuts applied:  3
Implied bound cuts applied:  123
Flow cuts applied:  10
Mixed integer rounding cuts applied:  5450
Zero-half cuts applied:  55
Lift and project cuts applied:  45
Gomory fractional cuts applied:  132

Root node processing (before b&c):
  Real time             =   23.01 sec. (14330.69 ticks)
Parallel b&c, 32 threads:
  Real time             =   51.92 sec. (25613.73 ticks)
  Sync time (average)   =   11.94 sec.
  Wait time (average)   =    0.42 sec.
                          ------------
Total (root+branch&cut) =   74.93 sec. (39944.42 ticks)

Populate: phase II 

        Nodes                                         Cuts/
   Node  Left     Objective  IInf  Best Integer    Best Bound    ItCnt     Gap

*  5995+ 2288                           23.7800       21.3386            10.27%
   5995  2289       21.3386   133       23.7800       21.3386   122477   10.27%
Elapsed time = 81.56 sec. (42584.10 ticks, tree = 433.11 MB, solutions = 1)
   5996  2290       21.3386   131       23.7800       21.3386   122478   10.27%
   6001  2292       21.3386   122       23.7800       21.3386   122493   10.27%
   6003  2293       21.3386   119       23.7800       21.3386   122520   10.27%
   6005  2295       21.3386   104       23.7800       21.3386   122577   10.27%
*  6006+ 1522                           22.1386       21.3386             3.61%
   6009   948       21.3386   104       22.1386       21.3386   122593    3.61%
   6012   338       21.6386   130       22.1386       21.3386   122486    3.61%
*  6017+  220                           21.7386       21.3386             1.84%
   6019   225       21.6586   148       21.7386       21.3386   122561    1.84%
   6029   217       21.5386   106       21.7386       21.3386   122638    1.84%
   6035   235       21.9386   120       21.7386       21.3386   123312    1.84%
   6159    66       21.7386    78       21.7386       21.3386   124070    1.84%
Elapsed time = 89.65 sec. (46315.91 ticks, tree = 10.93 MB, solutions = 5)
   6406   292       21.9386   102       21.7386       21.3386   127249    1.84%
   6619   463       21.7386    80       21.7386       21.3386   130784    1.84%
   6797   637       21.7386   102       21.7386       21.3386   134275    1.84%
   7111   775       21.8386    80       21.7386       21.3386   139294    1.84%
   7423  1169       21.7386    84       21.7386       21.3386   149595    1.84%
   7773  1416       21.7386    74       21.7386       21.3386   155269    1.84%
   8134  1647       21.9386   103       21.7386       21.3386   160039    1.84%
   8539  1947       21.7386    63       21.7386       21.3386   164481    1.84%
   8918  2461       21.7386    62       21.7386       21.3386   176322    1.84%
   9295  2780       21.9386    92       21.7386       21.3386   184634    1.84%
Elapsed time = 114.55 sec. (55886.91 ticks, tree = 894.45 MB, solutions = 5)
   9670  3239       21.9386    61       21.7386       21.3386   194144    1.84%
  10039  3368    infeasible             21.7386       21.3386   197332    1.84%
  10337  3627       21.9386    68       21.7386       21.3386   203959    1.84%
  10601  3963       21.7386    68       21.7386       21.3386   212909    1.84%
  10908  4517       21.9386    84       21.7386       21.4386   240831    1.38%
  11197  4694       21.7386     2       21.7386       21.4386   248317    1.38%
  11506  4920       22.3386    48       21.7386       21.5386   258577    0.92%
  11873  5207       21.7545     8       21.7386       21.5386   274937    0.92%
  12201  5826       21.7386    10       21.7386       21.5386   304226    0.92%
  12550  6044       21.7386     5       21.7386       21.5386   313227    0.92%
Elapsed time = 138.83 sec. (65456.23 ticks, tree = 1585.38 MB, solutions = 5)
  12969  6083       21.7386     9       21.7386       21.5386   316540    0.92%
  13441  6490       21.7386     6       21.7386       21.5386   338078    0.92%
  13945  7251       21.7386    20       21.7386       21.5386   362167    0.92%
  14492  7372       21.7406     9       21.7386       21.5386   366183    0.92%
  14993  7807       21.7386    15       21.7386       21.5386   378987    0.92%
  15289  8203       22.0186   113       21.7386       21.5386   388865    0.92%
  15549  8639       21.9386    83       21.7386       21.5386   404716    0.92%
  15869  8909       21.7386    24       21.7386       21.5386   413022    0.92%
  16339  9033       22.1386    73       21.7386       21.5386   415777    0.92%
  16796  9709       21.9386    65       21.7386       21.5386   432082    0.92%
Elapsed time = 185.20 sec. (75018.28 ticks, tree = 3514.95 MB, solutions = 5)
Nodefile size = 1465.59 MB (670.13 MB after compression)
  17265 10171       21.7386    23       21.7386       21.5386   441945    0.92%
  17782 10450       21.7386    10       21.7386       21.5386   449430    0.92%
  18123 11205       21.7386    29       21.7386       21.5386   464214    0.92%
  18343 11498       21.7386    25       21.7386       21.5386   471120    0.92%
  18602 11618       21.7386    37       21.7386       21.5386   473236    0.92%
  18867 11871       21.7386    55       21.7386       21.5386   479544    0.92%
  19188 11932       21.7386    20       21.7386       21.5386   482288    0.92%
  19599 12402       21.9386    56       21.7386       21.5386   493654    0.92%
  20034 13051       21.7386    47       21.7386       21.5386   508341    0.92%
  20516 13107       21.7386    21       21.7386       21.5386   511203    0.92%
Elapsed time = 241.78 sec. (84586.68 ticks, tree = 5504.29 MB, solutions = 10)
Nodefile size = 3500.15 MB (1607.28 MB after compression)
  20909 13707       21.9386    49       21.7386       21.5386   526123    0.92%
  21105 14276       21.7386    66       21.7386       21.5386   538206    0.92%
  21431 14524       21.7386    31       21.7386       21.5386   544459    0.92%
  21820 14507       21.7545     8       21.7386       21.5386   543546    0.92%
  22186 14765       21.7386    24       21.7386       21.5386   552233    0.92%
  22653 15359       21.7386    11       21.7386       21.5386   568760    0.92%
  23052 15805       21.9386    53       21.7386       21.5386   583104    0.92%
  23539 16282       21.7386    11       21.7386       21.5386   596232    0.92%
  23939 16548       21.7386    37       21.7386       21.5386   603904    0.92%
  24207 16910       21.7426    40       21.7386       21.5386   613843    0.92%
Elapsed time = 308.48 sec. (94149.34 ticks, tree = 7960.19 MB, solutions = 25)
Nodefile size = 5968.93 MB (2749.71 MB after compression)
  24571 17317       21.7386    33       21.7386       21.5386   624376    0.92%
  24959 17328       21.7426    29       21.7386       21.5386   624369    0.92%
  25418 17900       21.7624    25       21.7386       21.5386   637615    0.92%
  25823 18525       21.7386    18       21.7386       21.5386   652589    0.92%
  26245 18605       21.6386    36       21.7386       21.5386   655403    0.92%
  26714 19133       21.7624    25       21.7386       21.5386   672935    0.92%
  26979 19475       21.7386    45       21.7386       21.5386   679096    0.92%
  27223 19858       21.7386    17       21.7386       21.5386   688888    0.92%
  27540 20103       21.7386    30       21.7386       21.5386   694050    0.92%
  27811 20339       21.7386    12       21.7386       21.5386   697286    0.92%
Elapsed time = 381.32 sec. (103711.72 ticks, tree = 9718.61 MB, solutions = 32)
Nodefile size = 7946.98 MB (3669.31 MB after compression)
  27998 20465       21.7386    16       21.7386       21.5386   699187    0.92%
  28252 20834       21.9386     4       21.7386       21.5386   707686    0.92%
  28587 21296       21.7386    47       21.7386       21.5386   715743    0.92%
  29020 21271       21.7386    25       21.7386       21.5386   716104    0.92%
  29468 21538       21.7386    30       21.7386       21.5386   721632    0.92%
  29873 21919       21.9386    16       21.7386       21.5386   731820    0.92%
  30310 22424       21.6402    92       21.7386       21.5386   746097    0.92%
  30656 22947       21.7386    32       21.7386       21.5386   758650    0.92%
  30888 23088       21.9386    38       21.7386       21.5386   764547    0.92%
  31097 23476       21.7624    41       21.7386       21.5386   771414    0.92%
Elapsed time = 454.43 sec. (113265.59 ticks, tree = 11327.69 MB, solutions = 45)
Nodefile size = 9588.77 MB (4430.69 MB after compression)
  31290 23672       22.0386    44       21.7386       21.5386   775816    0.92%
  31544 24017       21.5402    75       21.7386       21.5386   787371    0.92%
  31853 24133       22.1386    50       21.7386       21.5386   791874    0.92%
  32401 24450       21.7386    27       21.7386       21.5386   800151    0.92%
  32890 24867       21.7386    17       21.7386       21.5386   811099    0.92%
  33219 25361       21.7402    63       21.7386       21.5386   826558    0.92%
  33444 25898       21.9386    30       21.7386       21.5386   840845    0.92%
  33644 25936       21.7386     4       21.7386       21.5386   842498    0.92%
  34028 26518       21.7386    46       21.7386       21.5386   857699    0.92%
  34400 26717       21.7386    31       21.7386       21.5386   862241    0.92%
Elapsed time = 515.24 sec. (122846.87 ticks, tree = 13072.45 MB, solutions = 58)
Nodefile size = 11027.30 MB (5097.72 MB after compression)
  34721 26832       22.5386    33       21.7386       21.5386   865184    0.92%
  34949 27142       21.7386    32       21.7386       21.5386   874517    0.92%
  35212 27294       21.7386    32       21.7386       21.5386   877698    0.92%
  35449 27262       21.7624    25       21.7386       21.5386   877828    0.92%
  35677 27867       21.7386    16       21.7386       21.5386   892757    0.92%
  36019 28283       21.7624    43       21.7386       21.5386   904027    0.92%
  36494 28273       21.7386     7       21.7386       21.5386   903452    0.92%
  36972 28865       21.6386    73       21.7386       21.5386   917620    0.92%
  37305 29371       21.7386    13       21.7386       21.5386   932268    0.92%
  38371 30304       21.7386    30       21.7386       21.5386   961598    0.92%
Elapsed time = 600.70 sec. (135264.61 ticks, tree = 15231.92 MB, solutions = 71)
Nodefile size = 13182.56 MB (6099.09 MB after compression)
  39596 31290       21.9386    23       21.7386       21.5386   990286    0.92%
  40768 32644       21.7545    67       21.7386       21.5386  1030615    0.92%
  41869 33635       21.7386    20       21.7386       21.5386  1060705    0.92%
  43027 34435       22.0386    17       21.7386       21.5386  1081939    0.92%
  44049 35371       21.7386    64       21.7386       21.5386  1106321    0.92%
  45491 36591       21.9386    22       21.7386       21.5386  1147489    0.92%
  46478 37571       21.7386    42       21.7386       21.5386  1179533    0.92%
  47657 38562       21.7624    13       21.7386       21.5386  1209506    0.92%
  48830 39804       21.7386    26       21.7386       21.5386  1246917    0.92%
  49863 40620       22.0386    20       21.7386       21.5386  1273211    0.92%
Elapsed time = 827.17 sec. (173437.93 ticks, tree = 21505.30 MB, solutions = 179)
Nodefile size = 19455.02 MB (9009.87 MB after compression)
  50999 41612       21.7386     7       21.7386       21.5386  1300924    0.92%
  52048 42580       21.7386    59       21.7386       21.5386  1326816    0.92%
  53190 43384       21.7386    56       21.7386       21.5386  1350626    0.92%
  54316 44383       21.9386    13       21.7386       21.5386  1377855    0.92%
  55405 45178       21.7386    42       21.7386       21.5386  1399279    0.92%
  56277 46246       21.7386    48       21.7386       21.5386  1428347    0.92%
  57371 47096       22.2053     8       21.7386       21.5386  1452553    0.92%
  58592 48332       21.8138    34       21.7386       21.5386  1479753    0.92%
  59714 49669       21.7545    64       21.7386       21.5386  1522179    0.92%
  60570 50308       21.7492    69       21.7386       21.5386  1541002    0.92%
Elapsed time = 1046.82 sec. (211625.42 ticks, tree = 27153.37 MB, solutions = 261)
Nodefile size = 25107.97 MB (11629.61 MB after compression)
  61579 51444       21.7545    31       21.7386       21.5386  1575884    0.92%
  62512 51985       22.1386    29       21.7386       21.5386  1596104    0.92%
  63395 52857       21.9386    37       21.7386       21.5386  1630468    0.92%
  64016 53406       21.7386    24       21.7386       21.5386  1648869    0.92%
  64590 54083       21.7386    27       21.7386       21.5386  1665930    0.92%
  65303 54415       21.7402    49       21.7386       21.5386  1677167    0.92%
  65966 55473       21.7624    63       21.7386       21.5386  1708378    0.92%
  66924 56185       21.7386    46       21.7386       21.5386  1733979    0.92%
  67846 56707       21.9386    36       21.7386       21.5386  1750719    0.92%
  68468 57157       21.8098    45       21.7386       21.5386  1767810    0.92%
Elapsed time = 1219.25 sec. (249792.92 ticks, tree = 31838.46 MB, solutions = 377)
Nodefile size = 29812.39 MB (13820.17 MB after compression)
  69573 57993       21.7404    59       21.7386       21.5386  1795929    0.92%
  70190 58852       21.7624    67       21.7386       21.5386  1824357    0.92%
  70611 59463       21.7386    44       21.7386       21.5386  1839179    0.92%
  71467 59774       22.3386    22       21.7386       21.5386  1847557    0.92%
  71889 60228       22.3386     6       21.7386       21.5386  1858755    0.92%
  72686 60766       21.7386     1       21.7386       21.5386  1869573    0.92%
  73292 61779       21.7386    42       21.7386       21.5386  1898567    0.92%
  74052 61647       22.3386    85       21.7386       21.5386  1896577    0.92%
  74858 62656       21.7386     8       21.7386       21.5386  1924389    0.92%
  75285 62450       22.1386    52       21.7386       21.5386  1917320    0.92%
Elapsed time = 1398.73 sec. (288331.73 ticks, tree = 37024.59 MB, solutions = 516)
Nodefile size = 34871.29 MB (16160.92 MB after compression)
  75292 60787       21.7386    64       21.7386       21.5386  1869781    0.92%
  75293 61649       21.9386    34       21.7386       21.5386  1895332    0.92%
  75299 62705       21.7831    78       21.7386       21.5386  1925394    0.92%
  75300 61068       21.9386    52       21.7386       21.5386  1877475    0.92%
  75303 62423       21.7386    36       21.7386       21.5386  1913063    0.92%

GUB cover cuts applied:  6
Clique cuts applied:  965
Cover cuts applied:  5
Implied bound cuts applied:  123
Flow cuts applied:  12
Mixed integer rounding cuts applied:  5549
Zero-half cuts applied:  56
Lift and project cuts applied:  47
Gomory fractional cuts applied:  140

Root node processing (before b&c):
  Real time             =    0.24 sec. (110.74 ticks)
Parallel b&c, 32 threads:
  Real time             = 1323.96 sec. (273106.26 ticks)
  Sync time (average)   =  959.86 sec.
  Wait time (average)   =    0.32 sec.
                          ------------
Total (root+branch&cut) = 1324.20 sec. (273216.99 ticks)

Solution pool: 100 solutions saved (416 replaced).

Populate - Populate solution limit exceeded, integer optimal:  Objective =  2.1738618090e+01
Current MIP best bound =  2.1538618090e+01 (gap = 0.2, 0.92%)
Solution time = 1399.14 sec.  Iterations = 1989087  Nodes = 75304 (64929)
Deterministic time = 313162.90 ticks  (223.83 ticks/sec)

CPLEX> Solution pool written to file 'results_cplex_1_1.txt'.
CPLEX> 
Welcome to IBM(R) ILOG(R) CPLEX(R) Interactive Optimizer 12.7.1.0
  with Simplex, Mixed Integer & Barrier Optimizers
5725-A06 5725-A29 5724-Y48 5724-Y49 5724-Y54 5724-Y55 5655-Y21
Copyright IBM Corp. 1988, 2017.  All Rights Reserved.

Type 'help' for a list of available commands.
Type 'help' followed by a command name for more
information on commands.

CPLEX> Warning, line 522105: Name 'dist_X51341' does not exist.
Warning, line 522144: Name 'dist_X57491' does not exist.
Warning, line 522322: Name 'dist_X1052' does not exist.
Warning, line 522341: Name 'dist_X4899' does not exist.
Warning, line 522347: Name 'dist_X4792' does not exist.
Warning, line 522359: Name 'dist_X7421' does not exist.
Warning, line 524198: Name 'dist_X3661' does not exist.
Warning, line 524226: Name 'dist_X3164' does not exist.
Warning, line 524239: Name 'dist_X4137' does not exist.
Warning, line 524240: Name 'dist_X5914' does not exist.
Warning, line 524280: Name 'dist_X7975' does not exist.
Warning, line 524281: Name 'dist_X9575' does not exist.
Warning, line 524286: Name 'dist_X5629' does not exist.
Warning, line 524287: Name 'dist_X6925' does not exist.
Warning, line 524288: Name 'dist_X4149' does not exist.
Warning, line 524293: Name 'dist_X7025' does not exist.
Warning, line 524294: Name 'dist_X3172' does not exist.
Warning, line 524295: Name 'dist_X10499' does not exist.
Warning, line 524333: Name 'dist_X9839' does not exist.
Warning, line 524365: Name 'dist_X7024' does not exist.
66 name warnings not printed.
Problem 'testFile_1_1.lp' read.
Read time = 0.45 sec. (41.02 ticks)
CPLEX> New value for mixed integer optimality gap tolerance: 0.2
CPLEX> New value for relative objective gap: 0.0001
CPLEX> New value for solution pool replacement strategy: 2
CPLEX> New value for solutions limit for each populate call: 500
CPLEX> New value for capacity of solution pool: 100
CPLEX> New value for intensity for populating the MIP solution pool: 4
CPLEX> New value for time limit in seconds: 7200
CPLEX> New value for default parallel thread count: 0
CPLEX> CPXPARAM_TimeLimit                               7200
CPXPARAM_Read_APIEncoding                        "UTF-8"
CPXPARAM_MIP_Tolerances_MIPGap                   0.20000000000000001
CPXPARAM_MIP_Pool_Capacity                       100
CPXPARAM_MIP_Pool_Replace                        2
CPXPARAM_MIP_Pool_RelGap                         0.0001
CPXPARAM_MIP_Pool_Intensity                      4
CPXPARAM_MIP_Limits_Populate                     500

Populate: phase I 
Tried aggregator 2 times.
MIP Presolve eliminated 164690 rows and 20074 columns.
MIP Presolve modified 56957 coefficients.
Aggregator did 9655 substitutions.
Reduced MIP has 196254 rows, 124983 columns, and 572742 nonzeros.
Reduced MIP has 110053 binaries, 2574 generals, 0 SOSs, and 0 indicators.
Presolve time = 0.90 sec. (815.32 ticks)
Found incumbent of value 94.236992 after 2.09 sec. (1586.98 ticks)
Probing fixed 3075 vars, tightened 155 bounds.
Probing changed sense of 22 constraints.
Probing time = 2.98 sec. (522.07 ticks)
Tried aggregator 3 times.
MIP Presolve eliminated 18854 rows and 25843 columns.
MIP Presolve modified 29 coefficients.
Aggregator did 842 substitutions.
Reduced MIP has 176558 rows, 98298 columns, and 519650 nonzeros.
Reduced MIP has 83488 binaries, 2454 generals, 0 SOSs, and 0 indicators.
Presolve time = 2.59 sec. (1976.08 ticks)
Probing fixed 243 vars, tightened 21 bounds.
Probing changed sense of 17 constraints.
Probing time = 1.64 sec. (240.62 ticks)
Tried aggregator 3 times.
MIP Presolve eliminated 25260 rows and 25111 columns.
MIP Presolve modified 34 coefficients.
Aggregator did 1579 substitutions.
Reduced MIP has 149719 rows, 71608 columns, and 450607 nonzeros.
Reduced MIP has 57180 binaries, 2072 generals, 0 SOSs, and 0 indicators.
Presolve time = 1.21 sec. (884.14 ticks)
Probing fixed 96 vars, tightened 3 bounds.
Probing changed sense of 5 constraints.
Probing time = 0.95 sec. (139.25 ticks)
Tried aggregator 3 times.
MIP Presolve eliminated 21360 rows and 15548 columns.
MIP Presolve modified 141 coefficients.
Aggregator did 2074 substitutions.
Reduced MIP has 126285 rows, 53986 columns, and 390951 nonzeros.
Reduced MIP has 40815 binaries, 815 generals, 0 SOSs, and 0 indicators.
Presolve time = 1.00 sec. (826.24 ticks)
Probing fixed 23 vars, tightened 4 bounds.
Probing time = 0.87 sec. (97.56 ticks)
Clique table members: 249483.
MIP emphasis: balance optimality and feasibility.
MIP search method: dynamic search.
Parallel mode: deterministic, using up to 32 threads.
Root relaxation solution time = 0.45 sec. (339.38 ticks)

        Nodes                                         Cuts/
   Node  Left     Objective  IInf  Best Integer    Best Bound    ItCnt     Gap

*     0+    0                           94.2370        4.7386            94.97%
*     0+    0                           90.6370        4.7386            94.77%
      0     0       14.0720    96       90.6370       14.0720      522   84.47%
      0     0       15.6386   120       90.6370     Cuts: 603      805   82.75%
      0     0       17.1720   129       90.6370    Cuts: 1006     1112   81.05%
      0     0       18.2271   140       90.6370     Cuts: 486     1497   79.89%
*     0+    0                           85.0571       18.2271            78.57%
      0     0       19.1886   164       85.0571    Cuts: 1166     1811   77.44%
      0     0       19.6386   192       85.0571    Cuts: 1346     2121   76.91%
      0     0       19.9386   187       85.0571     Cuts: 258     2458   76.56%
      0     0       20.1386   180       85.0571    Cuts: 1257     2718   76.32%
      0     0       20.2386   148       85.0571     Cuts: 780     3122   76.21%
      0     0       20.3656   186       85.0571     Cuts: 590     3388   76.06%
      0     0       20.5406   135       85.0571    Cuts: 1044     3616   75.85%
      0     0       20.6406   109       85.0571     Cuts: 706     3742   75.73%
      0     0       20.7406   115       85.0571     Cuts: 277     3791   75.62%
      0     0       20.7406    84       85.0571     Cuts: 112     3861   75.62%
      0     0       20.9406   121       85.0571     Cuts: 286     3978   75.38%
      0     0       21.1406   129       85.0571     Cuts: 570     4161   75.15%
      0     0       21.1406   158       85.0571     Cuts: 565     4293   75.15%
      0     0       21.2406   191       85.0571     Cuts: 438     4611   75.03%
      0     0       21.3406   106       85.0571     Cuts: 641     4844   74.91%
      0     0       21.3406   129       85.0571     Cuts: 142     5012   74.91%
*     0+    0                           44.3246       21.3406            51.85%
      0     2       21.3406   129       44.3246       21.3406     5012   51.85%
Elapsed time = 28.69 sec. (16383.45 ticks, tree = 0.01 MB, solutions = 1)
      6     8       21.3465    80       44.3246       21.3406     5253   51.85%
     21    19       21.3465   100       44.3246       21.3406     5466   51.85%
*    28+    5                           44.1246       21.3406            51.64%
*    34+    6                           44.1246       21.3406            51.64%
*    44+   13                           41.7175       21.3406            48.84%
     46    42       21.7492    86       41.7175       21.3406     6052   48.84%
*    58+   19                           41.5175       21.3406            48.60%
    120    30       21.3465   101       41.5175       21.3406     6194   48.60%
    218   124       21.8087   151       41.5175       21.3406    10191   48.60%
    320   245       21.9413    66       41.5175       21.3406    14913   48.60%
    450   307       26.8726    38       41.5175       21.3406    17147   48.60%
    553   392       21.7386    54       41.5175       21.3406    19444   48.60%
    673   475       30.4792    40       41.5175       21.3406    21079   48.60%
    956   745       21.9386    52       41.5175       21.3406    26752   48.60%
Elapsed time = 36.99 sec. (19550.94 ticks, tree = 13.82 MB, solutions = 4)
   1354  1076       21.9386    32       41.5175       21.3406    31173   48.60%
   1745  1422       31.6112   106       41.5175       21.3406    36796   48.60%
   2207  1669       31.6684     8       41.5175       21.3406    42131   48.60%
   2741  2198       22.3386    31       41.5175       21.3406    53964   48.60%
   3236  2439       26.8834     4       41.5175       21.3406    60497   48.60%
*  3450+ 2639                           25.8834       21.3406            17.55%
   3651  2769       22.9386    20       25.8834       21.3406    69436   17.55%

Clique cuts applied:  844
Cover cuts applied:  3
Implied bound cuts applied:  165
Flow cuts applied:  47
Mixed integer rounding cuts applied:  5426
Zero-half cuts applied:  241
Lift and project cuts applied:  23
Gomory fractional cuts applied:  54

Root node processing (before b&c):
  Real time             =   27.56 sec. (16186.13 ticks)
Parallel b&c, 32 threads:
  Real time             =   23.54 sec. (9473.93 ticks)
  Sync time (average)   =    8.10 sec.
  Wait time (average)   =    0.42 sec.
                          ------------
Total (root+branch&cut) =   51.10 sec. (25660.07 ticks)

Populate: phase II 
MIP emphasis: balance optimality and feasibility.
MIP search method: dynamic search.
Parallel mode: deterministic, using up to 32 threads.

        Nodes                                         Cuts/
   Node  Left     Objective  IInf  Best Integer    Best Bound    ItCnt     Gap

   3681  3131       21.9386    21       25.8834       21.3406    77693   17.55%
Elapsed time = 54.01 sec. (26083.45 ticks, tree = 101.02 MB, solutions = 1)
   3706  3134       22.1386    25       25.8834       21.3406    77764   17.55%
   3765  3144       23.5278    35       25.8834       21.3406    77883   17.55%
   3859  3142       25.8834    37       25.8834       21.3406    78269   17.55%
   3948  3159       23.1386    44       25.8834       21.3406    78590   17.55%
   4052  3155       21.9386    42       25.8834       21.3406    78830   17.55%
   4122  3156       22.1386    68       25.8834       21.3406    78390   17.55%
   4168  3152    infeasible             25.8834       21.3406    78032   17.55%
   4214  3162       24.9386    73       25.8834       21.3406    79179   17.55%
   4265  3173       21.9386    63       25.8834       21.3406    78982   17.55%
   4475  3147       22.1386    40       25.8834       21.3406    78082   17.55%
Elapsed time = 63.67 sec. (29238.01 ticks, tree = 79.79 MB, solutions = 1)
   4705  3182       24.9886    76       25.8834       21.3406    79195   17.55%
   4921  3270       24.4386    27       25.8834       21.3406    79686   17.55%
   5159  3347       22.6386    31       25.8834       21.3406    79982   17.55%
*  5181  3258      integral     0       23.5386       21.3406    79642    9.34%
*  5375+ 3195                           22.9386       21.3406             6.97%
   5436  3505       21.9386    76       22.9386       21.3406    80938    6.97%
   5711  3794       22.6386    56       22.9386       21.3406    83681    6.97%
*  6049  3608      integral     0       22.7386       21.3406    82516    6.15%
   6508  4743       22.5386    22       22.7386       21.3406    93239    6.15%
   7078  5133       22.1386    37       22.7386       21.3406    98079    6.15%
*  7607+ 6264                           22.5386       21.3406             5.32%
   7623  5874       22.3386    32       22.5386       21.3406   107548    5.32%
Elapsed time = 86.69 sec. (37823.19 ticks, tree = 172.47 MB, solutions = 1)
*  7680+ 5855                           22.1386       21.3406             3.60%
   8135  6225       21.8386    82       22.1386       21.3406   112043    3.60%
   8782  6687       21.7386    47       22.1386       21.3406   121122    3.60%
   9469  7847       22.0386    41       22.1386       21.3406   139811    3.60%
  10283  8260       21.6386    78       22.1386       21.3465   147401    3.58%
  11008  8358       22.0386    47       22.1386       21.3465   148337    3.58%
  11813  9343       22.0386    62       22.1386       21.3465   165506    3.58%
  12514 10354       21.7386    90       22.1386       21.3465   183536    3.58%
  13267 10930       21.9703    95       22.1386       21.3465   193916    3.58%
  13891 11413       22.1386    86       22.1386       21.3465   201496    3.58%
  14617 12226       21.7492    70       22.1386       21.3465   218549    3.58%
Elapsed time = 110.35 sec. (47372.08 ticks, tree = 344.76 MB, solutions = 2)
  15442 12790       22.1053    77       22.1386       21.3465   228603    3.58%
  16223 13530       22.3505    96       22.1386       21.3465   242540    3.58%
  16980 14229       22.1386    51       22.1386       21.3465   253673    3.58%
  17858 14443       21.9492    71       22.1386       21.3465   256690    3.58%
  18657 15373       21.9386    23       22.1386       21.3465   272732    3.58%
  19408 15653       22.1386    73       22.1386       21.3465   275500    3.58%
  20152 16749       21.9386    65       22.1386       21.3465   295574    3.58%
  20938 17356       21.6624    75       22.1386       21.3465   307870    3.58%
  21651 17673       22.1386    20       22.1386       21.3465   313310    3.58%
  22420 18598       22.1386    31       22.1386       21.3465   332141    3.58%
Elapsed time = 133.75 sec. (56927.23 ticks, tree = 528.20 MB, solutions = 2)
  23122 18742       22.1386    32       22.1386       21.3465   335332    3.58%
  23754 19395       22.1386    74       22.1386       21.3465   349244    3.58%
  24480 19778       22.7386   121       22.1386       21.3465   354887    3.58%
  25174 20622       21.6720   120       22.1386       21.3465   369100    3.58%
  25770 21563       22.1386    29       22.1386       21.3465   385291    3.58%
  26433 21608       22.0720    81       22.1386       21.3465   386454    3.58%
  27074 22694       22.0053    68       22.1386       21.3465   409955    3.58%
  27776 23195       22.1386    30       22.1386       21.3465   419031    3.58%
  28498 23759       21.6386    48       22.1386       21.3465   436596    3.58%
  29114 24413       22.1386    79       22.1386       21.3465   449255    3.58%
Elapsed time = 157.47 sec. (66493.68 ticks, tree = 702.40 MB, solutions = 5)
  29744 24827       21.6386    92       22.1386       21.3465   457687    3.58%
  30384 25720       21.9053    66       22.1386       21.3465   478350    3.58%
  30947 25599       22.1386    58       22.1386       21.3465   474772    3.58%
  31624 26197       22.1386    32       22.1386       21.3465   491052    3.58%
  32252 26868       25.2344    40       22.1386       21.3465   509264    3.58%
  32986 27677       22.1386     6       22.1386       21.3465   530743    3.58%
  33681 28704       22.3386    55       22.1386       21.3465   552944    3.58%
  34345 28809    infeasible             22.1386       21.3465   556109    3.58%
  35027 29064       22.1386    17       22.1386       21.3465   563981    3.58%
  35713 29912       22.1386    26       22.1386       21.3465   583625    3.58%
Elapsed time = 180.96 sec. (76049.29 ticks, tree = 874.68 MB, solutions = 8)
  36436 30861       21.9386    59       22.1386       21.3465   608166    3.58%
  37199 31643       21.9386    91       22.1386       21.3465   628297    3.58%
  37896 32209       22.1386    64       22.1386       21.3465   639613    3.58%
  38597 32813       22.1386    66       22.1386       21.3465   656051    3.58%
  39351 32995       22.1386    59       22.1386       21.3465   660277    3.58%
  40003 34182       22.5386    59       22.1386       21.3465   690249    3.58%
  40825 34826       22.1386     4       22.1386       21.3465   710323    3.58%
  41567 35364       22.1386     4       22.1386       21.3465   725241    3.58%
  42303 36109       21.9386    49       22.1386       21.3465   743605    3.58%
  43096 36783       22.1386    30       22.1386       21.3465   760643    3.58%
Elapsed time = 203.58 sec. (85600.36 ticks, tree = 1063.97 MB, solutions = 10)
  43882 37696       21.9466    25       22.1386       21.3465   779138    3.58%
  44689 37777       22.1386     4       22.1386       21.3465   779747    3.58%
  45514 38494       22.1386   100       22.1386       21.3465   797793    3.58%
  46315 38756       21.9386    49       22.1386       21.3465   804271    3.58%
  47083 40371       25.7344    18       22.1386       21.3465   838662    3.58%
  47839 40374       22.1386     4       22.1386       21.3465   837981    3.58%
* 47963 40588      integral     0       22.1386       21.3465   843760    3.58%
  48744 40932       22.1386    47       22.1386       21.3465   850508    3.58%
  49610 42695       22.3386    40       22.1386       21.3465   893587    3.58%
  50433 43022       21.6386    83       22.1386       21.3465   900344    3.58%
Elapsed time = 223.83 sec. (94355.88 ticks, tree = 1251.40 MB, solutions = 14)
  51269 43322       21.9386    59       22.1386       21.3465   906372    3.58%
  52127 44791       22.1386    32       22.1386       21.3465   936568    3.58%
  52974 45661       22.1386    29       22.1386       21.3465   953701    3.58%
  53848 45741       21.9545    66       22.1386       21.3465   957123    3.58%
  54636 46031       21.9386    31       22.1386       21.3465   961233    3.58%
  55488 46702       22.1386    54       22.1386       21.3465   971676    3.58%
  56359 48520       22.1386    66       22.1386       21.3465  1005139    3.58%
  57207 48375       22.1386     4       22.1386       21.3465  1001335    3.58%
  58092 49987       22.1386    25       22.1386       21.3465  1030243    3.58%
  58951 49859       22.1386    40       22.1386       21.3465  1026977    3.58%
Elapsed time = 246.08 sec. (103899.82 ticks, tree = 1468.21 MB, solutions = 14)
  59736 50810       21.6720    69       22.1386       21.3465  1049017    3.58%
  60624 51650       22.0465   102       22.1386       21.3465  1066504    3.58%
  61436 51858       22.1386    82       22.1386       21.3465  1071288    3.58%
  62250 52738       22.1624    45       22.1386       21.3465  1089089    3.58%
  63087 53638       22.1386    21       22.1386       21.3465  1109367    3.58%
  63904 55005       22.3386     6       22.1386       21.3465  1139882    3.58%
  64752 54974       21.9386    53       22.1386       21.3465  1139066    3.58%
  65552 55298       21.9386    57       22.1386       21.3465  1147557    3.58%
  66396 57363       22.5386    46       22.1386       21.3465  1191073    3.58%
  69760 59399       22.7386    43       22.1386       21.3465  1234664    3.58%
Elapsed time = 274.69 sec. (116306.49 ticks, tree = 1745.69 MB, solutions = 15)
  73015 63071       22.1386    43       22.1386       21.3465  1315790    3.58%
  76331 66361       26.3344    60       22.1386       21.3465  1392126    3.58%
  79613 67942       22.4656    72       22.1386       21.3465  1424131    3.58%
  82869 70667       22.1386    31       22.1386       21.3465  1486537    3.58%
  86114 73530       22.3386     8       22.1386       21.3465  1554099    3.58%
  89378 76639       21.8386    40       22.1386       21.3465  1630693    3.58%
  92042 80435       22.1386    39       22.1386       21.3465  1715938    3.58%
  95289 81371       22.4138    49       22.1386       21.3465  1737315    3.58%
  98477 85523       22.1386    79       22.1386       21.3465  1844044    3.58%
 101763 87295       22.0386    14       22.1386       21.3465  1884919    3.58%
Elapsed time = 372.19 sec. (154468.60 ticks, tree = 2555.99 MB, solutions = 19)
Nodefile size = 508.69 MB (190.33 MB after compression)
 104982 89937       22.1386    14       22.1386       21.3465  1944613    3.58%
 108204 92562       21.9386    51       22.1386       21.3465  2004679    3.58%
 111586 95601       22.0386    60       22.1386       21.3465  2076410    3.58%
 114794 97752       22.1386     4       22.1386       21.3465  2127044    3.58%
 118106 101791       21.8386    48       22.1386       21.3465  2217574    3.58%
 121359 103596       22.1386    39       22.1386       21.3465  2251093    3.58%
 124667 106678       22.1386     4       22.1386       21.3465  2316570    3.58%
 127994 110632       22.1386     4       22.1386       21.3465  2405983    3.58%
 131240 113874       22.0386    62       22.1386       21.3465  2473192    3.58%
 134549 115422       22.1386     4       22.1386       21.3465  2506766    3.58%
Elapsed time = 470.60 sec. (192629.96 ticks, tree = 3391.77 MB, solutions = 28)
Nodefile size = 1344.32 MB (504.05 MB after compression)
 137887 118356       22.0386    46       22.1386       21.3465  2569156    3.58%
 141297 122010       22.1624    41       22.1386       21.3465  2636076    3.58%
 144727 124158       22.1386     4       22.1386       21.3465  2672483    3.58%
 148193 126839       22.3386    32       22.1386       21.3465  2723576    3.58%
 151563 128679       22.3386    17       22.1386       21.3465  2750620    3.58%
 154974 132187       22.3386    41       22.1386       21.3465  2816137    3.58%
 158280 136012       22.4098    79       22.1386       21.3465  2890447    3.58%
 161676 139618       22.1386    29       22.1386       21.3465  2964498    3.58%
 165061 142087       21.9386    80       22.1386       21.3465  3015223    3.58%
 168431 143847       22.0386    31       22.1386       21.3465  3048517    3.58%
Elapsed time = 567.46 sec. (230787.08 ticks, tree = 4225.79 MB, solutions = 45)
Nodefile size = 2178.01 MB (817.25 MB after compression)
 171822 147892       22.1386     4       22.1386       21.3465  3127144    3.58%
 175164 148983       22.1386    33       22.1386       21.3465  3151132    3.58%
 178504 153854       22.1386    55       22.1386       21.3465  3252484    3.58%
 181979 157053       22.1386    41       22.1386       21.3465  3319759    3.58%
 185413 160313       22.2386    68       22.1386       21.3465  3383995    3.58%
 188736 162911       21.9386    65       22.1386       21.3465  3434733    3.58%
 192069 165839       21.9386    60       22.1386       21.3465  3502923    3.58%
 195512 168964       22.1386    66       22.1386       21.3465  3563974    3.58%
 198914 170566       22.0098    96       22.1386       21.3465  3592240    3.58%
 202276 171409       22.1386    98       22.1386       21.3465  3615025    3.58%
Elapsed time = 664.67 sec. (268939.10 ticks, tree = 5077.14 MB, solutions = 67)
Nodefile size = 3029.42 MB (1136.56 MB after compression)
 205622 176481       22.0053    68       22.1386       21.3465  3717226    3.58%
 208925 178561       22.1386    33       22.1386       21.3465  3756976    3.58%
 212270 180237       22.1386    49       22.1386       21.3465  3795223    3.58%
 215544 183906       21.8053    77       22.1386       21.3465  3874209    3.58%
 218790 187685       22.5386    64       22.1386       21.3465  3966264    3.58%
 222170 189698       21.7386    76       22.1386       21.3465  4008388    3.58%
 225440 193456       22.1386    13       22.1386       21.3465  4093176    3.58%
 228784 195743       22.1386    27       22.1386       21.3465  4147690    3.58%
 232079 199720       22.1386    93       22.1386       21.3465  4232332    3.58%
 234903 201709    infeasible             22.1386       21.3465  4272382    3.58%
Elapsed time = 766.89 sec. (307095.04 ticks, tree = 6112.81 MB, solutions = 108)
Nodefile size = 4066.51 MB (1538.99 MB after compression)
 236428 202333       21.8386    70       22.1386       21.3465  4285701    3.58%
 236899 202826       22.1426    73       22.1386       21.3465  4295354    3.58%
 237254 203085       21.9053    71       22.1386       21.3465  4298174    3.58%
 237604 203372       22.3386    22       22.1386       21.3465  4304599    3.58%
 238085 203891       22.0098    70       22.1386       21.3465  4314688    3.58%
 238783 204357       22.4386    80       22.1386       21.3465  4324326    3.58%
 239617 204934       22.1386    36       22.1386       21.3465  4340112    3.58%
 240515 205589       22.1386    34       22.1386       21.3465  4352492    3.58%
 241525 206992       22.3386    99       22.1386       21.3465  4377323    3.58%
 242627 207930       21.5386    82       22.1386       21.3465  4400221    3.58%
Elapsed time = 1119.69 sec. (345326.00 ticks, tree = 8135.98 MB, solutions = 111)
Nodefile size = 6050.19 MB (2410.84 MB after compression)
 243786 208165       22.3386    79       22.1386       21.3465  4406485    3.58%
 244887 209207       22.1386    39       22.1386       21.3465  4427128    3.58%
 246315 211108       22.1386     4       22.1386       21.3465  4470085    3.58%
 247928 212271       22.0386    42       22.1386       21.3465  4496688    3.58%
 249399 213300       22.3386    70       22.1386       21.3465  4514877    3.58%
 250201 213749       22.1386    32       22.1386       21.3465  4524345    3.58%
 251641 214932       22.1386    26       22.1386       21.3465  4548942    3.58%
 253199 216774    infeasible             22.1386       21.3465  4585495    3.58%
 255095 217247       22.1386    42       22.1386       21.3465  4595943    3.58%
 257193 219826       22.5386    53       22.1386       21.3465  4652083    3.58%
Elapsed time = 1440.01 sec. (383496.89 ticks, tree = 9148.59 MB, solutions = 116)
Nodefile size = 7100.25 MB (2873.25 MB after compression)
 259330 221903       22.1386     4       22.1386       21.3465  4693043    3.58%
 261317 224104       21.6386    63       22.1386       21.3465  4738425    3.58%
 263350 224397       22.1386    44       22.1386       21.3465  4744177    3.58%
 264136 225476       22.1386    49       22.1386       21.3465  4766119    3.58%
 265252 226443       22.2881    98       22.1386       21.3465  4782780    3.58%
 266667 227479       22.1386    49       22.1386       21.3465  4803653    3.58%
 268050 228940       22.0386   116       22.1386       21.3465  4829298    3.58%
 269123 229579       21.9386    80       22.1386       21.3465  4845321    3.58%
 270077 231148       22.3386    34       22.1386       21.3465  4876731    3.58%
 271020 231584       21.8386    63       22.1386       21.3465  4886559    3.58%
Elapsed time = 1722.58 sec. (421688.58 ticks, tree = 9670.31 MB, solutions = 126)
Nodefile size = 7622.84 MB (3091.41 MB after compression)
 271906 232391       22.1386    78       22.1386       21.3465  4900264    3.58%
 272863 233228       22.3386    47       22.1386       21.3465  4918664    3.58%
 273856 234189       22.3386    32       22.1386       21.3465  4939230    3.58%
 274875 234534       22.1386    50       22.1386       21.3465  4947823    3.58%
 275886 235899       22.0624    60       22.1386       21.3465  4976982    3.58%
 276742 236713       21.8386   106       22.1386       21.3465  4992570    3.58%
 277578 237084       22.0386    92       22.1386       21.3465  5000616    3.58%
 278471 237514       22.3386    13       22.1386       21.3465  5009779    3.58%
 279309 238944       22.2386    16       22.1386       21.3465  5038819    3.58%
 280147 239625       22.2386    30       22.1386       21.3465  5053859    3.58%
Elapsed time = 2000.24 sec. (459885.20 ticks, tree = 9863.39 MB, solutions = 131)
Nodefile size = 7790.23 MB (3155.74 MB after compression)
 280934 239823       22.1386    25       22.1386       21.3465  5057031    3.58%
 281693 240528       22.1386    67       22.1386       21.3465  5068886    3.58%
 282426 241293       22.1386    65       22.1386       21.3465  5081417    3.58%
 283225 241943    infeasible             22.1386       21.3465  5089273    3.58%
 283944 242560       21.9386    75       22.1386       21.3465  5100878    3.58%
 284664 243203       22.1386    73       22.1386       21.3465  5110124    3.58%
 285373 243733       22.1386    22       22.1386       21.3465  5122871    3.58%
 286010 244459       22.1386    27       22.1386       21.3465  5139913    3.58%
 286689 245299       22.1386    14       22.1386       21.3465  5154688    3.58%
 287430 245798       22.3386    40       22.1386       21.3465  5166749    3.58%
Elapsed time = 2284.54 sec. (498084.58 ticks, tree = 10015.51 MB, solutions = 134)
Nodefile size = 7961.91 MB (3221.54 MB after compression)
 288285 246179       22.1386    11       22.1386       21.3465  5174918    3.58%
 289162 246847       22.3386    28       22.1386       21.3465  5189128    3.58%
 290022 248150       22.1053    91       22.1386       21.3465  5214650    3.58%
 290857 248331       22.1386    40       22.1386       21.3465  5218244    3.58%
 291587 249361       22.3386     6       22.1386       21.3465  5234643    3.58%
 292277 249904       22.1386    33       22.1386       21.3465  5245349    3.58%
 292839 250348       22.1386    71       22.1386       21.3465  5254749    3.58%
 293427 250715       21.9386    60       22.1386       21.3465  5260670    3.58%
 294054 251043       22.3386    15       22.1386       21.3465  5270495    3.58%
 294647 251761       22.1386    61       22.1386       21.3465  5288678    3.58%
Elapsed time = 2585.73 sec. (536295.51 ticks, tree = 10186.97 MB, solutions = 137)
Nodefile size = 8118.91 MB (3280.18 MB after compression)
 295186 252050       22.3386    47       22.1386       21.3465  5294238    3.58%
 295727 252634       21.8889    15       22.1386       21.3465  5303759    3.58%
 296273 252976       22.1386    25       22.1386       21.3465  5312599    3.58%
 296750 253727       21.9386    35       22.1386       21.3465  5327510    3.58%
 297289 253956       22.1386    39       22.1386       21.3465  5329452    3.58%
 297769 254437       22.3386    33       22.1386       21.3465  5343579    3.58%
 298224 254737       22.3386     8       22.1386       21.3465  5347071    3.58%
 298671 255335       22.1386    66       22.1386       21.3465  5359547    3.58%
 299137 255746       22.1386    73       22.1386       21.3465  5368760    3.58%
 299597 256033       21.9386   117       22.1386       21.3465  5373976    3.58%
Elapsed time = 2900.87 sec. (574482.95 ticks, tree = 10311.54 MB, solutions = 139)
Nodefile size = 8255.76 MB (3331.22 MB after compression)
 300051 256282       22.3386    48       22.1386       21.3465  5381424    3.58%
 300487 256865       22.1386    43       22.1386       21.3465  5395695    3.58%
 300957 257318       22.1466    86       22.1386       21.3465  5404721    3.58%
 301389 257403       22.3506    82       22.1386       21.3465  5406903    3.58%
 301824 257890       22.1386    53       22.1386       21.3465  5413027    3.58%
 302242 258401       22.4386     8       22.1386       21.3465  5423559    3.58%
 302685 258662       22.1386    13       22.1386       21.3465  5429399    3.58%
 303081 258971       21.8386    58       22.1386       21.3465  5438346    3.58%
 303506 259353       22.5404   104       22.1386       21.3465  5443285    3.58%
 303930 259658       21.9386    39       22.1386       21.3465  5451858    3.58%
Elapsed time = 3244.36 sec. (612726.92 ticks, tree = 10413.37 MB, solutions = 140)
Nodefile size = 8283.23 MB (3341.58 MB after compression)
 304299 260208       22.3386    35       22.1386       21.3465  5460175    3.58%
 304671 260399       22.1386    27       22.1386       21.3465  5463103    3.58%
 305030 260822       22.3386     6       22.1386       21.3465  5476684    3.58%
 305389 261016       22.3386    28       22.1386       21.3465  5483773    3.58%
 305776 261379       21.7386    57       22.1386       21.3465  5491173    3.58%
 306153 261582       22.1386    29       22.1386       21.3465  5497600    3.58%
 306567 262021       22.0386    82       22.1386       21.3465  5505607    3.58%
 306928 262334       22.1386    60       22.1386       21.3465  5513376    3.58%
 307313 262660       22.0386    75       22.1386       21.3465  5519747    3.58%
 307683 262790       21.7220    78       22.1386       21.3465  5524180    3.58%
Elapsed time = 3616.54 sec. (650974.38 ticks, tree = 10515.24 MB, solutions = 144)
Nodefile size = 8451.31 MB (3404.19 MB after compression)
 308062 263178       22.3386    22       22.1386       21.3465  5528806    3.58%
 308445 263659       21.7672    57       22.1386       21.3465  5539708    3.58%
 308827 263916       25.3344    77       22.1386       21.3465  5544359    3.58%
 309189 264132       22.0386    55       22.1386       21.3465  5549679    3.58%
 309513 264412       21.9545   106       22.1386       21.3465  5555573    3.58%
 309861 264724       22.1386    29       22.1386       21.3465  5560733    3.58%
 310214 265127       22.0386    93       22.1386       21.3465  5571560    3.58%
 310579 265289       22.3386    31       22.1386       21.3465  5575335    3.58%
 310947 265546       21.6386    57       22.1386       21.3465  5579268    3.58%
 311298 265975       22.1386    62       22.1386       21.3465  5586362    3.58%
Elapsed time = 3989.23 sec. (689184.22 ticks, tree = 10602.81 MB, solutions = 146)
Nodefile size = 8541.38 MB (3437.94 MB after compression)
 311631 266198       21.6386    71       22.1386       21.3465  5591143    3.58%
 311975 266624       22.2386     6       22.1386       21.3465  5597891    3.58%
 312316 266900       22.1386    63       22.1386       21.3465  5605983    3.58%
 312684 267109       22.1386     4       22.1386       21.3465  5609587    3.58%
 312990 267467       22.1386    29       22.1386       21.3465  5619283    3.58%
 313311 267569       22.1386    39       22.1386       21.3465  5620595    3.58%
 313671 267947       22.5386    65       22.1386       21.3465  5630134    3.58%
 313994 268118       22.1386     6       22.1386       21.3465  5632996    3.58%
 314304 268543       22.3386    38       22.1386       21.3465  5641212    3.58%
 314603 268841       22.3386    51       22.1386       21.3465  5649197    3.58%
Elapsed time = 4365.83 sec. (727385.79 ticks, tree = 10685.32 MB, solutions = 149)
Nodefile size = 8624.42 MB (3468.90 MB after compression)
 314927 268913       22.3386    59       22.1386       21.3465  5650759    3.58%
 315282 269359       22.3546    82       22.1386       21.3465  5659683    3.58%
 315638 269436       22.3386    78       22.1386       21.3465  5662761    3.58%
 315938 269921       22.3386    44       22.1386       21.3465  5671054    3.58%
 316256 270079       25.6344    68       22.1386       21.3465  5674468    3.58%
 316558 270318       22.3386    16       22.1386       21.3465  5679209    3.58%
 316867 270591       22.0386    79       22.1386       21.3465  5686706    3.58%
 317208 270871       22.0053    55       22.1386       21.3465  5690143    3.58%
 317523 271081       21.8386    68       22.1386       21.3465  5696497    3.58%
 317842 271472       22.3386    73       22.1386       21.3465  5704488    3.58%
Elapsed time = 4754.24 sec. (765634.13 ticks, tree = 10763.89 MB, solutions = 150)
Nodefile size = 8696.67 MB (3495.81 MB after compression)
 318141 271572       22.1386    18       22.1386       21.3465  5705876    3.58%
 318440 271861       22.3386    34       22.1386       21.3465  5712019    3.58%
 318736 272108       22.1386    32       22.1386       21.3465  5716216    3.58%
 319050 272420       22.3386    47       22.1386       21.3465  5723383    3.58%
 319365 272733       21.8386    98       22.1386       21.3465  5728394    3.58%
 319639 272961       22.1386    39       22.1386       21.3465  5733702    3.58%
 319953 273153       21.8765    93       22.1386       21.3465  5737069    3.58%
 320245 273338       21.7889    38       22.1386       21.3465  5743881    3.58%
 320545 273705       22.3386    42       22.1386       21.3465  5751093    3.58%
 320827 274002       22.3386     8       22.1386       21.3465  5757728    3.58%
Elapsed time = 5154.31 sec. (803883.40 ticks, tree = 10839.75 MB, solutions = 152)
Nodefile size = 8792.42 MB (3531.46 MB after compression)
 321093 274085       21.8386    74       22.1386       21.3465  5759163    3.58%
 321408 274468       21.6386    80       22.1386       21.3465  5767654    3.58%
 321696 274624       21.9386    55       22.1386       21.3465  5770818    3.58%
 321977 274800       22.1386    53       22.1386       21.3465  5779175    3.58%
 322245 275000       22.3386    11       22.1386       21.3465  5782689    3.58%
 322538 275290       22.1386    17       22.1386       21.3465  5789730    3.58%
 322824 275421       22.1386     9       22.1386       21.3465  5793134    3.58%
 323143 275655       22.1386    73       22.1386       21.3465  5800337    3.58%
 323444 275991       22.4386    83       22.1386       21.3465  5805867    3.58%
 323739 276262       22.1386   128       22.1386       21.3465  5812364    3.58%
Elapsed time = 5540.64 sec. (842134.91 ticks, tree = 10905.22 MB, solutions = 153)
Nodefile size = 8857.97 MB (3555.98 MB after compression)
 324025 276550       21.9492    66       22.1386       21.3465  5815085    3.58%
 324287 276756       22.0386    64       22.1386       21.3465  5820778    3.58%
 324587 276920       21.7492    69       22.1386       21.3465  5823625    3.58%
 324882 277295       22.1386    97       22.1386       21.3465  5831203    3.58%
 325141 277514       22.0386   108       22.1386       21.3465  5834570    3.58%
 325438 277741       21.7386    51       22.1386       21.3465  5838844    3.58%
 325712 277960       21.8386    43       22.1386       21.3465  5843648    3.58%
 325975 278174       22.1386     8       22.1386       21.3465  5847615    3.58%
 326240 278308       22.2386    51       22.1386       21.3465  5850169    3.58%
 326498 278531       22.3426   117       22.1386       21.3465  5856317    3.58%
Elapsed time = 5954.77 sec. (880453.72 ticks, tree = 10971.89 MB, solutions = 155)
Nodefile size = 8906.80 MB (3574.14 MB after compression)
 326777 278792       22.4386    30       22.1386       21.3465  5863451    3.58%
 327048 279024       22.1386    14       22.1386       21.3465  5867884    3.58%
 327323 279170       22.1386    58       22.1386       21.3465  5871042    3.58%
 327584 279358       21.9386    43       22.1386       21.3465  5877166    3.58%
 327881 279693       22.6386    49       22.1386       21.3465  5880286    3.58%
 328160 279983       22.1386    50       22.1386       21.3465  5887377    3.58%
 328423 280204       22.1386    19       22.1386       21.3465  5892301    3.58%
 328698 280407       22.1386    14       22.1386       21.3465  5898865    3.58%
 328951 280631       21.7053    83       22.1386       21.3465  5903976    3.58%
 329206 280717       22.0765    67       22.1386       21.3465  5906000    3.58%
Elapsed time = 6389.86 sec. (918782.57 ticks, tree = 11038.70 MB, solutions = 156)
Nodefile size = 8915.56 MB (3577.42 MB after compression)
 329464 280962       22.1386    40       22.1386       21.3465  5910864    3.58%
 329738 281174       21.9386    35       22.1386       21.3465  5915037    3.58%
 329995 281443       22.3386    33       22.1386       21.3465  5921529    3.58%
 330275 281625       22.1386    49       22.1386       21.3465  5925762    3.58%
 330543 281851       22.5386    38       22.1386       21.3465  5931614    3.58%
 330778 282028       21.9386    87       22.1386       21.3465  5933879    3.58%
 331029 282261       22.3386    30       22.1386       21.3465  5935702    3.58%
 331296 282521       21.9386    36       22.1386       21.3465  5942188    3.58%
 331521 282632       22.1386   102       22.1386       21.3465  5946441    3.58%
 331756 282846       22.1386    79       22.1386       21.3465  5949630    3.58%
Elapsed time = 6802.17 sec. (957032.32 ticks, tree = 11102.15 MB, solutions = 160)
Nodefile size = 9043.60 MB (3625.15 MB after compression)
 331979 283082       22.1386    46       22.1386       21.3465  5954003    3.58%
 332233 283299       21.9386    54       22.1386       21.3465  5961053    3.58%
 332452 283528       21.8386   113       22.1386       21.3465  5964947    3.58%
 332697 283729       21.8386    74       22.1386       21.3465  5968393    3.58%
 332929 283855       21.8386    60       22.1386       21.3465  5972105    3.58%
 333138 284006       21.9386    95       22.1386       21.3465  5974631    3.58%
 333368 284268       22.2386    42       22.1386       21.3465  5981197    3.58%
 333527 284476       21.6672    61       22.1386       21.3465  5986423    3.58%
 333774 284617       21.8386    96       22.1386       21.3465  5988538    3.58%
 333923 284727       21.8386    62       22.1386       21.3465  5990634    3.58%
Elapsed time = 7243.21 sec. (995466.46 ticks, tree = 12135.58 MB, solutions = 163)
Nodefile size = 10053.19 MB (4059.58 MB after compression)

Clique cuts applied:  844
Cover cuts applied:  3
Implied bound cuts applied:  165
Flow cuts applied:  47
Mixed integer rounding cuts applied:  5428
Zero-half cuts applied:  241
Lift and project cuts applied:  23
Gomory fractional cuts applied:  54

Root node processing (before b&c):
  Real time             =    0.22 sec. (133.96 ticks)
Parallel b&c, 32 threads:
  Real time             = 7192.15 sec. (972534.62 ticks)
  Sync time (average)   = 6423.09 sec.
  Wait time (average)   =    0.29 sec.
                          ------------
Total (root+branch&cut) = 7192.37 sec. (972668.57 ticks)

Solution pool: 100 solutions saved (63 replaced).

Populate - Time limit exceeded, integer optimal:  Objective =  2.2138618090e+01
Current MIP best bound =  2.1346538882e+01 (gap = 0.792079, 3.58%)
Solution time = 7243.48 sec.  Iterations = 6057110  Nodes = 333955 (287987)
Deterministic time = 998330.12 ticks  (137.82 ticks/sec)

CPLEX> Solution pool written to file 'results_cplex_1_1.txt'.
CPLEX> 
Welcome to IBM(R) ILOG(R) CPLEX(R) Interactive Optimizer 12.7.1.0
  with Simplex, Mixed Integer & Barrier Optimizers
5725-A06 5725-A29 5724-Y48 5724-Y49 5724-Y54 5724-Y55 5655-Y21
Copyright IBM Corp. 1988, 2017.  All Rights Reserved.

Type 'help' for a list of available commands.
Type 'help' followed by a command name for more
information on commands.

CPLEX> Warning, line 504252: Name 'dist_XMetab__1110___c____' does not exist.
Warning, line 504402: Name 'dist_XMetab__6029___e____' does not exist.
Warning, line 504403: Name 'dist_XMetab__6029___l____' does not exist.
Warning, line 515950: Name 'dist_XMetab__1110___c____' does not exist.
Warning, line 516100: Name 'dist_XMetab__6029___e____' does not exist.
Warning, line 516101: Name 'dist_XMetab__6029___l____' does not exist.
Problem 'testFile_1_1.lp' read.
Read time = 0.44 sec. (39.80 ticks)
CPLEX> New value for mixed integer optimality gap tolerance: 0.2
CPLEX> New value for relative objective gap: 0.0001
CPLEX> New value for solution pool replacement strategy: 2
CPLEX> New value for solutions limit for each populate call: 500
CPLEX> New value for capacity of solution pool: 100
CPLEX> New value for intensity for populating the MIP solution pool: 4
CPLEX> New value for time limit in seconds: 21600
CPLEX> New value for default parallel thread count: 0
CPLEX> CPXPARAM_TimeLimit                               21600
CPXPARAM_Read_APIEncoding                        "UTF-8"
CPXPARAM_MIP_Tolerances_MIPGap                   0.20000000000000001
CPXPARAM_MIP_Pool_Capacity                       100
CPXPARAM_MIP_Pool_Replace                        2
CPXPARAM_MIP_Pool_RelGap                         0.0001
CPXPARAM_MIP_Pool_Intensity                      4
CPXPARAM_MIP_Limits_Populate                     500

Populate: phase I 
Tried aggregator 3 times.
MIP Presolve eliminated 152243 rows and 15500 columns.
MIP Presolve modified 598 coefficients.
Aggregator did 8755 substitutions.
Reduced MIP has 198251 rows, 123224 columns, and 600759 nonzeros.
Reduced MIP has 109067 binaries, 2565 generals, 0 SOSs, and 0 indicators.
Presolve time = 0.87 sec. (836.60 ticks)
Found incumbent of value 449.472560 after 1.04 sec. (952.17 ticks)
Probing fixed 2606 vars, tightened 124 bounds.
Probing changed sense of 31 constraints.
Probing time = 3.25 sec. (629.03 ticks)
Tried aggregator 3 times.
MIP Presolve eliminated 21317 rows and 28099 columns.
MIP Presolve modified 17 coefficients.
Aggregator did 823 substitutions.
Reduced MIP has 176111 rows, 94302 columns, and 540981 nonzeros.
Reduced MIP has 80282 binaries, 2428 generals, 0 SOSs, and 0 indicators.
Presolve time = 1.47 sec. (1208.18 ticks)
Probing fixed 79 vars, tightened 2 bounds.
Probing time = 1.72 sec. (289.49 ticks)
Tried aggregator 3 times.
MIP Presolve eliminated 26682 rows and 24151 columns.
MIP Presolve modified 66 coefficients.
Aggregator did 1578 substitutions.
Reduced MIP has 147851 rows, 68573 columns, and 468813 nonzeros.
Reduced MIP has 55139 binaries, 1842 generals, 0 SOSs, and 0 indicators.
Presolve time = 1.08 sec. (875.01 ticks)
Probing time = 1.14 sec. (147.82 ticks)
Tried aggregator 3 times.
MIP Presolve eliminated 20744 rows and 16961 columns.
MIP Presolve modified 169 coefficients.
Aggregator did 1506 substitutions.
Reduced MIP has 125601 rows, 50106 columns, and 412487 nonzeros.
Reduced MIP has 37986 binaries, 528 generals, 0 SOSs, and 0 indicators.
Presolve time = 0.82 sec. (736.30 ticks)
Probing fixed 4 vars, tightened 0 bounds.
Probing time = 0.84 sec. (107.12 ticks)
Clique table members: 256396.
MIP emphasis: balance optimality and feasibility.
MIP search method: dynamic search.
Parallel mode: deterministic, using up to 32 threads.
Root relaxation solution time = 0.93 sec. (794.45 ticks)

        Nodes                                         Cuts/
   Node  Left     Objective  IInf  Best Integer    Best Bound    ItCnt     Gap

*     0+    0                          449.4726        5.5032            98.78%
*     0+    0                          293.1374        5.5032            98.12%
      0     0       34.1799   183      293.1374       34.1799     1765   88.34%
      0     0       45.5861   189      293.1374    Cuts: 1983     2772   84.45%
      0     0       48.9873   250      293.1374    Cuts: 4932     4013   83.29%
      0     0       49.8873   235      293.1374    Cuts: 2173     4652   82.98%
      0     0       50.3873   266      293.1374    Cuts: 1699     5323   82.81%
      0     0       50.7842   234      293.1374    Cuts: 1793     6400   82.68%
      0     0       51.1873   276      293.1374    Cuts: 1167     7245   82.54%
      0     0       51.2873   343      293.1374     Cuts: 627     7531   82.50%
      0     0       51.2873   246      293.1374     Cuts: 564     8054   82.50%
      0     0       51.2879   296      293.1374     Cuts: 603     8479   82.50%
      0     0       51.2879   244      293.1374    Cuts: 1561     8688   82.50%
      0     0       51.2879   256      293.1374     Cuts: 373     8883   82.50%
      0     2       51.2879   256      293.1374       51.2879     8883   82.50%
Elapsed time = 44.05 sec. (26978.40 ticks, tree = 0.01 MB, solutions = 1)
      1     3       51.3174   244      293.1374       51.3026     9088   82.50%
      2     4       51.3279   238      293.1374       51.3026     9540   82.50%
      3     3       51.3796   617      293.1374       51.3026    12699   82.50%
      4     6       51.4235   629      293.1374       51.3214    13907   82.49%
      6     6    infeasible            293.1374       51.3214    14536   82.49%
      7     5       51.3448   238      293.1374       51.3214     9629   82.49%
      8     8       52.8536   612      293.1374       51.3214    14725   82.49%
      9     6       52.0124   668      293.1374       51.3214    15175   82.49%
     10     9       55.0250   605      293.1374       51.3214    15980   82.49%
     13    11       56.3984   596      293.1374       51.3214    17878   82.49%
Elapsed time = 65.94 sec. (37235.55 ticks, tree = 0.01 MB, solutions = 1)
     23    18       56.4093   601      293.1374       51.3214    21179   82.49%
     50    19       56.4093   593      293.1374       51.3214    21310   82.49%
    127    48       58.9362   596      293.1374       51.3214    33992   82.49%
    207    64       58.6673   596      293.1374       51.3214    40696   82.49%
    232   199       58.7526   565      293.1374       51.3214    76954   82.49%
    332   245       57.9374   418      293.1374       51.3214    85401   82.49%
    507   318       57.9403   510      293.1374       51.3214    96857   82.49%
    758   467       60.4563   502      293.1374       51.3663   113252   82.48%
    962   656       62.8300   515      293.1374       51.3663   128860   82.48%
   1181   895       63.3848   407      293.1374       51.6692   162044   82.37%
Elapsed time = 97.54 sec. (46946.28 ticks, tree = 621.90 MB, solutions = 1)
   1438  1001       77.8158   433      293.1374       51.6692   177930   82.37%
   1725  1293       66.1483   493      293.1374       51.6692   197635   82.37%
   1944  1525       72.6292   469      293.1374       52.0454   227856   82.25%
   2214  1457       78.0158   402      293.1374       52.1098   222498   82.22%
   2430  1929       74.8400   382      293.1374       52.1098   268649   82.22%
   2682  1976       59.6477  1089      293.1374       52.1098   276108   82.22%
   2979  2064       77.1739   451      293.1374       52.1098   283112   82.22%
   3273  2334       72.9415   396      293.1374       52.1098   317213   82.22%
   3635  2289       67.1230   397      293.1374       52.1098   312460   82.22%
   3990  2604       83.3085   750      293.1374       52.1098   333407   82.22%
Elapsed time = 143.58 sec. (56526.20 ticks, tree = 3129.23 MB, solutions = 1)
Nodefile size = 1082.61 MB (566.64 MB after compression)
   4361  2847       71.1562   440      293.1374       52.1098   345219   82.22%
   4795  3033       86.7441   573      293.1374       52.1098   353693   82.22%
   5191  3373       84.8353   282      293.1374       52.1098   370475   82.22%
   5491  3969       76.7806   537      293.1374       52.1098   388687   82.22%
   5761  4028       91.8877   182      293.1374       52.1098   390639   82.22%
   5891  4101    infeasible            293.1374       52.1098   391271   82.22%
   5899  4975       54.8990   211      293.1374       54.8990   466470   81.27%
   5900  4976       55.1078   197      293.1374       54.9165   470878   81.27%
   5901  4977       55.1078   179      293.1374       54.9165   471939   81.27%
   5902  3732       55.2675   186      293.1374       54.9165   471049   81.27%
Elapsed time = 461.75 sec. (234197.43 ticks, tree = 1535.40 MB, solutions = 1)
   5903  3735       55.2781   199      293.1374       55.1078   476648   81.20%
   5904  3736       55.4578   210      293.1374       55.1078   479535   81.20%
   5905  3736       55.4637   210      293.1374       55.1078   483040   81.20%
   5906  3736       55.4749   201      293.1374       55.1078   483670   81.20%
   5908  3737       55.4810   202      293.1374       55.1078   483786   81.20%
   5909  3738       55.4850   200      293.1374       55.1078   484983   81.20%
   5910  3426       57.4646   191      293.1374       55.1078   486698   81.20%
   5913  2287       56.8107   175      293.1374       55.1078   485434   81.20%
   5917   654       55.1495   269      293.1374       55.1078   477046   81.20%
   5921   231       56.8849   177      293.1374       55.1078   492058   81.20%
Elapsed time = 507.15 sec. (256338.90 ticks, tree = 88.53 MB, solutions = 1)
   5925   210       57.6232   190      293.1374       55.1130   500476   81.20%
   5930    44       61.6038   157      293.1374       55.1495   492439   81.19%
   5938    31       58.7178   206      293.1374       55.1495   518974   81.19%
   5943    23       55.8590   306      293.1374       55.1495   515908   81.19%
   5954    24       58.9004   207      293.1374       55.1495   519117   81.19%
   5963    26       59.8141   173      293.1374       55.1495   519873   81.19%
   5974    33       58.0948   153      293.1374       55.1495   529049   81.19%
   5985    54       61.7879   159      293.1374       55.1495   558779   81.19%
   5995    61       60.6069   156      293.1374       55.1495   568052   81.19%
   6004    30       56.3433   210      293.1374       55.1495   531669   81.19%
Elapsed time = 535.07 sec. (266839.45 ticks, tree = 7.35 MB, solutions = 1)
   6014    62       55.4648   346      293.1374       55.1495   585374   81.19%
   6025    69       60.5415   172      293.1374       55.1495   596818   81.19%
   6041    65       58.9713   206      293.1374       55.1495   591880   81.19%
   6056    90       59.2052   159      293.1374       55.1495   644879   81.19%
   6072    75       55.4559   378      293.1374       55.1495   634004   81.19%
   6090    88       62.6404   190      293.1374       55.1495   641241   81.19%
   6113   105       59.5245   145      293.1374       55.1495   664686   81.19%
   6162   147       64.3433   165      293.1374       55.1495   696538   81.19%
   6222   120       58.7791   268      293.1374       55.1495   679520   81.19%
   6299   158       67.6491   116      293.1374       55.1495   700422   81.19%
Elapsed time = 564.11 sec. (277169.47 ticks, tree = 88.38 MB, solutions = 1)
   6419   165    infeasible            293.1374       55.1495   702406   81.19%
   6519   185       66.2191    88      293.1374       55.1495   705899   81.19%
   6580   198       62.6537    64      293.1374       55.1495   704730   81.19%
   6630   292       68.5543    76      293.1374       55.1495   721199   81.19%
   6707   507       62.8537   110      293.1374       55.1495   749947   81.19%
   6841   303       68.8622    66      293.1374       55.1495   721555   81.19%
   7041   687       62.9334   166      293.1374       55.1495   769267   81.19%
   7270   608       65.6477    84      293.1374       55.1495   761574   81.19%
   7510   610       69.9734   106      293.1374       55.1495   758756   81.19%
   7830   857       62.8854    74      293.1374       55.1495   786930   81.19%
Elapsed time = 593.27 sec. (286753.30 ticks, tree = 894.43 MB, solutions = 1)
   8118   790       72.8989   236      293.1374       55.1495   780943   81.19%
   8367  1674       79.8182    72      293.1374       55.1495   823510   81.19%
   8666  1689       80.2460    72      293.1374       55.1495   823757   81.19%
   8984  1908       81.2898    50      293.1374       55.3466   830518   81.12%
   9285  1380       75.5222    78      293.1374       55.3466   807409   81.12%
   9463  2402       74.7393    42      293.1374       55.3466   856065   81.12%
   9660  1793    infeasible            293.1374       55.3466   829128   81.12%
   9919  2902       71.5562    32      293.1374       55.3466   872673   81.12%
  10175  2610       58.9377    82      293.1374       55.3466   863820   81.12%
  10428  2312       77.5276    73      293.1374       55.3466   855703   81.12%
Elapsed time = 630.17 sec. (296333.13 ticks, tree = 3803.06 MB, solutions = 1)
Nodefile size = 1755.86 MB (1038.34 MB after compression)
  10678  2765       80.8076    92      293.1374       55.3466   867639   81.12%
  10916  3426       79.1440    62      293.1374       55.3466   893500   81.12%
  11118  3252       64.1206    42      293.1374       55.3466   883482   81.12%
  11333  3521       78.6114    91      293.1374       55.3466   898292   81.12%
  11581  4369       63.8206    34      293.1374       55.3466   931265   81.12%
  11826  4248       58.4303   235      293.1374       55.3466   921695   81.12%
  12099  5069    infeasible            293.1374       55.3466   962237   81.12%
  12342  4523       72.3397    16      293.1374       55.3466   938369   81.12%
  12687  5289       61.1073   198      293.1374       55.3466   972985   81.12%
  13762  5942       70.9439   273      293.1374       55.3466  1006411   81.12%
Elapsed time = 689.71 sec. (308760.99 ticks, tree = 8486.47 MB, solutions = 1)
Nodefile size = 6440.31 MB (3841.12 MB after compression)
  14914  6851    infeasible            293.1374       55.3940  1045194   81.10%
  16089  8166       61.1224   208      293.1374       55.3940  1123475   81.10%
  17335  8888       57.7220   302      293.1374       55.3940  1150309   81.10%
  18536 10345       76.3688   182      293.1374       55.3940  1214162   81.10%
  19755 11194       65.1594   294      293.1374       55.5330  1245624   81.06%
  20564 12396       62.5670   186      293.1374       55.5330  1284546   81.06%
  21045 13391       85.6117    38      293.1374       55.5330  1324189   81.06%
  21667 13910       81.2062   170      293.1374       55.5330  1356184   81.06%
  23221 14938       81.6193   170      293.1374       55.5330  1410872   81.06%
  24344 15312       60.7777   277      293.1374       55.5330  1423012   81.06%
Elapsed time = 855.63 sec. (346956.31 ticks, tree = 22272.39 MB, solutions = 1)
Nodefile size = 20225.26 MB (12422.29 MB after compression)
  25289 17070       62.9179    88      293.1374       55.5330  1477369   81.06%
  26133 17547       83.4162    73      293.1374       55.5330  1498187   81.06%
  27293 19014       79.4180   150      293.1374       55.5330  1555771   81.06%
  28601 19243       68.5129   146      293.1374       55.5330  1566552   81.06%
  29307 20459       90.8063    50      293.1374       55.5330  1620758   81.06%
  30128 21819       74.2543    36      293.1374       55.5330  1696631   81.06%
  31518 22658       81.3826    59      293.1374       55.5330  1735543   81.06%
  32612 23252       58.4321   216      293.1374       55.5330  1754107   81.06%
  33576 24694       77.0861    40      293.1374       55.5330  1811789   81.06%
  34761 25312      112.2139    42      293.1374       55.5330  1839840   81.06%
Elapsed time = 1027.05 sec. (385142.88 ticks, tree = 36618.58 MB, solutions = 1)
Nodefile size = 34572.90 MB (21405.45 MB after compression)
  35755 26888       63.4574   178      293.1374       55.5330  1914438   81.06%
  37117 27576       79.0977   124      293.1374       56.3463  1948304   80.78%
  38195 28893       81.5118   160      293.1374       56.3463  2003730   80.78%
  38940 29736       58.0384   200      293.1374       56.3463  2039325   80.78%
  40136 30967       57.8855   213      293.1374       56.3611  2092738   80.77%
  41422 31089       67.7793   245      293.1374       56.3611  2097350   80.77%
  41895 32039       89.5771    24      293.1374       56.4102  2134091   80.76%
  42996 33453       69.0671   221      293.1374       56.4102  2189210   80.76%
  44280 34296       61.2292   196      293.1374       56.4102  2228117   80.76%
  45577 34892       63.1181   114      293.1374       56.4102  2246265   80.76%
Elapsed time = 1192.54 sec. (423317.01 ticks, tree = 50981.09 MB, solutions = 1)
Nodefile size = 48935.04 MB (30609.19 MB after compression)
  46859 36382       68.9131   196      293.1374       56.4102  2300041   80.76%
  48064 37912    infeasible            293.1374       56.4102  2358210   80.76%
  49332 38345       59.6303   292      293.1374       56.4102  2379252   80.76%
  50794 39289      109.5467   276      293.1374       56.4102  2410504   80.76%
  51957 40848       68.8356   198      293.1374       56.4102  2471583   80.76%
  53043 41497       80.9438   231      293.1374       56.4102  2487257   80.76%
  54020 43559       68.1293   220      293.1374       56.4102  2560320   80.76%
  55367 43894       61.8975   180      293.1374       56.4102  2571246   80.76%
  56607 45650       69.9267   206      293.1374       56.4102  2641539   80.76%
* 57188+46032                          271.4225       56.4102            79.22%
  57513 45961    infeasible            271.4225       56.4102  2651373   79.22%
Elapsed time = 1383.36 sec. (461498.43 ticks, tree = 66745.73 MB, solutions = 1)
Nodefile size = 64530.12 MB (40482.70 MB after compression)
* 57586+46197                          244.2301       56.4102            76.90%
* 57592+46197                          219.9678       56.4102            74.36%
  57594 47197       58.2321   194      219.9678       56.4102  2691420   74.36%
* 57602+46197                          203.3910       56.4102            72.27%
  57799 47867       63.2610   178      203.3910       56.4102  2708767   72.27%
* 58347+48221                          118.1270       56.4102            52.25%
  58667 48360       62.7632   192      118.1270       56.4102  2730936   52.25%
* 58841+48474                           95.1609       56.4102            40.72%
* 60015+48483                           89.8455       56.4102            37.21%
  60068 48947       73.3517   218       89.8455       56.4102  2759674   37.21%
  61455 49536       58.4558   218       89.8455       57.6657  2783743   35.82%
* 62228+50824                           83.0067       57.6657            30.53%
  62952 50903    infeasible             83.0067       57.6657  2837513   30.53%
  64492 51754       61.3864   188       83.0067       57.6657  2872691   30.53%
* 65045+51949                           79.3428       57.6657            27.32%
  65601 53464       60.8321   198       79.3428       57.6657  2929076   27.32%
  66444 55109       58.2321   202       79.3428       57.6657  2980932   27.32%
* 66575+55053                           79.1428       57.6657            27.14%
  67451 55529       78.0325    76       79.1428       57.6657  2993735   27.14%
Elapsed time = 1567.65 sec. (499724.43 ticks, tree = 77824.14 MB, solutions = 1)
Nodefile size = 76747.73 MB (48088.77 MB after compression)
  68788 56670       59.8321   142       79.1428       57.8321  3041234   26.93%
  69966 57184       61.0380   193       79.1428       57.8321  3068988   26.93%
  71116 58426       73.6398   181       79.1428       57.8321  3110934   26.93%
  72014 59743       69.5837   142       79.1428       57.8321  3163509   26.93%
  72499 60156       60.8090   250       79.1428       57.8321  3177531   26.93%
  73062 60904       61.7763   154       79.1428       57.8321  3211756   26.93%
  74683 61821       60.3329   202       79.1428       57.8321  3253043   26.93%
  76261 62760       59.2321   178       79.1428       57.8321  3290054   26.93%
  77384 63794       72.6809    44       79.1428       57.8321  3326592   26.93%
  78359 65112       65.3977    72       79.1428       57.8321  3366865   26.93%
Elapsed time = 1800.59 sec. (537918.10 ticks, tree = 91700.18 MB, solutions = 1)
Nodefile size = 89630.53 MB (56151.63 MB after compression)
  79433 65436       60.5823   182       79.1428       57.8321  3377585   26.93%
* 79918+66266                           78.1669       57.8321            26.01%
  80428 67046       58.3321   192       78.1669       57.8321  3428894   26.01%
  81467 68535       64.9323   174       78.1669       57.8321  3477043   26.01%
  82454 69025       74.1708    50       78.1669       57.8321  3489096   26.01%
  83475 69305       76.5297    60       78.1669       57.8321  3500254   26.01%
  84516 71323       60.4323   222       78.1669       57.8321  3560220   26.01%
  85599 71983       73.2934    58       78.1669       57.8321  3580755   26.01%
  86674 72857       68.3598   184       78.1669       57.8321  3614600   26.01%
  87688 73513       68.9676   239       78.1669       57.8321  3637761   26.01%
  88712 74656       75.4007   170       78.1669       57.8321  3670413   26.01%
Elapsed time = 2054.08 sec. (576090.68 ticks, tree = 103387.83 MB, solutions = 2)
Nodefile size = 103387.71 MB (64846.81 MB after compression)
* 88814+74805                           76.1511       57.8321            24.06%
  89706 75086       63.6970   208       76.1511       57.8321  3692994   24.06%
  90739 77205       60.9479   186       76.1511       57.8321  3769402   24.06%
  91814 78067       64.0168   152       76.1511       57.8321  3801169   24.06%
  92732 77799       63.6422   110       76.1511       57.8321  3791462   24.06%
  93708 79076       60.0634   214       76.1511       57.8321  3835205   24.06%
  94763 80399       58.8321   186       76.1511       57.8321  3893129   24.06%
  95802 81254       73.6861    37       76.1511       57.8321  3920710   24.06%
  96776 82253       58.3974   219       76.1511       57.8321  3954754   24.06%
  97717 82551       75.3292   113       76.1511       57.8321  3961847   24.06%
  98579 83737       62.9172    49       76.1511       57.8321  4006138   24.06%
Elapsed time = 2314.10 sec. (614287.58 ticks, tree = 116516.37 MB, solutions = 1)
Nodefile size = 116516.26 MB (73196.24 MB after compression)
* 99037+84079                           75.2193       57.8321            23.12%
  99425 84441       62.1479   153       75.2193       57.8321  4028157   23.12%
 100466 85924       64.1789   241       75.2193       57.8321  4084402   23.12%
*101036+86044                           75.0193       57.8321            22.91%
 101314 86298       61.7634   144       75.0193       57.8321  4102775   22.91%
 102169 87311       64.3494   210       75.0193       57.8321  4141394   22.91%
 102749 88508       73.9464    97       75.0193       57.8321  4197111   22.91%
 103254 89206       60.6422   214       75.0193       57.8321  4231680   22.91%
 103620 89854       69.5923    48       75.0193       57.8321  4255362   22.91%
 104259 91645       60.5274   244       75.0193       57.8321  4327734   22.91%
 105687 91567       66.6922   196       75.0193       57.8321  4324252   22.91%
 107146 92518       62.0813   193       75.0193       57.8321  4373371   22.91%
Elapsed time = 2599.21 sec. (652485.56 ticks, tree = 128279.86 MB, solutions = 2)
Nodefile size = 128279.75 MB (80667.32 MB after compression)
 108319 93666       58.9459   215       75.0193       57.8321  4414995   22.91%
 109139 94230       71.8493   242       75.0193       57.8321  4451195   22.91%
 110041 94789       69.2947   234       75.0193       57.8321  4484624   22.91%
 110980 96030       73.0275    28       75.0193       57.8321  4535799   22.91%
 111806 96518       63.3499   205       75.0193       57.8321  4560691   22.91%
 112678 97356       67.3125   186       75.0193       57.8321  4600489   22.91%
 113630 98765       64.3724   206       75.0193       57.8321  4673783   22.91%
 114577 99305       68.4125    79       75.0193       57.8321  4701699   22.91%
 115388 99789       69.5115   287       75.0193       57.8321  4735732   22.91%
 116326 101269       69.5448   214       75.0193       57.8321  4800604   22.91%
Elapsed time = 2894.33 sec. (690698.72 ticks, tree = 142396.89 MB, solutions = 2)
Nodefile size = 140348.54 MB (88307.45 MB after compression)
 117298 101789       74.5819    34       75.0193       57.8321  4828973   22.91%
 118370 102744       58.1321   206       75.0193       57.8321  4874485   22.91%
 119481 104207       59.1410   130       75.0193       57.8321  4939054   22.91%
 120567 103911       65.3422    87       75.0193       57.8321  4922506   22.91%
 121503 105333       71.0133   222       75.0193       57.8321  4982573   22.91%
*122103+105477                           74.6148       57.8321            22.49%
 122442 106310       62.6574   166       74.6148       57.8321  5022292   22.49%
 123526 107387       60.9149   202       74.6148       57.8321  5067231   22.49%
 124394 107811       71.3231   208       74.6148       57.8321  5083838   22.49%
 125163 109420       73.6014   206       74.6148       57.8321  5145724   22.49%
*125695+109514                           74.0148       57.8321            21.86%
 125912 110086       61.4217   214       74.0148       57.8321  5173260   21.86%
Elapsed time = 3198.80 sec. (728877.89 ticks, tree = 154528.84 MB, solutions = 1)
Nodefile size = 152481.67 MB (95874.86 MB after compression)
 126899 110280       59.0821   188       74.0148       57.8321  5181483   21.86%
*127955+110491                           73.2148       57.8321            21.01%
 128041 112009       64.1769   128       73.2148       57.8321  5256231   21.01%
 128977 112394       60.3823   212       73.2148       57.8321  5273935   21.01%
 129736 112571       61.3634   206       73.2148       57.8321  5276358   21.01%
 130507 114712       58.7657   218       73.2148       57.8321  5354263   21.01%
*130511+114246                           73.0148       57.8321            20.79%
 131466 114309       73.0044   178       73.0148       57.8321  5331583   20.79%
 132411 116385       63.1721   190       73.0148       57.8321  5427969   20.79%
 133486 116213       62.2975   122       73.0148       57.8321  5416856   20.79%
 134477 117696       69.5845    26       73.0148       57.8321  5489841   20.79%
 135346 118857       66.5149   218       73.0148       57.8321  5530697   20.79%
Elapsed time = 3508.17 sec. (767068.71 ticks, tree = 166822.82 MB, solutions = 1)
Nodefile size = 164777.02 MB (103552.58 MB after compression)
 136145 119266       68.2632   213       73.0148       57.8321  5548097   20.79%
 136718 119786       58.5618   214       73.0148       57.8321  5572741   20.79%
 137070 121252       68.0534   206       73.0148       57.8321  5614717   20.79%
 137867 121629       63.1477    72       73.0148       57.8321  5625293   20.79%
 138969 122319       62.9405   238       73.0148       57.8321  5660436   20.79%
 140094 123322       60.5468   242       73.0148       57.8321  5704251   20.79%
 140766 124442       63.1987    52       73.0148       57.8321  5747111   20.79%
 141223 125513       59.0321   204       73.0148       57.8321  5789128   20.79%
 141941 125681       59.5941   218       73.0148       57.8321  5794992   20.79%
 143135 126648       73.6233   202       73.0148       57.8321  5841638   20.79%
Elapsed time = 3836.31 sec. (805284.50 ticks, tree = 176419.70 MB, solutions = 1)
Nodefile size = 176419.59 MB (110918.12 MB after compression)
 144649 126448       63.7145   212       73.0148       57.8321  5828717   20.79%
 145744 128315       71.7443   133       73.0148       57.8321  5899674   20.79%
 146647 129199       61.3292   202       73.0148       57.8321  5934792   20.79%
 147534 130065       62.0422   204       73.0148       57.8321  5973275   20.79%
 148287 129823       70.4599    48       73.0148       57.8321  5954003   20.79%
 149135 130536       66.5857   235       73.0148       57.8321  5993958   20.79%
 150090 132262       63.9834   228       73.0148       57.8321  6064344   20.79%
 150965 133479       65.2846   154       73.0148       57.8321  6111652   20.79%
 151767 134204       66.7783   163       73.0148       57.8321  6145356   20.79%
 152576 134344       65.0125   223       73.0148       57.8321  6154067   20.79%
Elapsed time = 4160.07 sec. (843507.79 ticks, tree = 188729.80 MB, solutions = 1)
Nodefile size = 188729.68 MB (118662.35 MB after compression)
 153285 135161       73.4645   164       73.0148       57.8321  6191033   20.79%
 154029 135928       59.9968   220       73.0148       57.8321  6224062   20.79%
 154946 137579       65.9570   213       73.0148       57.8321  6311324   20.79%
 155793 138656       65.4195   195       73.0148       57.8321  6350941   20.79%
 156599 139515       61.0600   194       73.0148       57.8321  6380982   20.79%
 157578 139948       66.4444   251       73.0148       57.8321  6403831   20.79%
 158454 139350       70.6114    88       73.0148       57.8321  6375126   20.79%
 159407 141471       58.4606   323       73.0148       57.8321  6476067   20.79%
 160194 141396       65.0050   310       73.0148       57.8321  6472627   20.79%
 160652 141793       68.3815   284       73.0148       57.8321  6489472   20.79%
Elapsed time = 4498.30 sec. (881713.13 ticks, tree = 200371.76 MB, solutions = 1)
Nodefile size = 200371.65 MB (126007.92 MB after compression)
 161112 143461       60.9975   198       73.0148       57.8321  6561657   20.79%
 161772 143988       58.0303   288       73.0148       57.8321  6588002   20.79%
 162808 145272       70.8058   184       73.0148       57.8321  6644624   20.79%
 164025 145208       64.0811   184       73.0148       57.8321  6643537   20.79%
 165095 145871       65.2062   248       73.0148       57.8321  6671198   20.79%
 165940 147296       70.0467   302       73.0148       57.8321  6725128   20.79%
 166899 147346       61.5846   284       73.0148       57.8321  6727981   20.79%
 167843 149390       67.0061   274       73.0148       57.8321  6818353   20.79%
 168640 149654       69.6035   218       73.0148       57.8321  6832364   20.79%
 169630 150908       65.0588    50       73.0148       57.8321  6881657   20.79%
Elapsed time = 4831.08 sec. (919911.48 ticks, tree = 211652.26 MB, solutions = 1)
Nodefile size = 211652.15 MB (133372.92 MB after compression)
 170411 151534       72.7257   312       73.0148       57.8321  6910678   20.79%
 171355 151369       65.8168   228       73.0148       57.8321  6898768   20.79%
 172258 153676       71.7253   192       73.0148       57.8321  7016349   20.79%
 173081 152809       60.3292   194       73.0148       57.8321  6972094   20.79%
 173890 154698       67.6340   128       73.0148       57.8321  7052031   20.79%
 174760 155500       70.5824   143       73.0148       57.8321  7085386   20.79%
 175767 156336       61.6975   190       73.0148       57.8321  7128788   20.79%
 176649 156993       69.7668    50       73.0148       57.8321  7153401   20.79%
 177435 157506       65.5689   100       73.0148       57.8321  7180120   20.79%
 178245 159710       66.1689    28       73.0148       57.8321  7256167   20.79%
Elapsed time = 5163.29 sec. (958100.14 ticks, tree = 223390.47 MB, solutions = 1)
Nodefile size = 223390.36 MB (140834.11 MB after compression)
 179255 160353       60.7321   174       73.0148       57.8321  7283418   20.79%
 180173 161206       58.9321   164       73.0148       57.8321  7313192   20.79%
*180741+160034                           71.5835       57.8321            19.21%
 181051 161277       59.0321    70       71.5835       57.8321  7315569   19.21%
 181790 161708       60.6292    96       71.5835       57.8321  7333748   19.21%
 182143 162170       67.4446   188       71.5835       57.8321  7359131   19.21%

GUB cover cuts applied:  2
Clique cuts applied:  1707
Cover cuts applied:  134
Implied bound cuts applied:  22
Flow cuts applied:  445
Mixed integer rounding cuts applied:  6761
Zero-half cuts applied:  54
Lift and project cuts applied:  37
Gomory fractional cuts applied:  394

Root node processing (before b&c):
  Real time             =   42.08 sec. (26596.19 ticks)
Parallel b&c, 32 threads:
  Real time             = 5319.10 sec. (961701.26 ticks)
  Sync time (average)   = 4172.59 sec.
  Wait time (average)   =    1.20 sec.
                          ------------
Total (root+branch&cut) = 5361.18 sec. (988297.45 ticks)

Populate: phase II 

        Nodes                                         Cuts/
   Node  Left     Objective  IInf  Best Integer    Best Bound    ItCnt     Gap

 182194 166223       67.6060   190       71.5835       57.8321  7531357   19.21%
Elapsed time = 5365.03 sec. (988530.49 ticks, tree = 236818.71 MB, solutions = 1)
Nodefile size = 234844.52 MB (148017.92 MB after compression)
 182195 166223       57.8321   178       71.5835       57.8321  7531463   19.21%
