     X5062    X1457    X1022     X5581     X983     X5592    X8317   X5599
1 2.215856 4.610174 3.706543 -2.285978 2.292401 -2.331774 3.071551 2.28685
      X5170    X1459    X1017    X2931    X1025    X8445    X91754     X891
1 -2.110137 2.289667 3.739298 2.021586 2.486685 3.032243 -2.136392 2.024749
     X9134     X4137     X8289     X466     X468   X22926    X1050    X1052
1 2.109205 -2.599084 -2.136578 2.321785 2.135586 2.318897 2.028824 2.627694
      X9575     X1523    X1871    X1874  X26298    X2034     X2101    X2113
1 -2.223623 -2.208968 2.400195 6.126791 -2.0002 3.343123 -4.617159 3.354287
     X2114    X2305     X2627    X79977    X3091     X6928     X3172     X3174
1 4.550889 3.985454 -3.037544 -3.862343 8.560598 -2.784885 -2.405854 -2.503526
     X3659    X3660     X3661   X10379    X3720   X51621      X688    X4066
1 4.887964 2.561123 -3.644406 2.397166 6.374823 3.077052 -4.546976 4.436319
      X7975     X4150    X4152     X9112   X57504    X4609   X10499    X4790
1 -2.608656 -3.403502 4.374569 -5.573819 2.217491 3.103379 -2.67059 2.306544
      X4792     X7025    X3164     X4899     X5089    X5452     X5460    X3516
1 -2.550479 -3.894689 -2.03515 -3.936807 -2.576798 2.487464 -2.775013 3.347407
     X5989    X8625    X5994   X6667     X6668    X6688    X6772    X6773
1 -3.44181 5.322919 5.322919 2.36576 -2.519772 8.796953 2.565428 4.965284
      X7023    X7024   X7027   X81628     X7343    X7392     X7421   X51341
1 -4.071061 2.125958 4.55463 2.004471 -2.805312 3.285687 -2.571031 5.849065
      X9839   X11244   X22882     X7728    X10168
1 -2.000944 5.928622 2.567644 -2.031752 -2.264814
  XMetab__190___c____ XMetab__190___e____ XMetab__439829___x____
1           -2.189212           -2.189212              -1.951282
  XMetab__439829___c____ XMetab__439829___m____ XMetab__6132___n____
1              -1.951282              -1.951282             3.241296
  XMetab__6132___m____ XMetab__6132___c____ XMetab__6132___e____
1             3.241296             3.241296             3.241296
  XMetab__9750___c____ XMetab__9750___e____ XMetab__9750___m____
1             3.168041             3.168041             3.168041
  XMetab__700___c____ XMetab__444972___m____ XMetab__444972___c____
1            -3.21724              -1.953539              -1.953539
  XMetab__5961___e____ XMetab__5961___c____ XMetab__5961___m____
1             3.995828             3.995828             3.995828
  XMetab__6804___n____ XMetab__6804___e____ XMetab__6804___c____
1            -4.738618            -4.738618            -4.738618
  XMetab__6804___l____ XMetab__6804___g____ XMetab__124886___c____
1            -4.738618            -4.738618               4.813148
  XMetab__124886___m____ XMetab__124886___e____ XMetab__124886___r____
1               4.813148               4.813148               4.813148
  XMetab__790___c____ XMetab__6021___c____ XMetab__6021___e____
1           -4.344741            -2.486524            -2.486524
  XMetab__6426851___c____ XMetab__65065___c____ XMetab__6262___e____
1               -5.015844             -10.00889             1.866537
  XMetab__6262___c____ XMetab__6262___m____ XMetab__107738___c____
1             1.866537             1.866537              -3.607119
  XMetab__107738___m____ XMetab__107738___x____ XMetab__1060___x____
1              -3.607119              -3.607119             1.953632
  XMetab__1060___m____ XMetab__1060___e____ XMetab__1060___c____
1             1.953632             1.953632             1.953632
  XMetab__439155___c____ XMetab__439155___e____ XMetab__439155___r____
1              -2.441416              -2.441416              -2.441416
  XMetab__439155___m____ XMetab__1110___c____ XMetab__1110___x____
1              -2.441416            -5.219311            -5.219311
  XMetab__1110___m____ XMetab__6029___l____ XMetab__6029___e____
1            -5.219311            -3.507993            -3.507993
  XMetab__6029___c____
1            -3.507993

Welcome to IBM(R) ILOG(R) CPLEX(R) Interactive Optimizer 12.7.1.0
  with Simplex, Mixed Integer & Barrier Optimizers
5725-A06 5725-A29 5724-Y48 5724-Y49 5724-Y54 5724-Y55 5655-Y21
Copyright IBM Corp. 1988, 2017.  All Rights Reserved.

Type 'help' for a list of available commands.
Type 'help' followed by a command name for more
information on commands.

CPLEX> Warning, line 630586: Name 'dist_X51341' does not exist.
Warning, line 630745: Name 'dist_X10168' does not exist.
Warning, line 630819: Name 'dist_X1052' does not exist.
Warning, line 632145: Name 'dist_X4137' does not exist.
Warning, line 632189: Name 'dist_X7975' does not exist.
Warning, line 632239: Name 'dist_X9839' does not exist.
Warning, line 632247: Name 'dist_X7024' does not exist.
Warning, line 632294: Name 'dist_X4150' does not exist.
Warning, line 632330: Name 'dist_X7343' does not exist.
Warning, line 632483: Name 'dist_X11244' does not exist.
Warning, line 632495: Name 'dist_X51621' does not exist.
Warning, line 632555: Name 'dist_X81628' does not exist.
Warning, line 632584: Name 'dist_X5089' does not exist.
Warning, line 632897: Name 'dist_X5452' does not exist.
Warning, line 632933: Name 'dist_X5994' does not exist.
Warning, line 632944: Name 'dist_X8625' does not exist.
Warning, line 632953: Name 'dist_X26298' does not exist.
Warning, line 633130: Name 'dist_X7728' does not exist.
Warning, line 633197: Name 'dist_X79977' does not exist.
Warning, line 644509: Name 'dist_X51341' does not exist.
18 name warnings not printed.
Problem 'testFile_1_1.lp' read.
Read time = 0.61 sec. (49.96 ticks)
CPLEX> New value for mixed integer optimality gap tolerance: 0.2
CPLEX> New value for relative objective gap: 0.0001
CPLEX> New value for solution pool replacement strategy: 2
CPLEX> New value for solutions limit for each populate call: 500
CPLEX> New value for capacity of solution pool: 100
CPLEX> New value for intensity for populating the MIP solution pool: 4
CPLEX> New value for time limit in seconds: 3600
CPLEX> New value for default parallel thread count: 0
CPLEX> CPXPARAM_TimeLimit                               3600
CPXPARAM_Read_APIEncoding                        "UTF-8"
CPXPARAM_MIP_Tolerances_MIPGap                   0.20000000000000001
CPXPARAM_MIP_Pool_Capacity                       100
CPXPARAM_MIP_Pool_Replace                        2
CPXPARAM_MIP_Pool_RelGap                         0.0001
CPXPARAM_MIP_Pool_Intensity                      4
CPXPARAM_MIP_Limits_Populate                     500

Populate: phase I 
Tried aggregator 2 times.
MIP Presolve eliminated 196489 rows and 20819 columns.
MIP Presolve modified 66523 coefficients.
Aggregator did 10823 substitutions.
Reduced MIP has 242929 rows, 151412 columns, and 716718 nonzeros.
Reduced MIP has 134587 binaries, 2958 generals, 0 SOSs, and 0 indicators.
Presolve time = 1.19 sec. (1044.86 ticks)
Found incumbent of value 124.058446 after 2.59 sec. (1961.60 ticks)
Probing fixed 3419 vars, tightened 165 bounds.
Probing changed sense of 30 constraints.
Probing time = 12.65 sec. (722.62 ticks)
Tried aggregator 3 times.
MIP Presolve eliminated 23321 rows and 32010 columns.
MIP Presolve modified 5 coefficients.
Aggregator did 1118 substitutions.
Reduced MIP has 218490 rows, 118284 columns, and 651033 nonzeros.
Reduced MIP has 101602 binaries, 2815 generals, 0 SOSs, and 0 indicators.
Presolve time = 2.94 sec. (2290.10 ticks)
Probing fixed 177 vars, tightened 18 bounds.
Probing changed sense of 10 constraints.
Probing time = 16.83 sec. (321.71 ticks)
Tried aggregator 3 times.
MIP Presolve eliminated 33132 rows and 30578 columns.
MIP Presolve modified 33 coefficients.
Aggregator did 1843 substitutions.
Reduced MIP has 183515 rows, 85863 columns, and 561606 nonzeros.
Reduced MIP has 69763 binaries, 2233 generals, 0 SOSs, and 0 indicators.
Presolve time = 1.42 sec. (1074.93 ticks)
Probing fixed 39 vars, tightened 4 bounds.
Probing changed sense of 11 constraints.
Probing time = 10.62 sec. (170.32 ticks)
Tried aggregator 3 times.
MIP Presolve eliminated 29325 rows and 22922 columns.
MIP Presolve modified 154 coefficients.
Aggregator did 2018 substitutions.
Reduced MIP has 152172 rows, 60923 columns, and 482298 nonzeros.
Reduced MIP has 46603 binaries, 453 generals, 0 SOSs, and 0 indicators.
Presolve time = 1.05 sec. (872.55 ticks)
Probing fixed 9 vars, tightened 1 bounds.
Probing time = 9.04 sec. (88.29 ticks)
Clique table members: 302106.
MIP emphasis: balance optimality and feasibility.
MIP search method: dynamic search.
Parallel mode: deterministic, using up to 32 threads.
Root relaxation solution time = 0.58 sec. (389.02 ticks)

        Nodes                                         Cuts/
   Node  Left     Objective  IInf  Best Integer    Best Bound    ItCnt     Gap

*     0+    0                          124.0584        7.1800            94.21%
*     0+    0                          119.6584        7.1800            94.00%
      0     0       18.8800   145      119.6584       18.8800      361   84.22%
      0     0       22.1134   177      119.6584    Cuts: 1797      831   81.52%
      0     0       23.9800   187      119.6584    Cuts: 1807     1193   79.96%
      0     0       25.5300   209      119.6584     Cuts: 728     2056   78.66%
*     0+    0                          104.0407       25.5300            75.46%
      0     0       26.3200   178      104.0407    Cuts: 1821     2439   74.70%
      0     0       26.8400   171      104.0407     Cuts: 687     2782   74.20%
      0     0       27.3467   223      104.0407     Cuts: 841     3105   73.72%
      0     0       27.7000   256      104.0407    Cuts: 2118     4033   73.38%
      0     0       27.9134   234      104.0407    Cuts: 1883     4415   73.17%
      0     0       28.0800   226      104.0407     Cuts: 699     4682   73.01%
      0     0       28.3967   222      104.0407     Cuts: 381     5170   72.71%
      0     0       28.6467   175      104.0407     Cuts: 464     5413   72.47%
      0     0       28.7734   192      104.0407     Cuts: 739     5674   72.34%
      0     0       28.9867   163      104.0407     Cuts: 306     5851   72.14%
      0     0       29.0200   207      104.0407     Cuts: 401     6060   72.11%
      0     0       29.2300   236      104.0407     Cuts: 553     6515   71.91%
      0     0       29.3300   219      104.0407     Cuts: 826     6787   71.81%
      0     0       29.6300   218      104.0407     Cuts: 415     7179   71.52%
      0     0       29.6800   191      104.0407     Cuts: 237     7410   71.47%
      0     0       29.6800   192      104.0407     Cuts: 410     7544   71.47%
      0     0       29.7300   203      104.0407     Cuts: 239     7809   71.42%
      0     0       29.7800   187      104.0407     Cuts: 278     8084   71.38%
      0     0       29.7800   237      104.0407     Cuts: 574     8376   71.38%
*     0+    0                           62.0769       29.7800            52.03%
      0     2       29.7800   237       62.0769       29.7800     8376   52.03%
Elapsed time = 230.32 sec. (24713.49 ticks, tree = 0.01 MB, solutions = 1)
      3     5       29.8800   188       62.0769       29.7800     8854   52.03%
      5     7       29.8959   205       62.0769       29.7800     8895   52.03%
*    10+    3                           58.3185       29.7800            48.94%
     10     5       29.7800   173       58.3185       29.7800     8660   48.94%
     14    15       30.4820   214       58.3185       29.7800     9328   48.94%
     24    25       30.5820   173       58.3185       29.7800    10186   48.94%
     35    33       30.5840   139       58.3185       29.7800    10702   48.94%
     68    45       30.2820   162       58.3185       29.7800    11823   48.94%
    124    57       29.9800   143       58.3185       29.7800    13135   48.94%
    179    97       30.5820   125       58.3185       29.7800    16571   48.94%
    457   370       30.5840   121       58.3185       29.7800    28575   48.94%
Elapsed time = 249.33 sec. (28153.38 ticks, tree = 12.11 MB, solutions = 1)
    718   635    infeasible             58.3185       29.7800    33733   48.94%
    828   733       33.8647    87       58.3185       29.7800    38341   48.94%
   1073   887       29.7913   165       58.3185       29.7800    45759   48.94%
   1278  1043       30.7842    69       58.3185       29.7800    56636   48.94%
   1537  1225       31.3800    66       58.3185       29.7800    68192   48.94%
   1774  1359    infeasible             58.3185       29.7800    74014   48.94%
   2005  1573       31.6466    72       58.3185       29.7800    89580   48.94%
   2243  1779       31.7466   183       58.3185       29.7800   101634   48.94%
   2506  1946       33.2466    62       58.3185       29.7800   111434   48.94%
   2807  2007       44.9640    40       58.3185       29.7800   115283   48.94%
Elapsed time = 307.99 sec. (37727.97 ticks, tree = 688.82 MB, solutions = 1)
   3073  2296       30.0205   128       58.3185       29.7800   128050   48.94%
   3275  2568       31.4466   130       58.3185       29.7800   142928   48.94%
   3534  2744       29.8800   122       58.3185       29.7800   152424   48.94%
   3806  2939       38.5959    50       58.3185       29.7800   160729   48.94%
   4047  3162       41.8278    74       58.3185       29.7800   178893   48.94%
   4382  3308       38.5959    58       58.3185       29.7800   182973   48.94%
   4676  3413       33.8466    79       58.3185       29.7800   186915   48.94%
   4953  3723       31.8466    76       58.3185       29.7800   196171   48.94%
   5236  3984       39.9294    46       58.3185       29.7800   207153   48.94%
*  5400+ 4295                           42.2054       29.7800            29.44%
   5453  4223       42.0278    68       42.2054       29.7800   217541   29.44%
Elapsed time = 368.87 sec. (47318.49 ticks, tree = 1788.08 MB, solutions = 1)
*  5587+ 4407                           39.6374       29.7800            24.87%
   5629  4586       29.9134    84       39.6374       29.7800   233990   24.87%
   5906  4752       31.2299   104       39.6374       29.7800   239939   24.87%
   6122  4872    infeasible             39.6374       29.7800   246481   24.87%
   6395  4965       31.1799   120       39.6374       29.7800   249584   24.87%
   6631  5208       31.2466    84       39.6374       29.7800   265231   24.87%
   6908  5326       37.3089    76       39.6374       29.7800   269789   24.87%
   7097  5475       33.0466    48       39.6374       29.7800   274101   24.87%
   7143  4144       30.7800   588       39.6374       29.7800   220629   24.87%
   7144  2231       31.9565   168       39.6374       29.7800   124725   24.87%
*  7145+ 4017                           38.2838       31.1800            18.56%

Clique cuts applied:  3369
Cover cuts applied:  3
Implied bound cuts applied:  235
Flow cuts applied:  115
Mixed integer rounding cuts applied:  12918
Zero-half cuts applied:  150
Lift and project cuts applied:  59
Gomory fractional cuts applied:  258

Root node processing (before b&c):
  Real time             =  223.76 sec. (24412.70 ticks)
Parallel b&c, 32 threads:
  Real time             =  738.02 sec. (256578.76 ticks)
  Sync time (average)   =  112.00 sec.
  Wait time (average)   =    0.57 sec.
                          ------------
Total (root+branch&cut) =  961.78 sec. (280991.45 ticks)

Populate: phase II 

        Nodes                                         Cuts/
   Node  Left     Objective  IInf  Best Integer    Best Bound    ItCnt     Gap

*  7145+ 2677                           32.4466       31.1800             3.90%
*  7145+ 1784                           31.9800       31.1800             2.50%
   7145  1785       31.1800   224       31.9800       31.1800   379447    2.50%
Elapsed time = 1529.62 sec. (288914.33 ticks, tree = 673.42 MB, solutions = 1)
   7146  1786       31.1800   206       31.9800       31.1800   379454    2.50%
   7147  1786       31.1800   192       31.9800       31.1800   379476    2.50%
   7148  1787       31.1800   190       31.9800       31.1800   379477    2.50%
   7149  1788       31.1800   193       31.9800       31.1800   379520    2.50%
   7151   899       31.1800   195       31.9800       31.1800   379570    2.50%
   7152   786       31.1836   212       31.9800       31.1800   379555    2.50%
   7153   788       31.1800   193       31.9800       31.1800   379571    2.50%
   7156   442       31.2038   199       31.9800       31.1800   379648    2.50%
   7157   443       31.1800   196       31.9800       31.1800   379626    2.50%
*  7160+  291                           31.7800       31.1800             1.89%
   7161   301       31.2038   202       31.7800       31.1800   379841    1.89%
Elapsed time = 1557.55 sec. (300591.26 ticks, tree = 108.06 MB, solutions = 1)
   7162   295       32.4466   192       31.7800       31.1800   379692    1.89%
   7165   111       31.1880   199       31.7800       31.1800   379598    1.89%
   7167   112       31.2998   189       31.7800       31.1800   379798    1.89%
   7168   114       32.4466   237       31.7800       31.1800   383634    1.89%
   7171    38       31.1880   193       31.7800       31.1800   379670    1.89%
   7173    10       31.1800   202       31.7800       31.1800   379466    1.89%
   7175    14       31.1800   202       31.7800       31.1800   379707    1.89%
   7176    27       31.1800   230       31.7800       31.1800   387149    1.89%
   7178    26    infeasible             31.7800       31.1800   387290    1.89%
   7182    24    infeasible             31.7800       31.1800   387957    1.89%
Elapsed time = 1632.09 sec. (318264.92 ticks, tree = 5.12 MB, solutions = 5)
   7184    26       31.1800   243       31.7800       31.1800   389487    1.89%
   7185    25       31.1800   247       31.7800       31.1800   397492    1.89%
   7187    25       31.1800   245       31.7800       31.1800   397541    1.89%
   7190    14       31.9653   259       31.7800       31.1800   387270    1.89%
   7192    29       31.1800   239       31.7800       31.1800   408823    1.89%
   7196    26       31.8141   403       31.7800       31.1800   400249    1.89%
   7198    35       31.1800   233       31.7800       31.1800   417404    1.89%
   7201    32       31.1800   256       31.7800       31.1800   417153    1.89%
   7205    12       31.5038   198       31.7800       31.1800   380323    1.89%
   7210    37       31.5800   237       31.7800       31.1800   418643    1.89%
Elapsed time = 1693.83 sec. (330821.11 ticks, tree = 4.25 MB, solutions = 6)
   7216    39       31.5800   235       31.7800       31.1800   418661    1.89%
   7223    42       31.5800   231       31.7800       31.1800   419276    1.89%
   7235    50       31.5800   243       31.7800       31.1800   424969    1.89%
   7244    50       31.5800   237       31.7800       31.1800   425092    1.89%
   7252    50       31.5800   228       31.7800       31.1800   425246    1.89%
   7268    65       31.5800   227       31.7800       31.1800   435185    1.89%
   7284    92       31.5800   225       31.7800       31.1800   443391    1.89%
   7300    81       31.7800   234       31.7800       31.1800   440965    1.89%
   7318   112       31.5800   198       31.7800       31.1800   447498    1.89%
   7362   106       31.7800   239       31.7800       31.1800   447283    1.89%
Elapsed time = 1757.44 sec. (341642.80 ticks, tree = 140.84 MB, solutions = 6)
   7412   165       31.9300   239       31.7800       31.1800   460153    1.89%
   7454   129       31.9800   237       31.7800       31.1800   451067    1.89%
   7524   185       31.5800   233       31.7800       31.1800   461316    1.89%
   7567   292       31.7800   194       31.7800       31.1800   466746    1.89%
   7630    29       31.5800   250       31.7800       31.1800   409746    1.89%
   7671   301       31.8000   192       31.7800       31.1800   466902    1.89%
   7698   352       31.8800   248       31.7800       31.1800   480331    1.89%
   7733   441       31.7800   174       31.7800       31.1800   485647    1.89%
   7780   440       31.2800   180       31.7800       31.1800   486200    1.89%
   7851   493       31.8800   178       31.7800       31.1800   497246    1.89%
Elapsed time = 1800.74 sec. (351333.87 ticks, tree = 514.22 MB, solutions = 6)
   7913   532       31.6117   202       31.7800       31.1800   501368    1.89%
   7975   639       31.1800   241       31.7800       31.1800   528694    1.89%
   8081   581       31.7800   189       31.7800       31.1800   509003    1.89%
   8193   634       31.7800   166       31.7800       31.1800   526013    1.89%
   8302   748       31.5800   138       31.7800       31.1800   538670    1.89%
   8427   739       31.5800   158       31.7800       31.1800   538888    1.89%
   8520   893       31.7800   153       31.7800       31.1800   553512    1.89%
   8614  1014       31.1800   119       31.7800       31.1800   557825    1.89%
   8753  1177       31.5800   133       31.7800       31.1800   565620    1.89%
   8865   960       31.7800   145       31.7800       31.1800   555882    1.89%
Elapsed time = 1856.13 sec. (360971.38 ticks, tree = 1440.68 MB, solutions = 7)
   8971   922       31.5800   148       31.7800       31.1800   556268    1.89%
   9109  1409       31.5912   175       31.7800       31.1800   575991    1.89%
   9210  1656       31.5800   175       31.7800       31.1800   596004    1.89%
   9342  1739       31.2117   135       31.7800       31.1800   601659    1.89%
   9443  1527       31.7800   160       31.7800       31.1800   587598    1.89%
   9560  1745       31.5800   163       31.7800       31.1800   602765    1.89%
   9686  2100       31.5800   164       31.7800       31.1800   622866    1.89%
   9803  1987       31.5824   193       31.7800       31.1800   616532    1.89%
   9908  2155       31.6091   144       31.7800       31.1800   625916    1.89%
  10037  2125       31.6117   168       31.7800       31.1800   623508    1.89%
Elapsed time = 1922.06 sec. (370615.90 ticks, tree = 3059.09 MB, solutions = 7)
Nodefile size = 1012.32 MB (536.30 MB after compression)
  10151  2137       31.6091   164       31.7800       31.1800   624283    1.89%
  10240  2240       31.5800   169       31.7800       31.1800   631642    1.89%
  10291  2329       31.7800   176       31.7800       31.1800   640801    1.89%
  10407  2749       31.5800   172       31.7800       31.1800   675233    1.89%
  10513  2708       31.6086   139       31.7800       31.1800   670243    1.89%
  10611  2648       31.7941   145       31.7800       31.1800   670253    1.89%
  10778  2890       33.2466   161       31.7800       31.1800   691215    1.89%
  10879  2729       31.6943   136       31.7800       31.1800   670480    1.89%
  10944  3077       31.5800   140       31.7800       31.1800   715957    1.89%
  11005  3125       31.7800   226       31.7800       31.1800   734361    1.89%
Elapsed time = 1988.05 sec. (380240.04 ticks, tree = 3831.77 MB, solutions = 7)
Nodefile size = 1812.56 MB (964.93 MB after compression)
  11067  3089       31.7800   200       31.7800       31.1800   727221    1.89%
  11157  3251       31.7800   181       31.7800       31.1800   741578    1.89%
  11194  3387       31.5800   227       31.7800       31.1800   759440    1.89%
  11252  3429       31.6117   170       31.7800       31.1800   762507    1.89%
  11326  3485       31.5800   252       31.7800       31.1800   770604    1.89%
  11376  3382       31.5800   248       31.7800       31.1800   758186    1.89%
  11441  3571       31.7800   346       31.7800       31.1800   793542    1.89%
  11507  3550       31.5800   217       31.7800       31.1800   786092    1.89%
  11574  3544       31.6086   133       31.7800       31.1800   771741    1.89%
  11624  3569       31.9372   217       31.7800       31.1800   793179    1.89%
Elapsed time = 2081.76 sec. (389915.51 ticks, tree = 3985.12 MB, solutions = 7)
Nodefile size = 1901.30 MB (1012.02 MB after compression)
  11685  3571       31.6038   158       31.7800       31.1800   793600    1.89%
  11733  3693       31.5872   216       31.7800       31.1800   802311    1.89%
  11816  4069       31.5800   187       31.7800       31.1800   859399    1.89%
  11901  3831       31.5856   269       31.7800       31.1800   823429    1.89%
  11962  3975       31.9827   190       31.7800       31.1800   847467    1.89%
  11997  4107       31.8038   259       31.7800       31.1800   864997    1.89%
  12062  4180       31.3800   191       31.7800       31.1800   873115    1.89%
  12126  4103       31.5872   162       31.7800       31.1800   861312    1.89%
  12163  4376       31.6460   235       31.7800       31.1800   908939    1.89%
  12313  4278       31.9800   248       31.7800       31.1800   893134    1.89%
Elapsed time = 2189.29 sec. (402530.76 ticks, tree = 5081.21 MB, solutions = 7)
Nodefile size = 3032.26 MB (1641.20 MB after compression)
  12443  4704       31.7800   133       31.7800       31.1800   986556    1.89%
  12707  4878       31.8038   201       31.7800       31.1800  1024265    1.89%
  13121  5141       31.9959   182       31.7800       31.1800  1095416    1.89%
  13491  4995       31.3880   210       31.7800       31.1800  1062670    1.89%
  13840  5824       31.7800   131       31.7800       31.1800  1159612    1.89%
  14286  5670       31.7800   199       31.7800       31.1800  1148804    1.89%
  14609  6084       31.5800   222       31.7800       31.1800  1198185    1.89%
  14884  6415       31.8800   255       31.7800       31.1800  1247707    1.89%
  15080  7206       31.7856   221       31.7800       31.1800  1334184    1.89%
  15340  7183       31.7800   301       31.7800       31.1800  1330390    1.89%
Elapsed time = 2469.46 sec. (440791.01 ticks, tree = 8265.04 MB, solutions = 7)
Nodefile size = 6217.24 MB (3452.69 MB after compression)
  15655  7616       31.3800   133       31.7800       31.1800  1399396    1.89%
  16036  7569       31.8073   202       31.7800       31.1800  1393015    1.89%
  16458  8084       31.4073   198       31.7800       31.1800  1465506    1.89%
  16761  8648       31.7800   166       31.7800       31.1800  1526270    1.89%
  16940  8605       31.7800   189       31.7800       31.1800  1524159    1.89%
  17034  9026       31.7827   124       31.7800       31.1800  1571421    1.89%
  17096  9099       31.7800   215       31.7800       31.1800  1605933    1.89%
  17222  9175       31.4091   167       31.7800       31.1800  1627452    1.89%
  17360  9261       31.7800    97       31.7800       31.1800  1641552    1.89%
  17566  9366       31.7800    82       31.7800       31.1800  1692169    1.89%
Elapsed time = 2824.99 sec. (479244.66 ticks, tree = 10541.32 MB, solutions = 7)
Nodefile size = 8492.70 MB (4747.83 MB after compression)
  17836  9679       31.4073   159       31.7800       31.1800  1786874    1.89%
  18077  9703       31.7800   126       31.7800       31.1800  1789736    1.89%
  18389  9825       31.7800   175       31.7800       31.1800  1819242    1.89%
  18716 10244       31.5800    98       31.7800       31.1800  1885613    1.89%
  19203 10586       31.4117   165       31.7800       31.1800  1951858    1.89%
  19533 10936       31.7800   177       31.7800       31.1800  1992098    1.89%
  19852 11417       31.6800   228       31.7800       31.1800  2030364    1.89%
  20197 11519       31.5800   151       31.7800       31.1800  2036215    1.89%
  20718 12095       31.7800   142       31.7800       31.1800  2101497    1.89%
  21110 12337       31.3800   191       31.7800       31.1800  2120723    1.89%
Elapsed time = 3117.48 sec. (517570.13 ticks, tree = 14132.46 MB, solutions = 7)
Nodefile size = 12086.34 MB (6777.53 MB after compression)
  21359 12518       31.7800   123       31.7800       31.1800  2144020    1.89%
  21665 12531       31.7800   103       31.7800       31.1800  2144109    1.89%
  22058 13499       31.5800   138       31.7800       31.1800  2231519    1.89%
  22460 13527       31.4091   201       31.7800       31.1800  2237752    1.89%
  22781 13664       31.5800   154       31.7800       31.1800  2251581    1.89%
  23042 14151       31.7800   210       31.7800       31.1800  2323882    1.89%
  23406 14831       31.5800   194       31.7800       31.1800  2374765    1.89%
  23699 15150       31.8821   244       31.7800       31.1800  2408939    1.89%
  24165 15310       31.7800   208       31.7800       31.1800  2427259    1.89%
  24580 16021       31.9800   156       31.7800       31.1800  2495594    1.89%
Elapsed time = 3378.46 sec. (555773.21 ticks, tree = 18702.28 MB, solutions = 7)
Nodefile size = 16656.77 MB (9360.58 MB after compression)
  25002 16036       31.7800   189       31.7800       31.1800  2496764    1.89%
  25320 16538       35.2481   175       31.7800       31.1800  2561864    1.89%
  25605 16454       31.7800   134       31.7800       31.1800  2541589    1.89%
  25969 17129       31.5800   244       31.7800       31.1800  2644387    1.89%
  26161 17237       31.7300   217       31.7800       31.1800  2661841    1.89%
  26325 17648       31.8073   209       31.7800       31.1800  2707048    1.89%
  26414 17685       31.6400   217       31.7800       31.1800  2715132    1.89%
  26502 17819       31.6550   259       31.7800       31.1800  2739537    1.89%
  26518 17454       33.0466   230       31.7800       31.1800  2696518    1.89%

GUB cover cuts applied:  7
Clique cuts applied:  3370
Cover cuts applied:  6
Implied bound cuts applied:  287
Flow cuts applied:  144
Mixed integer rounding cuts applied:  14434
Zero-half cuts applied:  172
Lift and project cuts applied:  71
Gomory fractional cuts applied:  309

Root node processing (before b&c):
  Real time             =    0.03 sec. (15.49 ticks)
Parallel b&c, 32 threads:
  Real time             = 2646.23 sec. (312537.31 ticks)
  Sync time (average)   =  998.21 sec.
  Wait time (average)   =    0.44 sec.
                          ------------
Total (root+branch&cut) = 2646.26 sec. (312552.80 ticks)

Solution pool: 7 solutions saved.

Populate - Time limit exceeded, integer optimal:  Objective =  3.1780033990e+01
Current MIP best bound =  3.1180033990e+01 (gap = 0.6, 1.89%)
Solution time = 3608.04 sec.  Iterations = 2910331  Nodes = 26519 (18292)
Deterministic time = 593546.00 ticks  (164.51 ticks/sec)

CPLEX> Solution pool written to file 'results_cplex_1_1.txt'.
CPLEX> 
Welcome to IBM(R) ILOG(R) CPLEX(R) Interactive Optimizer 12.7.1.0
  with Simplex, Mixed Integer & Barrier Optimizers
5725-A06 5725-A29 5724-Y48 5724-Y49 5724-Y54 5724-Y55 5655-Y21
Copyright IBM Corp. 1988, 2017.  All Rights Reserved.

Type 'help' for a list of available commands.
Type 'help' followed by a command name for more
information on commands.

CPLEX> Warning, line 628020: Name 'dist_X51341' does not exist.
Warning, line 628246: Name 'dist_X1052' does not exist.
Warning, line 628262: Name 'dist_X4899' does not exist.
Warning, line 628267: Name 'dist_X4792' does not exist.
Warning, line 628278: Name 'dist_X7421' does not exist.
Warning, line 629524: Name 'dist_X3661' does not exist.
Warning, line 629551: Name 'dist_X3164' does not exist.
Warning, line 629564: Name 'dist_X4137' does not exist.
Warning, line 629605: Name 'dist_X7975' does not exist.
Warning, line 629608: Name 'dist_X9575' does not exist.
Warning, line 629612: Name 'dist_X3172' does not exist.
Warning, line 629617: Name 'dist_X7025' does not exist.
Warning, line 629619: Name 'dist_X2101' does not exist.
Warning, line 629620: Name 'dist_X10499' does not exist.
Warning, line 629660: Name 'dist_X9839' does not exist.
Warning, line 629668: Name 'dist_X7024' does not exist.
Warning, line 629674: Name 'dist_X5460' does not exist.
Warning, line 629716: Name 'dist_X4150' does not exist.
Warning, line 629752: Name 'dist_X7343' does not exist.
Warning, line 629784: Name 'dist_X688' does not exist.
48 name warnings not printed.
Problem 'testFile_1_1.lp' read.
Read time = 0.55 sec. (49.73 ticks)
CPLEX> New value for mixed integer optimality gap tolerance: 0.2
CPLEX> New value for relative objective gap: 0.0001
CPLEX> New value for solution pool replacement strategy: 2
CPLEX> New value for solutions limit for each populate call: 500
CPLEX> New value for capacity of solution pool: 100
CPLEX> New value for intensity for populating the MIP solution pool: 4
CPLEX> New value for time limit in seconds: 7200
CPLEX> New value for default parallel thread count: 0
CPLEX> CPXPARAM_TimeLimit                               7200
CPXPARAM_Read_APIEncoding                        "UTF-8"
CPXPARAM_MIP_Tolerances_MIPGap                   0.20000000000000001
CPXPARAM_MIP_Pool_Capacity                       100
CPXPARAM_MIP_Pool_Replace                        2
CPXPARAM_MIP_Pool_RelGap                         0.0001
CPXPARAM_MIP_Pool_Intensity                      4
CPXPARAM_MIP_Limits_Populate                     500

Populate: phase I 
Tried aggregator 2 times.
MIP Presolve eliminated 196175 rows and 21098 columns.
MIP Presolve modified 65497 coefficients.
Aggregator did 10713 substitutions.
Reduced MIP has 241432 rows, 150568 columns, and 712550 nonzeros.
Reduced MIP has 133806 binaries, 2936 generals, 0 SOSs, and 0 indicators.
Presolve time = 1.11 sec. (1039.43 ticks)
Found incumbent of value 122.658446 after 2.49 sec. (1941.86 ticks)
Probing fixed 3495 vars, tightened 175 bounds.
Probing changed sense of 32 constraints.
Probing time = 12.92 sec. (703.89 ticks)
Tried aggregator 3 times.
MIP Presolve eliminated 23954 rows and 32644 columns.
MIP Presolve modified 6 coefficients.
Aggregator did 1070 substitutions.
Reduced MIP has 216408 rows, 116854 columns, and 645390 nonzeros.
Reduced MIP has 100261 binaries, 2767 generals, 0 SOSs, and 0 indicators.
Presolve time = 2.91 sec. (2268.33 ticks)
Probing fixed 191 vars, tightened 18 bounds.
Probing changed sense of 10 constraints.
Probing time = 17.65 sec. (316.82 ticks)
Tried aggregator 3 times.
MIP Presolve eliminated 32441 rows and 30255 columns.
MIP Presolve modified 28 coefficients.
Aggregator did 1960 substitutions.
Reduced MIP has 182007 rows, 84639 columns, and 557316 nonzeros.
Reduced MIP has 68622 binaries, 2191 generals, 0 SOSs, and 0 indicators.
Presolve time = 1.41 sec. (1068.06 ticks)
Probing fixed 34 vars, tightened 2 bounds.
Probing changed sense of 10 constraints.
Probing time = 10.61 sec. (162.27 ticks)
Tried aggregator 2 times.
MIP Presolve eliminated 29338 rows and 22476 columns.
MIP Presolve modified 151 coefficients.
Aggregator did 1800 substitutions.
Reduced MIP has 150869 rows, 60363 columns, and 478540 nonzeros.
Reduced MIP has 46123 binaries, 414 generals, 0 SOSs, and 0 indicators.
Presolve time = 0.76 sec. (631.39 ticks)
Probing fixed 44 vars, tightened 0 bounds.
Probing changed sense of 8 constraints.
Probing time = 7.49 sec. (92.34 ticks)
Clique table members: 299490.
MIP emphasis: balance optimality and feasibility.
MIP search method: dynamic search.
Parallel mode: deterministic, using up to 32 threads.
Root relaxation solution time = 0.52 sec. (385.25 ticks)

        Nodes                                         Cuts/
   Node  Left     Objective  IInf  Best Integer    Best Bound    ItCnt     Gap

*     0+    0                          122.6584       11.9187            90.28%
*     0+    0                          119.6584       11.9187            90.04%
      0     0       23.0187   141      119.6584       23.0187      348   80.76%
      0     0       26.0520   179      119.6584    Cuts: 1697      682   78.23%
      0     0       28.0187   174      119.6584     Cuts: 841     1122   76.58%
      0     0       29.5687   211      119.6584    Cuts: 1850     1975   75.29%
*     0+    0                          107.9793       29.5687            72.62%
      0     0       30.0687   194      107.9793    Cuts: 1396     2358   72.15%
      0     0       30.7953   185      107.9793    Cuts: 1968     2663   71.48%
      0     0       31.5853   197      107.9793     Cuts: 743     2892   70.75%
      0     0       31.8187   245      107.9793     Cuts: 699     3551   70.53%
      0     0       32.0187   250      107.9793    Cuts: 1600     4313   70.35%
      0     0       32.3187   281      107.9793    Cuts: 1544     4959   70.07%
      0     0       32.6187   217      107.9793     Cuts: 625     5439   69.79%
      0     0       32.7587   238      107.9793    Cuts: 1080     5860   69.66%
      0     0       32.8687   211      107.9793     Cuts: 644     6241   69.56%
      0     0       33.0925   221      107.9793     Cuts: 877     6703   69.35%
      0     0       33.2274   243      107.9793     Cuts: 561     7221   69.23%
      0     0       33.3732   221      107.9793     Cuts: 526     7501   69.09%
      0     0       33.5520   186      107.9793    Cuts: 1034     7734   68.93%
      0     0       33.5750   201      107.9793     Cuts: 209     8049   68.91%
      0     0       33.6779   208      107.9793     Cuts: 665     8688   68.81%
      0     0       33.7187   161      107.9793     Cuts: 315     9378   68.77%
      0     0       33.7687   206      107.9793     Cuts: 688     9569   68.73%
      0     0       33.8187   180      107.9793     Cuts: 240     9779   68.68%
      0     0       33.8187   157      107.9793     Cuts: 136     9911   68.68%
      0     0       33.9187   194      107.9793     Cuts: 516    10182   68.59%
      0     0       33.9187   176      107.9793      Cuts: 86    10376   68.59%
      0     0       33.9187   179      107.9793     Cuts: 349    10576   68.59%
*     0+    0                           64.7651       33.9187            47.63%
      0     2       33.9187   179       64.7651       33.9187    10576   47.63%
Elapsed time = 196.38 sec. (30627.15 ticks, tree = 0.01 MB, solutions = 1)
      5     7       33.9226   157       64.7651       33.9187    10732   47.63%
     16    14       33.9726   141       64.7651       33.9209    10884   47.62%
     37    33       33.9726   149       64.7651       33.9209    11958   47.62%
     67    51       33.9233   146       64.7651       33.9209    12406   47.62%
*    71+   11                           62.1971       33.9209            45.46%
    114    54       33.9312   156       62.1971       33.9216    12534   45.46%
    168   128       33.9279   115       62.1971       33.9216    14103   45.46%
*   169+   37                           62.1971       33.9216            45.46%
    255   185       33.9312   150       62.1971       33.9216    16235   45.46%
    339   280       33.9222   168       62.1971       33.9216    17393   45.46%
    415   316       33.9216   200       62.1971       33.9216    17881   45.46%
    765   441       34.3187   114       62.1971       33.9216    20216   45.46%
Elapsed time = 212.70 sec. (33802.90 ticks, tree = 31.61 MB, solutions = 4)
   1068   801       34.1687   147       62.1971       33.9216    28989   45.46%
   1349   765       34.5187    90       62.1971       33.9216    27308   45.46%
   1545  1179       34.3187    97       62.1971       33.9216    39034   45.46%
   1858  1132       34.2520    88       62.1971       33.9216    37523   45.46%
   2182  1441       34.9187    85       62.1971       33.9216    51049   45.46%
   2574  1709       43.9425   123       62.1971       33.9216    59217   45.46%
   3009  2042       45.8390    82       62.1971       33.9216    73601   45.46%
   3422  2310    infeasible             62.1971       33.9216    82515   45.46%
   3895  2424       36.1383    89       62.1971       33.9216    89269   45.46%
   4300  2700       38.1197   112       62.1971       33.9216   100860   45.46%
Elapsed time = 263.27 sec. (43368.18 ticks, tree = 594.28 MB, solutions = 4)
   4727  3194       35.7187    49       62.1971       33.9216   122209   45.46%
   5149  3492       36.1720   139       62.1971       33.9216   135938   45.46%
   5532  3755       37.0517    46       62.1971       33.9216   145649   45.46%
   5932  4036       36.4852    22       62.1971       33.9216   157055   45.46%
   6320  4345       35.6852   104       62.1971       33.9216   172517   45.46%
   6756  4730       54.0742    94       62.1971       33.9216   190172   45.46%
   7180  4898       34.8119    61       62.1971       33.9216   195861   45.46%
   7550  5549       46.9636    83       62.1971       33.9216   215239   45.46%
   7945  5634       36.9852    31       62.1971       33.9216   217212   45.46%
   8077  5829       39.0867    40       62.1971       33.9216   225170   45.46%
Elapsed time = 319.08 sec. (52973.81 ticks, tree = 1835.63 MB, solutions = 1)
*  8083+ 5737                           48.0224       33.9216            29.36%
   8083  5739       50.6638    38       48.0224       33.9216   220674   29.36%
   8084  5423       54.7402   279       48.0224       33.9216   212862   29.36%
   8085  5067       41.8680   579       48.0224       33.9216   207664   29.36%
*  8086+ 4182                           45.6224       34.3187            24.78%
*  8086+ 2788                           44.9559       34.3187            23.66%
   8086  2789       35.1187   281       44.9559       35.1187   321010   21.88%
   8087  2790       35.2187   289       44.9559       35.1187   321023   21.88%
   8088  2789       35.2187   241       44.9559       35.2187   321100   21.66%
   8089  2789       35.2187   279       44.9559       35.2187   328386   21.66%
   8090  2790       35.3187   281       44.9559       35.2187   328954   21.66%
   8091  2790       35.3187   243       44.9559       35.2187   322977   21.66%
   8092  2791       35.3187   298       44.9559       35.2187   341547   21.66%
Elapsed time = 1216.76 sec. (336163.48 ticks, tree = 847.07 MB, solutions = 1)
   8093  2792       35.3187   281       44.9559       35.2187   343449   21.66%
   8094  2792       35.3187   292       44.9559       35.2187   343436   21.66%
   8096  2794       35.3187   298       44.9559       35.2187   343494   21.66%
*  8099+ 1090                           43.5559       35.2187            19.14%
   8100  1089       35.7187   273       43.5559       35.2187   344018   19.14%
   8106   447       35.3187   295       43.5559       35.2187   349998   19.14%
   8109   157       35.3187   302       43.5559       35.2187   337037   19.14%
   8110   166       35.3187   295       43.5559       35.2187   350000   19.14%
   8111    88       35.3187   245       43.5559       35.2187   346815   19.14%
   8112    44       35.2187   296       43.5559       35.2187   330426   19.14%
   8113    48       35.3187   261       43.5559       35.2187   346762   19.14%
Elapsed time = 1325.15 sec. (388688.61 ticks, tree = 25.63 MB, solutions = 1)

GUB cover cuts applied:  1
Clique cuts applied:  3383
Cover cuts applied:  5
Implied bound cuts applied:  270
Flow cuts applied:  102
Mixed integer rounding cuts applied:  13782
Zero-half cuts applied:  123
Lift and project cuts applied:  39
Gomory fractional cuts applied:  612

Root node processing (before b&c):
  Real time             =  188.87 sec. (30198.39 ticks)
Parallel b&c, 32 threads:
  Real time             = 1136.36 sec. (358511.88 ticks)
  Sync time (average)   =  189.05 sec.
  Wait time (average)   =    1.04 sec.
                          ------------
Total (root+branch&cut) = 1325.23 sec. (388710.26 ticks)

Populate: phase II 

        Nodes                                         Cuts/
   Node  Left     Objective  IInf  Best Integer    Best Bound    ItCnt     Gap

   8114    67    infeasible             43.5559       35.2187   395195   19.14%
Elapsed time = 1330.55 sec. (388841.28 ticks, tree = 11.87 MB, solutions = 1)
   8116    69       36.4742   299       43.5559       35.2187   395642   19.14%
   8118    63       38.2581   266       43.5559       35.2187   395237   19.14%
   8123    58       35.7187   322       43.5559       35.2187   395934   19.14%
   8125    56       37.6581   274       43.5559       35.2187   395687   19.14%
   8127    57       35.7187   316       43.5559       35.2187   398766   19.14%
   8134    47       42.2680   291       43.5559       35.2187   397719   19.14%
   8138    39       42.0680   273       43.5559       35.2187   395715   19.14%
   8142    44       35.7187   311       43.5559       35.2187   400157   19.14%
   8147    35       36.4520   304       43.5559       35.2187   399709   19.14%
   8162    43       35.7187   314       43.5559       35.2187   401064   19.14%
Elapsed time = 1374.81 sec. (393246.83 ticks, tree = 0.40 MB, solutions = 1)
   8174    57       35.7187   276       43.5559       35.2187   403061   19.14%
   8184    69       35.7187   271       43.5559       35.2187   404753   19.14%
   8205    79       42.4680   274       43.5559       35.2187   405636   19.14%
   8221    98       42.6680   277       43.5559       35.2187   406153   19.14%
   8235   116       35.7187   267       43.5559       35.2187   406914   19.14%
   8266   125       42.6680   273       43.5559       35.2187   407058   19.14%
   8316   162       35.3187   282       43.5559       35.2187   411894   19.14%
   8409   200       36.3187   271       43.5559       35.2187   412311   19.14%
   8520   275       42.2680   234       43.5559       35.2187   413269   19.14%
   8646   393       42.0680   210       43.5559       35.2187   415423   19.14%
Elapsed time = 1447.26 sec. (402994.81 ticks, tree = 294.42 MB, solutions = 1)
   8724   463       35.7187   300       43.5559       35.2187   418036   19.14%
   8806   495       42.8680   192       43.5559       35.2187   418377   19.14%
   8890   609       41.6680   218       43.5559       35.2187   432731   19.14%
   8928   671       41.6680   206       43.5559       35.2187   436311   19.14%
   8944   703       39.5259   308       43.5559       35.2187   436772   19.14%
   8962   708       42.3347   217       43.5559       35.2187   436775   19.14%
   9006   730       40.5259   308       43.5559       35.2187   438492   19.14%
   9057   828       40.5259   279       43.5559       35.2187   439064   19.14%
   9106   872       41.8347   217       43.5559       35.2187   441782   19.14%
   9158   922       35.3187   165       43.5559       35.2187   451967   19.14%
Elapsed time = 1534.98 sec. (412627.15 ticks, tree = 959.85 MB, solutions = 1)
   9218   947       42.0878   272       43.5559       35.2187   455251   19.14%
   9298   959       42.3680   264       43.5559       35.2187   455314   19.14%
   9339  1001       37.3472   286       43.5559       35.2187   464372   19.14%
   9399  1016       43.0839   219       43.5559       35.2187   467173   19.14%
   9470  1122       42.6680   182       43.5559       35.2187   481524   19.14%
   9558  1220       37.0187   167       43.5559       35.2187   489276   19.14%
   9633  1264       42.6680    94       43.5559       35.2187   490357   19.14%
   9702  1287       43.1505   153       43.5559       35.2187   497197   19.14%
   9794  1403       41.3926   166       43.5559       35.2187   522437   19.14%
   9840  1418       41.3926   134       43.5559       35.2187   522687   19.14%
Elapsed time = 1609.08 sec. (422285.11 ticks, tree = 1625.04 MB, solutions = 1)
   9901  1553       43.0680    58       43.5559       35.2187   541430   19.14%
   9963  1641       43.0710    92       43.5559       35.2187   548380   19.14%
  10018  1507       43.3347   142       43.5559       35.2187   534410   19.14%
  10067  1669       42.7680   214       43.5559       35.2187   556897   19.14%
  10098  1679       42.7680   204       43.5559       35.2187   557020   19.14%
  10132  1780       42.6680   100       43.5559       35.2187   560837   19.14%
  10181  1853       42.7680   190       43.5559       35.2187   569008   19.14%
  10263  1939       42.8680   132       43.5559       35.2187   578628   19.14%
  10319  1901       43.0680   160       43.5559       35.2187   569559   19.14%
  10386  1887       36.8187   192       43.5559       35.2853   570253   18.99%
Elapsed time = 1721.94 sec. (431954.19 ticks, tree = 2131.43 MB, solutions = 1)
Nodefile size = 92.93 MB (47.67 MB after compression)
  10460  1972       42.8680   101       43.5559       35.2853   579383   18.99%
  10501  2017       43.0680   270       43.5559       35.2853   600705   18.99%
  10552  2075       37.1187   243       43.5559       35.2853   601847   18.99%
  10601  2170       42.0418   136       43.5559       35.2853   604266   18.99%
  10663  2162       36.7187   271       43.5559       35.2853   604108   18.99%
  10735  2132       42.6680   165       43.5559       35.2853   604196   18.99%
  10808  2306       37.1187   124       43.5559       35.2853   614281   18.99%
  10871  2331       37.1187   122       43.5559       35.2853   614520   18.99%
  10933  2427       35.3187   308       43.5559       35.2853   649223   18.99%
  10966  2460       37.2187   114       43.5559       35.2853   649927   18.99%
Elapsed time = 1827.26 sec. (441618.71 ticks, tree = 2227.30 MB, solutions = 1)
Nodefile size = 180.40 MB (93.84 MB after compression)
  11050  2342       35.3187   323       43.5559       35.2853   628256   18.99%
  11113  2582       43.4839   131       43.5559       35.2853   677341   18.99%
  11154  2618       37.7187   114       43.5559       35.2853   684435   18.99%
  11231  2595       43.5023   105       43.5559       35.2853   677469   18.99%
  11295  2659       37.3267    91       43.5559       35.2853   684599   18.99%
  11353  2803       43.0680   189       43.5559       35.2853   705781   18.99%
  11429  2917       38.1995   139       43.5559       35.2853   709719   18.99%
  11496  2822       43.0680   149       43.5559       35.2853   705802   18.99%
  11571  2841       43.0720   150       43.5559       35.2853   706036   18.99%
  11654  2895       43.0799    91       43.5559       35.2853   708026   18.99%
Elapsed time = 1928.83 sec. (451337.95 ticks, tree = 2409.34 MB, solutions = 1)
Nodefile size = 356.36 MB (190.28 MB after compression)
  11737  3010       37.7193    92       43.5559       35.2853   722801   18.99%
  11841  2962       38.6010    89       43.5559       35.2853   710754   18.99%
  11894  3282       43.4680   154       43.5559       35.2853   767125   18.99%
  11967  3147       42.7680   172       43.5559       35.2853   759292   18.99%
  12015  3134       43.4265    86       43.5559       35.2853   732633   18.99%
  12062  3294       37.7187   100       43.5559       35.2853   767414   18.99%
  12089  3303       37.7187    76       43.5559       35.2853   767596   18.99%
  12108  3619       35.3187   277       43.5559       35.2853   805712   18.99%
  12126  3408       43.0680    95       43.5559       35.2853   781256   18.99%
  12146  3332       43.2680   163       43.5559       35.2853   770401   18.99%
Elapsed time = 2023.32 sec. (461092.11 ticks, tree = 2600.01 MB, solutions = 1)
Nodefile size = 554.18 MB (296.79 MB after compression)
  12170  3579       43.4265    63       43.5559       35.2853   803155   18.99%
  12195  3795       41.7599    10       43.5559       35.2853   830271   18.99%
  12229  3804       35.3853   260       43.5559       35.2853   840039   18.99%
  12295  3759       43.2680   117       43.5559       35.2853   813574   18.99%
  12344  3813       42.5599    16       43.5559       35.2853   830648   18.99%
  12426  3848       38.5187    18       43.5559       35.2853   843952   18.99%
  12496  3890       43.1939   185       43.5559       35.2853   853413   18.99%
  12593  3845       36.1187   253       43.5559       35.2853   841490   18.99%
  12687  3950       43.1599    13       43.5559       35.2853   854660   18.99%
  12756  4053       36.7187   226       43.5559       35.2853   861468   18.99%
Elapsed time = 2106.48 sec. (470756.84 ticks, tree = 2714.38 MB, solutions = 1)
Nodefile size = 665.89 MB (361.36 MB after compression)
  12804  3878       38.5187    44       43.5559       35.2853   845556   18.99%
  12925  4002       43.4680   186       43.5559       35.2853   858986   18.99%
  13032  4034       37.9852   257       43.5559       35.2853   861415   18.99%
  13084  4234       36.0187    97       43.5559       35.2853   884920   18.99%
  13158  4377       43.8014   158       43.5559       35.2853   889665   18.99%
  13201  4403       37.0187   220       43.5559       35.2853   898611   18.99%
  13265  4430       37.1187   165       43.5559       35.2853   898678   18.99%
  13340  4664       35.3187   196       43.5559       35.2853   919070   18.99%
* 13361  4650      integral     0       43.5145       35.2853   913119   18.91%
  13633  4678       43.0759   219       43.5145       35.2853   927818   18.91%
Elapsed time = 2219.93 sec. (482518.02 ticks, tree = 3134.57 MB, solutions = 1)
Nodefile size = 1085.37 MB (602.91 MB after compression)
  13865  5113       39.5010   268       43.5145       35.2853   962704   18.91%
  14070  5248       35.5853   152       43.5145       35.2853   970985   18.91%
* 14075+ 5243                           41.3145       35.2853            14.59%
  14412  5268       42.6680   300       41.3145       35.2853   978470   14.59%
  14708  5719       42.5839   352       41.3145       35.2853  1024687   14.59%
  15091  6016       38.4187   120       41.3145       35.2853  1051483   14.59%
  15490  6425       35.9187   297       41.3145       35.2853  1073869   14.59%
  15879  6438       39.3345    51       41.3145       35.2853  1089555   14.59%
  16256  7079       36.1187   209       41.3145       35.2853  1146556   14.59%
  16592  7009       36.5187   236       41.3145       35.2853  1145855   14.59%
  16867  7756       36.6187   310       41.3145       35.2853  1179123   14.59%
Elapsed time = 2566.98 sec. (520772.36 ticks, tree = 5239.34 MB, solutions = 1)
Nodefile size = 3187.81 MB (1849.74 MB after compression)
  17460  8069       35.9503   115       41.3145       35.2853  1197783   14.59%
  18026  8336       36.9187    93       41.3145       35.2853  1222027   14.59%
  18680  9060       37.3187   265       41.3145       35.2853  1256534   14.59%
  19344  8938       38.5931    85       41.3145       35.2853  1252384   14.59%
  19932  9692       36.3345   104       41.3145       35.2853  1289544   14.59%
  20338 10631       37.0266    75       41.3145       35.2853  1351759   14.59%
  20901 10939       39.0723   265       41.3145       35.2853  1362355   14.59%
  21549 11347       36.7187    97       41.3145       35.2853  1392558   14.59%
  22080 11787       39.7187   235       41.3145       35.2853  1405828   14.59%
  22753 12517       36.1187   285       41.3145       35.2853  1453880   14.59%
Elapsed time = 2863.50 sec. (558984.89 ticks, tree = 7211.86 MB, solutions = 1)
Nodefile size = 5163.77 MB (2952.54 MB after compression)
  23440 12422       36.3853   139       41.3145       35.2853  1446544   14.59%
  24261 13346       37.3519   222       41.3145       35.2853  1493739   14.59%
  25085 14127       40.2601    79       41.3145       35.2853  1525884   14.59%
  25804 15136       36.1187   272       41.3145       35.2853  1561878   14.59%
* 25944+14464                           38.3187       35.2853             7.92%
  26379 14768       38.3852    85       38.3187       35.2853  1545546    7.92%
* 26444+15734                           38.1187       35.2853             7.43%
  26897 15758       36.8187   129       38.1187       35.2853  1578129    7.43%
  27474 16466       38.0938   154       38.1187       35.2853  1617677    7.43%
  28442 17222       37.1187   253       38.1187       35.2853  1635439    7.43%
  29614 17712       38.1306   198       38.1187       35.2853  1653935    7.43%
  30521 18531       36.6345   290       38.1187       35.2853  1673341    7.43%
Elapsed time = 3196.13 sec. (597173.89 ticks, tree = 11782.72 MB, solutions = 1)
Nodefile size = 10088.66 MB (5752.26 MB after compression)
  31375 19200       36.7963   337       38.1187       35.2853  1693035    7.43%
  32188 20014       36.9266   122       38.1187       35.2853  1726235    7.43%
  32872 20601       38.6352    98       38.1187       35.2853  1742518    7.43%
  33248 21511       36.5266   287       38.1187       35.2853  1769774    7.43%
  33648 22234       36.8187   145       38.1187       35.2853  1786425    7.43%
  34098 22885       37.9472   143       38.1187       35.2853  1805398    7.43%
  34433 23295       36.4104   231       38.1187       35.2853  1829406    7.43%
  34749 23507       37.7187    89       38.1187       35.2853  1867606    7.43%
  35097 23479       37.6519   103       38.1187       35.2853  1850056    7.43%
  35510 24093       38.2519   109       38.1187       35.2853  1928892    7.43%
Elapsed time = 3562.28 sec. (635399.11 ticks, tree = 14236.71 MB, solutions = 1)
Nodefile size = 12189.44 MB (6901.15 MB after compression)
  36281 24045       36.9187   163       38.1187       35.2853  1922574    7.43%
  37144 25130       37.3767   231       38.1187       35.2853  2034925    7.43%
  37900 25169       36.1187   278       38.1187       35.2853  2036530    7.43%
  38609 26201       37.9187   192       38.1187       35.2853  2092821    7.43%
  39240 27035       37.7852   133       38.1187       35.2853  2129691    7.43%
  40099 27682       37.9226   138       38.1187       35.2853  2152802    7.43%
  40966 27743       37.7187   248       38.1187       35.2853  2153919    7.43%
  41451 28354       38.1187   108       38.1187       35.2853  2179930    7.43%
  41763 29111       37.5187    98       38.1187       35.2853  2205028    7.43%
  42180 30141       37.3332    89       38.1187       35.2853  2247141    7.43%
Elapsed time = 3930.69 sec. (673630.94 ticks, tree = 19038.67 MB, solutions = 1)
Nodefile size = 16989.14 MB (9568.20 MB after compression)
  43030 30690       38.1187   213       38.1187       35.2853  2259447    7.43%
  43902 31221       37.2187    88       38.1187       35.2853  2271996    7.43%
  44907 31569       37.5852   262       38.1187       35.2853  2290693    7.43%
* 45119+31171                           37.7187       35.2853             6.45%
* 45139+31171                           37.1187       35.2853             4.94%
  45694 32284       38.1519   160       37.1187       35.2853  2309412    4.94%
  46413 32460       37.8519   153       37.1187       35.2853  2313139    4.94%
  47065 33336       38.1187    72       37.1187       35.2853  2338935    4.94%
  47581 33889       38.1519   168       37.1187       35.2853  2352139    4.94%
  48291 34894       36.9299   131       37.1187       35.2853  2378315    4.94%
  48843 34550       36.1187   350       37.1187       35.2853  2374392    4.94%
  49449 36070       36.6519   258       37.1187       35.2853  2420474    4.94%
Elapsed time = 4366.38 sec. (711821.58 ticks, tree = 24887.68 MB, solutions = 1)
Nodefile size = 22842.00 MB (12783.58 MB after compression)
  50238 36036       37.6852   159       37.1187       35.2853  2415024    4.94%
  50777 36389       38.0187    81       37.1187       35.2853  2426249    4.94%
  51194 37828       36.6020   271       37.1187       35.2853  2467649    4.94%
  51984 37812       36.2187   259       37.1187       35.2853  2472254    4.94%
  52627 39129       36.3266   384       37.1187       35.2853  2532328    4.94%
  53348 39649       36.3853   227       37.1187       35.2853  2546951    4.94%
  54214 39968       37.6519   194       37.1187       35.2853  2553419    4.94%
  54938 40313       37.1187    88       37.1187       35.2853  2567891    4.94%
  55588 41156       36.9187   203       37.1187       35.2853  2593170    4.94%
  56289 41858       37.1187    75       37.1187       35.2853  2610780    4.94%
Elapsed time = 4812.24 sec. (750014.29 ticks, tree = 30277.00 MB, solutions = 1)
Nodefile size = 28266.87 MB (15675.80 MB after compression)
  56847 42858       37.0437   205       37.1187       35.2853  2655139    4.94%
  57384 43859       36.9187    91       37.1187       35.2853  2713304    4.94%
  57922 43871       37.0187   159       37.1187       35.2853  2713026    4.94%
  58228 44897       36.9187   118       37.1187       35.2853  2770602    4.94%
  58486 44784       35.6305   290       37.1187       35.2853  2767267    4.94%
  58589 45168       37.1187   143       37.1187       35.2853  2810870    4.94%
  58676 45295       36.5516   224       37.1187       35.2853  2852162    4.94%
  58976 45517       37.1187   256       37.1187       35.2853  2888369    4.94%
  59306 45895       36.1266   374       37.1187       35.2853  2972749    4.94%
  59904 45656       35.7932   190       37.1187       35.2853  2935683    4.94%
Elapsed time = 5197.77 sec. (788257.71 ticks, tree = 32150.69 MB, solutions = 1)
Nodefile size = 30109.26 MB (16709.91 MB after compression)
  60817 46859       37.1187   242       37.1187       35.2853  3070111    4.94%
  61631 47407       36.9852   146       37.1187       35.2853  3101170    4.94%
  62203 47752       36.0183   229       37.1187       35.2853  3117456    4.94%
* 62618+48133                           36.9187       35.2853             4.42%
  62740 47999       36.6187   307       36.9187       35.2853  3128554    4.42%
  63512 48819       36.1187   302       36.9187       35.2853  3185103    4.42%
* 63947+48514                           36.7187       35.2853             3.90%
  64073 48889       36.6187   235       36.7187       35.2853  3182320    3.90%
* 64310+48925                           36.3187       35.2853             2.85%
  64477 49153       36.3187   142       36.3187       35.2853  3206977    2.85%
  64733 51038       36.1972   208       36.3187       35.2853  3296145    2.85%
  65313 50774       36.1187   382       36.3187       35.2853  3280460    2.85%
  66056 51157       36.1972   173       36.3187       35.2853  3300517    2.85%
Elapsed time = 5548.06 sec. (826461.45 ticks, tree = 36198.10 MB, solutions = 1)
Nodefile size = 34151.20 MB (18907.79 MB after compression)
* 66411+51115                           36.1187       35.2853             2.31%
  66975 51744       36.2187   159       36.1187       35.2853  3336808    2.31%
  67965 52083       35.9424   244       36.1187       35.2853  3348248    2.31%
* 68225+51752                           35.9187       35.2853             1.76%
  68916 52212       35.7853   273       35.9187       35.2853  3354230    1.76%
  69412 54018       35.9216   219       35.9187       35.2853  3423013    1.76%
  69820 54800       35.8104   279       35.9187       35.2853  3455645    1.76%
  70266 55465       35.7477   246       35.9187       35.2853  3490944    1.76%
  70745 55331       35.5503   315       35.9187       35.2853  3489180    1.76%
  71140 56642       35.9187   180       35.9187       35.2853  3576717    1.76%
  71496 57286       35.6266   342       35.9187       35.2853  3631778    1.76%
  71702 57321       35.7305   245       35.9187       35.2853  3632904    1.76%
Elapsed time = 5965.42 sec. (864950.88 ticks, tree = 43069.42 MB, solutions = 1)
Nodefile size = 41015.69 MB (22711.88 MB after compression)
  71797 57151       35.7226   279       35.9187       35.2853  3618490    1.76%
  71886 57829       35.9187   348       35.9187       35.2853  3702967    1.76%
  71916 57838       35.4104   307       35.9187       35.2853  3732772    1.76%
  72019 57888       35.7305   367       35.9187       35.2853  3763105    1.76%
  72097 57981       35.9972   244       35.9187       35.2853  3788247    1.76%
  72329 58032       37.1971   315       35.9187       35.2853  3829027    1.76%
  72603 58158       35.9187   197       35.9187       35.2853  3844159    1.76%
  72901 58235       37.2852   286       35.9187       35.2853  3907092    1.76%
  73235 58880       35.9433   366       35.9187       35.2853  3990282    1.76%
  73677 59112       36.2027   330       35.9187       35.2853  4038478    1.76%
Elapsed time = 6306.92 sec. (903546.50 ticks, tree = 43700.30 MB, solutions = 1)
Nodefile size = 41656.40 MB (23074.97 MB after compression)
  74168 59052       35.7687   338       35.9187       35.2853  4027349    1.76%
  74674 59188       35.9187   206       35.9187       35.2853  4061345    1.76%
  75162 59522       35.9187   314       35.9187       35.2853  4093189    1.76%
  75703 60901       35.6187   285       35.9187       35.2853  4193438    1.76%
  76410 61435       35.5187   246       35.9187       35.2853  4238798    1.76%
  77100 61715       35.7187   294       35.9187       35.2853  4266837    1.76%
  78111 62226       35.7239   423       35.9187       35.2853  4294348    1.76%
  78634 61800       35.9187   283       35.9187       35.2853  4268825    1.76%
  79048 63330       35.9187   290       35.9187       35.2853  4342714    1.76%
  79429 63174       35.7437   303       35.9187       35.2853  4337061    1.76%
Elapsed time = 6639.63 sec. (941767.90 ticks, tree = 50206.18 MB, solutions = 1)
Nodefile size = 48138.52 MB (26784.66 MB after compression)
  79916 64611       35.5187   357       35.9187       35.2853  4411232    1.76%
  80155 64134       35.6104   301       35.9187       35.2853  4385213    1.76%
  80432 64783       35.7226   329       35.9187       35.2853  4429442    1.76%
  80865 65835       35.9187   256       35.9187       35.2853  4498877    1.76%
  81368 66262       35.6187   319       35.9187       35.2853  4532387    1.76%
  82039 66441       36.0187   258       35.9187       35.2853  4547101    1.76%
  82717 66318       35.9187   351       35.9187       35.2853  4534624    1.76%
  83466 66688       35.9187   243       35.9187       35.2853  4556041    1.76%
  84093 67606       35.7266   427       35.9187       35.2853  4599610    1.76%
  84628 67753       35.8187   314       35.9187       35.2853  4603666    1.76%
Elapsed time = 6941.23 sec. (979971.31 ticks, tree = 55046.98 MB, solutions = 1)
Nodefile size = 53544.56 MB (29873.53 MB after compression)
  85070 68408       35.9187   248       35.9187       35.2853  4653535    1.76%
  85445 70095       35.9187   200       35.9187       35.2853  4742713    1.76%
  85702 70554       35.8187   401       35.9187       35.2853  4773458    1.76%
  85881 68997       35.9187   342       35.9187       35.2853  4688863    1.76%
  86035 70893       35.9187   197       35.9187       35.2853  4809838    1.76%
  86143 70929       35.9187   128       35.9187       35.2853  4809883    1.76%
  86188 68872       35.8901   404       35.9187       35.2853  4688317    1.76%
  86202 68868       35.5226   357       35.9187       35.2853  4680303    1.76%
  86206 70423       35.9187   362       35.9187       35.2853  4758881    1.76%

GUB cover cuts applied:  1
Clique cuts applied:  3384
Cover cuts applied:  14
Implied bound cuts applied:  272
Flow cuts applied:  109
Mixed integer rounding cuts applied:  14354
Zero-half cuts applied:  136
Lift and project cuts applied:  42
Gomory fractional cuts applied:  621

Root node processing (before b&c):
  Real time             =    0.03 sec. (8.13 ticks)
Parallel b&c, 32 threads:
  Real time             = 5895.15 sec. (631130.46 ticks)
  Sync time (average)   = 3650.85 sec.
  Wait time (average)   =    0.37 sec.
                          ------------
Total (root+branch&cut) = 5895.18 sec. (631138.59 ticks)

Solution pool: 1 solution saved.

Populate - Time limit exceeded, integer optimal:  Objective =  3.5918652080e+01
Current MIP best bound =  3.5285318747e+01 (gap = 0.633333, 1.76%)
Solution time = 7220.41 sec.  Iterations = 5055675  Nodes = 86208 (71749)
Deterministic time = 1019850.60 ticks  (141.25 ticks/sec)

CPLEX> Solution pool written to file 'results_cplex_1_1.txt'.
CPLEX> 
Welcome to IBM(R) ILOG(R) CPLEX(R) Interactive Optimizer 12.7.1.0
  with Simplex, Mixed Integer & Barrier Optimizers
5725-A06 5725-A29 5724-Y48 5724-Y49 5724-Y54 5724-Y55 5655-Y21
Copyright IBM Corp. 1988, 2017.  All Rights Reserved.

Type 'help' for a list of available commands.
Type 'help' followed by a command name for more
information on commands.

CPLEX> Warning, line 580070: Name 'dist_XMetab__6021___e____' does not exist.
Warning, line 580078: Name 'dist_XMetab__1110___c____' does not exist.
Warning, line 580207: Name 'dist_XMetab__6029___e____' does not exist.
Warning, line 580208: Name 'dist_XMetab__6029___l____' does not exist.
Warning, line 580776: Name 'dist_XMetab__439155___m____' does not exist.
Warning, line 592244: Name 'dist_XMetab__6021___e____' does not exist.
Warning, line 592252: Name 'dist_XMetab__1110___c____' does not exist.
Warning, line 592381: Name 'dist_XMetab__6029___e____' does not exist.
Warning, line 592382: Name 'dist_XMetab__6029___l____' does not exist.
Warning, line 592950: Name 'dist_XMetab__439155___m____' does not exist.
Problem 'testFile_1_1.lp' read.
Read time = 0.50 sec. (45.72 ticks)
CPLEX> New value for mixed integer optimality gap tolerance: 0.2
CPLEX> New value for relative objective gap: 0.0001
CPLEX> New value for solution pool replacement strategy: 2
CPLEX> New value for solutions limit for each populate call: 500
CPLEX> New value for capacity of solution pool: 100
CPLEX> New value for intensity for populating the MIP solution pool: 4
CPLEX> New value for time limit in seconds: 21600
CPLEX> New value for default parallel thread count: 0
CPLEX> CPXPARAM_TimeLimit                               21600
CPXPARAM_Read_APIEncoding                        "UTF-8"
CPXPARAM_MIP_Tolerances_MIPGap                   0.20000000000000001
CPXPARAM_MIP_Pool_Capacity                       100
CPXPARAM_MIP_Pool_Replace                        2
CPXPARAM_MIP_Pool_RelGap                         0.0001
CPXPARAM_MIP_Pool_Intensity                      4
CPXPARAM_MIP_Limits_Populate                     500

Populate: phase I 
Tried aggregator 3 times.
MIP Presolve eliminated 177142 rows and 16316 columns.
MIP Presolve modified 992 coefficients.
Aggregator did 9202 substitutions.
Reduced MIP has 230042 rows, 140273 columns, and 703082 nonzeros.
Reduced MIP has 125481 binaries, 2698 generals, 0 SOSs, and 0 indicators.
Presolve time = 1.01 sec. (1003.55 ticks)
Found incumbent of value 247.930184 after 2.12 sec. (1886.53 ticks)
Probing fixed 2991 vars, tightened 129 bounds.
Probing changed sense of 14 constraints.
Probing time = 13.97 sec. (841.48 ticks)
Tried aggregator 3 times.
MIP Presolve eliminated 26732 rows and 33342 columns.
MIP Presolve modified 50 coefficients.
Aggregator did 1088 substitutions.
Reduced MIP has 202222 rows, 105843 columns, and 628091 nonzeros.
Reduced MIP has 91213 binaries, 2536 generals, 0 SOSs, and 0 indicators.
Presolve time = 1.67 sec. (1392.76 ticks)
Probing fixed 61 vars, tightened 0 bounds.
Probing time = 6.22 sec. (380.79 ticks)
Tried aggregator 3 times.
MIP Presolve eliminated 36083 rows and 30356 columns.
MIP Presolve modified 113 coefficients.
Aggregator did 1838 substitutions.
Reduced MIP has 164301 rows, 73649 columns, and 531670 nonzeros.
Reduced MIP has 60055 binaries, 1500 generals, 0 SOSs, and 0 indicators.
Presolve time = 1.15 sec. (979.65 ticks)
Probing time = 13.60 sec. (175.22 ticks)
Tried aggregator 3 times.
MIP Presolve eliminated 20699 rows and 19476 columns.
MIP Presolve modified 162 coefficients.
Aggregator did 1186 substitutions.
Reduced MIP has 142416 rows, 52987 columns, and 476390 nonzeros.
Reduced MIP has 40441 binaries, 452 generals, 0 SOSs, and 0 indicators.
Presolve time = 0.92 sec. (832.30 ticks)
Probing fixed 5 vars, tightened 0 bounds.
Probing time = 8.06 sec. (109.05 ticks)
Clique table members: 291223.
MIP emphasis: balance optimality and feasibility.
MIP search method: dynamic search.
Parallel mode: deterministic, using up to 32 threads.
Root relaxation solution time = 1.08 sec. (877.92 ticks)

        Nodes                                         Cuts/
   Node  Left     Objective  IInf  Best Integer    Best Bound    ItCnt     Gap

*     0+    0                          247.9302        5.5032            97.78%
*     0+    0                          246.9302        5.5032            97.77%
      0     0       26.4855   130      246.9302       26.4855     1624   89.27%
      0     0       32.6186   117      246.9302    Cuts: 1600     2294   86.79%
      0     0       39.0732   125      246.9302    Cuts: 1598     3026   84.18%
      0     0       41.7178   146      246.9302    Cuts: 1924     3980   83.11%
      0     0       42.7348   145      246.9302    Cuts: 6522     4667   82.69%
      0     0       45.5019   167      246.9302    Cuts: 1341     5443   81.57%
      0     0       45.6019   151      246.9302    Cuts: 1236     6424   81.53%
      0     0       45.7088   150      246.9302     Cuts: 997     7148   81.49%
      0     0       45.8897   162      246.9302     Cuts: 668     8057   81.42%
      0     0       45.9440   193      246.9302     Cuts: 502     9073   81.39%
      0     0       46.0063   151      246.9302     Cuts: 850     9873   81.37%
      0     0       46.0222   166      246.9302    Cuts: 3166    10576   81.36%
      0     0       46.0222   165      246.9302     Cuts: 441    11036   81.36%
      0     0       46.0222   158      246.9302     Cuts: 386    11228   81.36%
      0     2       46.0222   158      246.9302       46.0222    11228   81.36%
Elapsed time = 329.75 sec. (37012.91 ticks, tree = 0.01 MB, solutions = 1)
      2     4       46.1487   147      246.9302       46.0863    12573   81.34%
      3     5       47.7367   317      246.9302       46.0863    15660   81.34%
      4     4       46.0872   506      246.9302       46.0863    16371   81.34%
      5     7       46.0914   490      246.9302       46.0875    20958   81.34%
      8     3       46.1056   603      246.9302       46.0875    16590   81.34%
     10    12       46.1201   591      246.9302       46.0875    26935   81.34%
     13    10       46.1083   656      246.9302       46.0875    23457   81.34%
     15    14       46.4840   569      246.9302       46.0875    28369   81.34%
     16    18       46.4840   568      246.9302       46.0875    31165   81.34%
     53    37       48.1185   566      246.9302       46.0875    36271   81.34%
Elapsed time = 375.17 sec. (53158.94 ticks, tree = 0.13 MB, solutions = 1)
    151    61       47.0649   698      246.9302       46.1083    49528   81.33%
    263    62       46.5973   582      246.9302       46.1083    47538   81.33%
    318   165       46.4999   566      246.9302       46.1083    77200   81.33%
    397   257    infeasible            246.9302       46.1083    97282   81.33%
    575   299       62.7852   497      246.9302       46.1083   104740   81.33%
    764   404       63.3852   488      246.9302       46.1083   127061   81.33%
    963   612    infeasible            246.9302       46.1083   164043   81.33%
   1160   700       48.5017   493      246.9302       46.1083   173686   81.33%
   1396   962       63.2498   527      246.9302       46.1083   208974   81.33%
   1607  1067       67.7986   567      246.9302       46.1083   215221   81.33%
Elapsed time = 429.43 sec. (62733.78 ticks, tree = 28.73 MB, solutions = 1)
   1829  1290    infeasible            246.9302       46.1083   242944   81.33%
   2072  1385       51.4637   482      246.9302       46.1083   256321   81.33%
   2338  1685       63.9852   396      246.9302       46.1083   291940   81.33%
   2586  1895       51.7349   670      246.9302       46.1083   308402   81.33%
   2819  1987       53.7533   555      246.9302       46.1083   316371   81.33%
   3040  2197       51.6684   472      246.9302       46.1552   337655   81.31%
   3272  2476    infeasible            246.9302       46.1726   362969   81.30%
   3507  2463       54.5900   384      246.9302       46.2167   360429   81.28%
   3731  2743       83.8572   448      246.9302       46.2167   403627   81.28%
   4002  2937       50.8637   407      246.9302       46.2167   426074   81.28%
Elapsed time = 484.85 sec. (72296.57 ticks, tree = 80.26 MB, solutions = 1)
   4258  3072       52.1438   438      246.9302       46.2167   439481   81.28%
   4507  3210       64.1753   322      246.9302       46.2167   453986   81.28%
   4786  3536       52.0783   445      246.9302       46.3715   483307   81.22%
   5050  3885       93.8816   430      246.9302       46.3715   507422   81.22%
   5347  3805       64.9043   343      246.9302       46.3715   501047   81.22%
   5550  4040       52.5597   290      246.9302       46.3715   515320   81.22%
   5625  4077       57.9775   394      246.9302       46.3715   516303   81.22%
   5629  4651       47.8701    55      246.9302       47.8701   577089   80.61%
   5630  4651       47.8701    65      246.9302       47.8701   577516   80.61%
   5631  4652       47.8701    64      246.9302       47.8701   577517   80.61%
Elapsed time = 830.74 sec. (180605.33 ticks, tree = 188.74 MB, solutions = 1)
   5632  4652       47.9261   130      246.9302       47.8701   578360   80.61%
   5633  4652       47.9355   121      246.9302       47.8701   578881   80.61%
   5634  4652       47.9507   135      246.9302       47.8701   579378   80.61%
   5636  1997       47.9552   124      246.9302       47.8701   584553   80.61%
   5637  1998       47.9701   111      246.9302       47.8701   588678   80.61%
   5638  1398       48.3260   174      246.9302       47.8701   583122   80.61%
   5639   998       47.8702   204      246.9302       47.8701   587954   80.61%
   5640  1006       47.8702   202      246.9302       47.8701   605782   80.61%
   5641   928       48.6323   249      246.9302       47.8701   598511   80.61%
   5643   930       47.8702   195      246.9302       47.8701   613534   80.61%
Elapsed time = 934.25 sec. (217084.74 ticks, tree = 37.12 MB, solutions = 1)
   5644   931       47.8702   207      246.9302       47.8701   613933   80.61%
   5645   219       48.0701    89      246.9302       47.8701   578516   80.61%
   5646   233       48.0701    74      246.9302       47.8702   615786   80.61%
   5647   110       48.0701   227      246.9302       47.8702   594702   80.61%
   5648   113       48.6325   209      246.9302       47.8702   597954   80.61%
   5649   122       48.0701   225      246.9302       47.8702   631380   80.61%
   5650    63       47.9868   256      246.9302       47.8702   602128   80.61%
   5651    66       48.7097   326      246.9302       47.8702   622996   80.61%
   5653    37       49.8057   199      246.9302       47.8702   603164   80.61%
   5655    38       48.7097   324      246.9302       47.8702   661488   80.61%
Elapsed time = 1167.18 sec. (245990.60 ticks, tree = 0.54 MB, solutions = 1)
   5656    28       48.2701   182      246.9302       47.8702   619904   80.61%
   5657    34       50.0737   274      246.9302       47.8702   680954   80.61%
   5659    38       50.0737   268      246.9302       47.8702   712850   80.61%
   5660    35       48.7877   356      246.9302       47.8702   704798   80.61%
   5665    23       48.0701   272      246.9302       47.8702   644024   80.61%
   5666    31       50.1737   270      246.9302       47.8702   717062   80.61%
   5670    35       48.7131   305      246.9302       47.8702   733847   80.61%
   5673    41       49.2645   297      246.9302       47.8702   763181   80.61%
   5675    47       49.3442   295      246.9302       47.8702   788910   80.61%
   5683    48       49.3804   276      246.9302       47.8702   789203   80.61%
Elapsed time = 1268.66 sec. (262071.39 ticks, tree = 6.75 MB, solutions = 1)
   5688    47       49.0219   321      246.9302       47.8702   785488   80.61%
   5692    47       50.2129   251      246.9302       47.8702   783921   80.61%
   5699    48       50.3314   241      246.9302       47.8702   784106   80.61%
   5706    49       50.3316   228      246.9302       47.8702   784215   80.61%
   5714    14       48.2702   256      246.9302       47.8702   619716   80.61%
   5719    49       55.3514   291      246.9302       47.8702   786436   80.61%
   5723     9       48.2701   104      246.9302       47.8702   587104   80.61%
   5734    53       54.9520   248      246.9302       47.8702   790251   80.61%
   5741    50       57.3994   280      246.9302       47.8702   786822   80.61%
   5746    56       54.9520   242      246.9302       47.8702   790255   80.61%
Elapsed time = 1336.97 sec. (273370.32 ticks, tree = 63.73 MB, solutions = 1)
   5753    50       50.6461   291      246.9302       47.8702   793749   80.61%
   5759    77       53.2199   298      246.9302       47.8702   903779   80.61%
   5767    92       50.5300   215      246.9302       47.8702   905619   80.61%
   5773   102       54.9520   240      246.9302       47.8702   907403   80.61%
   5790   110       50.7300   311      246.9302       47.8702   933035   80.61%
   5800    94       50.5300   213      246.9302       47.8702   905645   80.61%
   5812   115       55.3508   212      246.9302       47.8702   987078   80.61%
   5833   122       50.7300   291      246.9302       47.8702   933127   80.61%
   5867   111       51.1300   273      246.9302       47.8702   920631   80.61%
   5894   120       55.3508   200      246.9302       47.8702   987273   80.61%
Elapsed time = 1390.89 sec. (284174.62 ticks, tree = 53.70 MB, solutions = 1)
   5932   153       50.7300   236      246.9302       47.8702   933442   80.61%
   5977   159       51.1301   208      246.9302       47.8702   920889   80.61%
   6000   165       51.4301   210      246.9302       47.8702   920927   80.61%
   6028   119       54.9520   220      246.9302       47.8702   907509   80.61%
   6050   108       48.0702   230      246.9302       47.8702   920182   80.61%
   6071    69       49.8057   333      246.9302       47.8702   912610   80.61%
   6113   345       55.5520   214      246.9302       47.8702  1145086   80.61%
   6149   128       48.4702   312      246.9302       47.8702  1031145   80.61%
   6191   314       63.4281   251      246.9302       47.8702  1129568   80.61%
   6430   387       55.7520   156      246.9302       47.8702  1146536   80.61%
Elapsed time = 1451.47 sec. (296759.67 ticks, tree = 327.46 MB, solutions = 1)
   6833   447       63.3847   203      246.9302       47.8702  1161881   80.61%
   7420   531       49.0665   263      246.9302       47.8702  1251685   80.61%
   8155   475       61.9698   166      246.9302       47.8702  1243996   80.61%
   8865  1380       65.2542   152      246.9302       47.8702  1323020   80.61%
   9556  1416       58.4722   108      246.9302       47.8702  1318298   80.61%
  10296  2988       54.2267   168      246.9302       47.8702  1407794   80.61%
  10879  3901       48.8998    64      246.9302       47.8702  1445426   80.61%
  11166  3398       49.0998    84      246.9302       47.8702  1422040   80.61%
  11332  4841       52.2828   197      246.9302       47.8702  1529100   80.61%
  11549  5208       51.6333    85      246.9302       47.8702  1591019   80.61%
Elapsed time = 1726.61 sec. (334967.34 ticks, tree = 6451.64 MB, solutions = 1)
Nodefile size = 4372.53 MB (2542.35 MB after compression)
  12043  5336       69.7194    32      246.9302       47.8702  1613845   80.61%
  13014  5882       63.6601    20      246.9302       47.8702  1667882   80.61%
  13793  5972       70.1332    24      246.9302       47.8702  1670788   80.61%
  14617  7247       56.9207   102      246.9302       47.8702  1727369   80.61%
  15267  7180       55.0617   181      246.9302       47.8702  1726489   80.61%
  15966  8854       49.3157   140      246.9302       47.8702  1820082   80.61%
  16934  9458       52.1432    99      246.9302       47.8702  1884846   80.61%
  17571  9830       66.4695    56      246.9302       47.8702  1904216   80.61%
  17964 10417       57.6168    54      246.9302       47.8702  1926147   80.61%
  18607 11454       66.7310    61      246.9302       47.8702  1982980   80.61%
Elapsed time = 1981.50 sec. (373153.38 ticks, tree = 16821.85 MB, solutions = 1)
Nodefile size = 14774.40 MB (8735.49 MB after compression)
  19528 11618       60.8399   129      246.9302       47.8702  1997941   80.61%
  20558 12117       66.2583   206      246.9302       47.8702  2035137   80.61%
  21525 12861       67.8803   190      246.9302       47.8702  2073896   80.61%
  22388 14191       60.6277    63      246.9302       47.8702  2138172   80.61%
  23394 14871       53.5508    74      246.9302       47.8702  2172504   80.61%
  24190 15324       67.1871   146      246.9302       47.8702  2211425   80.61%
  24945 16852       67.3772   142      246.9302       47.8702  2277588   80.61%
  25300 18062       56.0391    20      246.9302       47.8702  2346831   80.61%
  25636 18276    infeasible            246.9302       47.8702  2362237   80.61%
  26539 18628       71.2956    93      246.9302       47.8702  2397591   80.61%
Elapsed time = 2221.98 sec. (411355.51 ticks, tree = 28668.97 MB, solutions = 1)
Nodefile size = 26622.34 MB (16464.36 MB after compression)
  27584 18647       52.6870   301      246.9302       47.8702  2399600   80.61%
  28620 20229       49.9031   425      246.9302       47.8702  2496209   80.61%
  29455 20150       64.1428    71      246.9302       47.8702  2484495   80.61%
  30266 21699       53.4161    56      246.9302       47.8702  2572960   80.61%
  30945 21761       65.1428    58      246.9302       47.8702  2576307   80.61%
  31470 23365       64.7214   157      246.9302       47.8702  2685537   80.61%
  31850 23741       57.4130   212      246.9302       47.8702  2715054   80.61%
  32338 24338       65.3976   154      246.9302       47.8702  2779738   80.61%
  32911 24560       73.2646    66      246.9302       47.8702  2811548   80.61%
  33640 25165       52.4776   155      246.9302       47.8702  2853874   80.61%
Elapsed time = 2481.36 sec. (449567.39 ticks, tree = 40018.61 MB, solutions = 1)
Nodefile size = 37971.96 MB (23943.10 MB after compression)
  34225 25827       49.1489   337      246.9302       47.8702  2927648   80.61%
  34742 26529       63.3289   179      246.9302       47.8702  2986457   80.61%
  35271 26869       53.4433   308      246.9302       47.8702  3038395   80.61%
  35751 27168       53.3776   235      246.9302       47.8702  3081175   80.61%
  36161 27793       68.9212   316      246.9302       47.8702  3132584   80.61%
  37156 28336       71.3713    60      246.9302       47.8702  3176517   80.61%
  38385 28818       67.0350   148      246.9302       47.8702  3226501   80.61%
  39263 29385       57.9337   208      246.9302       47.8702  3258646   80.61%
  40212 29855       54.5937   349      246.9302       47.8702  3279974   80.61%
  41055 31897       56.0327   209      246.9302       47.8702  3369793   80.61%
Elapsed time = 2734.43 sec. (487779.12 ticks, tree = 51073.85 MB, solutions = 1)
Nodefile size = 49027.16 MB (31303.71 MB after compression)
  41881 32938       68.9119   332      246.9302       47.8702  3436614   80.61%
  42740 33426       67.9187   126      246.9302       47.8702  3458324   80.61%
  43800 33240       50.0614   203      246.9302       47.8702  3457736   80.61%
  44578 34379       49.9701    71      246.9302       47.8702  3512726   80.61%
  45142 34997       58.4176   285      246.9302       47.8702  3567225   80.61%
  45604 37215       70.5774   318      246.9302       47.8702  3696678   80.61%
  46401 37437       56.5315   175      246.9302       47.8702  3710193   80.61%
  47503 37597       54.4601   282      246.9302       47.8702  3721729   80.61%
  48409 38275       57.2680   330      246.9302       47.8702  3762305   80.61%
  49330 39629       57.5634   272      246.9302       47.8702  3818240   80.61%
Elapsed time = 2989.70 sec. (525963.41 ticks, tree = 63687.82 MB, solutions = 1)
Nodefile size = 61641.49 MB (39618.54 MB after compression)
  49975 40594       58.4552   334      246.9302       47.8702  3886245   80.61%
  50839 40743       50.8041   326      246.9302       47.8702  3898997   80.61%
  51812 41158       57.7878    60      246.9302       47.8702  3921470   80.61%
  52825 42283       67.9808   130      246.9302       47.9210  3992242   80.59%
  53719 43639       51.7735   358      246.9302       47.9210  4117636   80.59%
  54373 44053       50.1608   136      246.9302       47.9210  4154081   80.59%
  55114 45578       57.4216   238      246.9302       47.9210  4231746   80.59%
  56074 46011       56.7339   196      246.9302       47.9210  4268538   80.59%
  56986 47017       68.6920   138      246.9302       47.9210  4355063   80.59%
  57753 46847       51.5056   257      246.9302       47.9210  4334569   80.59%
Elapsed time = 3236.79 sec. (564146.44 ticks, tree = 77164.14 MB, solutions = 1)
Nodefile size = 75049.05 MB (48539.54 MB after compression)
* 57905+47476                          239.1696       47.9210            79.96%
* 57956+47476                          230.1032       47.9210            79.17%
  58129 47306       56.0750   194      230.1032       47.9210  4379874   79.17%
* 58133+47710                          229.4642       47.9210            79.12%
* 58135+47515                          227.3962       47.9210            78.93%
* 58154+47710                          223.6118       47.9210            78.57%
* 58179+47710                          221.1842       47.9210            78.33%
* 58187+47710                          215.6555       47.9210            77.78%
* 58205+48293                          205.9027       47.9210            76.73%
* 58346+48342                          197.2579       47.9210            75.71%
  58409 49238       53.8684   208      197.2579       47.9210  4504122   75.71%
* 58525+47902                          186.3439       47.9210            74.28%
* 58873+49336                          172.5043       47.9210            72.22%
  59147 48698       62.6667   226      172.5043       47.9210  4479690   72.22%
* 59672+47902                          154.4706       47.9210            68.98%
  59911 50012       53.8852   148      154.4706       47.9210  4553075   68.98%
* 60514+49559                           86.7083       47.9210            44.73%
  60808 50846       71.6253   176       86.7083       47.9210  4608628   44.73%
  62057 51052       60.8079   106       86.7083       47.9210  4613985   44.73%
  63158 52371       69.2497    55       86.7083       47.9210  4708966   44.73%
* 63207+51396                           70.4992       47.9210            32.03%
* 63369+52256                           69.2414       47.9210            30.79%
  64143 51806       59.7926   152       69.2414       47.9210  4678014   30.79%
  64968 53812       63.9984   222       69.2414       47.9210  4752463   30.79%
* 65308+54897                           67.6211       47.9210            29.13%
  65539 54562       60.0586   274       67.6211       47.9210  4784931   29.13%
Elapsed time = 3477.14 sec. (602342.48 ticks, tree = 88897.53 MB, solutions = 1)
Nodefile size = 86852.58 MB (56472.03 MB after compression)
* 66047+55576                           64.8739       47.9210            26.13%
  66343 55915       49.8648   302       64.8739       47.9210  4870766   26.13%
  67435 56682       63.9129   200       64.8739       47.9210  4905289   26.13%
  68464 56526       56.0035   282       64.8739       47.9407  4903489   26.10%
  69427 56905       51.3648   257       64.8739       47.9407  4926305   26.10%
  70324 57507       48.8322   248       64.8739       47.9407  4961142   26.10%
  71438 59797       52.0333   176       64.8739       47.9407  5084240   26.10%
* 72272+60034                           62.9550       47.9407            23.85%
  72494 61018       56.8650   124       62.9550       47.9407  5163712   23.85%
  73394 61714       62.0282   202       62.9550       47.9407  5232986   23.85%
  74290 62065       55.2333   134       62.9550       48.1701  5254062   23.48%
  75211 63401       62.9147   326       62.9550       48.1701  5321570   23.48%
Elapsed time = 3752.99 sec. (640545.94 ticks, tree = 103155.77 MB, solutions = 1)
Nodefile size = 101107.79 MB (66052.16 MB after compression)
  75873 63630       48.2701   295       62.9550       48.1701  5344116   23.48%
  76401 63871       51.7909   418       62.9550       48.1701  5364953   23.48%
  76631 65061       58.3865   202       62.9550       48.1701  5458256   23.48%
  76779 65897       48.5147   426       62.9550       48.1747  5492705   23.48%
  77124 67295       54.9006   147       62.9550       48.2158  5611858   23.41%
  77915 67549       55.6175   216       62.9550       48.2158  5637968   23.41%
  79124 67653       61.4645   312       62.9550       48.2240  5651842   23.40%
  80246 67646       60.1382   280       62.9550       48.2240  5645039   23.40%
  81177 68616       52.2272   222       62.9550       48.2240  5700127   23.40%
  81924 68771       55.4883   305       62.9550       48.2240  5726459   23.40%
Elapsed time = 3995.26 sec. (678754.16 ticks, tree = 113116.63 MB, solutions = 1)
Nodefile size = 111070.54 MB (72776.35 MB after compression)
  82876 70125       51.2331   400       62.9550       48.2240  5816484   23.40%
  83691 69812       54.5700   252       62.9550       48.2240  5796626   23.40%
  84535 71377       56.8348   149       62.9550       48.2240  5875494   23.40%
  85371 71948       52.1826   190       62.9550       48.2240  5892132   23.40%
  86423 73937       57.0764   321       62.9550       48.2240  6014572   23.40%
  87567 75591       52.7767   300       62.9550       48.2240  6099361   23.40%
  88566 76525       57.6764   179       62.9550       48.2240  6158122   23.40%
  89455 76604       58.4764    93       62.9550       48.2240  6159388   23.40%
  90182 76284       55.7396   321       62.9550       48.2240  6136411   23.40%
  90920 78144       53.1767   153       62.9550       48.2240  6220131   23.40%
Elapsed time = 4290.66 sec. (716931.88 ticks, tree = 127437.34 MB, solutions = 1)
Nodefile size = 125389.35 MB (82309.87 MB after compression)
  91731 79830       51.0649   327       62.9550       48.2240  6323498   23.40%
  92717 79028       59.7008   210       62.9550       48.2240  6271189   23.40%
  93681 79485       54.5977   154       62.9550       48.2240  6283266   23.40%
* 93893+81491                           60.0182       48.2240            19.65%
  94220 81644       52.2318   190       60.0182       48.2240  6412078   19.65%
  94491 81182       49.1942   284       60.0182       48.2240  6397302   19.65%
  94596 81912       48.9331   218       60.0182       48.2240  6422207   19.65%

GUB cover cuts applied:  3
Clique cuts applied:  1181
Cover cuts applied:  111
Implied bound cuts applied:  104
Flow cuts applied:  358
Mixed integer rounding cuts applied:  7698
Zero-half cuts applied:  51
Lift and project cuts applied:  40
Gomory fractional cuts applied:  300

Root node processing (before b&c):
  Real time             =  326.99 sec. (36416.81 ticks)
Parallel b&c, 32 threads:
  Real time             = 4141.48 sec. (708283.53 ticks)
  Sync time (average)   = 2129.79 sec.
  Wait time (average)   =    1.40 sec.
                          ------------
Total (root+branch&cut) = 4468.47 sec. (744700.35 ticks)

Populate: phase II 

        Nodes                                         Cuts/
   Node  Left     Objective  IInf  Best Integer    Best Bound    ItCnt     Gap

  94615 84558       49.7776   381       60.0182       48.2240  6631531   19.65%
Elapsed time = 4512.52 sec. (744955.63 ticks, tree = 134555.41 MB, solutions = 1)
Nodefile size = 132508.56 MB (87024.72 MB after compression)
  94616 84559       49.7848   338       60.0182       48.2240  6631591   19.65%
  94619 84562       49.8640   352       60.0182       48.2240  6631831   19.65%
  94621 84564       51.3029   337       60.0182       48.2240  6632040   19.65%
  94622 84565       51.4814   351       60.0182       48.2240  6632268   19.65%
  94625 84568       53.3070   332       60.0182       48.2240  6632417   19.65%
  94630 84573       53.3070   320       60.0182       48.2240  6632593   19.65%
  94633 84575       53.3070   318       60.0182       48.2240  6632680   19.65%
  94640 84582       53.3070   308       60.0182       48.2240  6632728   19.65%
  94642 84559       51.5229   371       60.0182       48.2240  6631743   19.65%
  94665 84596       54.2913   329       60.0182       48.2240  6633645   19.65%
Elapsed time = 4615.70 sec. (749652.87 ticks, tree = 118264.59 MB, solutions = 1)
Nodefile size = 116518.65 MB (76521.30 MB after compression)
  94680 84600       54.5407   322       60.0182       48.2240  6634270   19.65%
  94716 84563       51.7767   302       60.0182       48.2240  6634633   19.65%
  94743 84582       53.1767    87       60.0182       48.2240  6632204   19.65%
  94799 84601       53.3411   318       60.0182       48.2240  6634884   19.65%
  94840 84584       51.9767   282       60.0182       48.2240  6636065   19.65%
  94897 84639       55.8714   306       60.0182       48.2240  6640372   19.65%
  94928 84644       57.6714   306       60.0182       48.2240  6640456   19.65%
  94969 84623       51.9767   246       60.0182       48.2240  6637548   19.65%
  95029 84606       53.6242    93       60.0182       48.2240  6634904   19.65%
  95105 84653       51.9767   208       60.0182       48.2240  6638531   19.65%
Elapsed time = 5232.86 sec. (759310.80 ticks, tree = 87151.98 MB, solutions = 1)
Nodefile size = 85141.60 MB (55844.77 MB after compression)
  95202 84712       52.9169   237       60.0182       48.2240  6634216   19.65%
  95334 84688       52.0767   204       60.0182       48.2240  6639438   19.65%
  95499 84593       49.6322   304       60.0182       48.2240  6634419   19.65%
  95663 84741       54.9632   400       60.0182       48.2240  6633086   19.65%
