8
[1] 41
[1] 118

Welcome to IBM(R) ILOG(R) CPLEX(R) Interactive Optimizer 12.7.1.0
  with Simplex, Mixed Integer & Barrier Optimizers
5725-A06 5725-A29 5724-Y48 5724-Y49 5724-Y54 5724-Y55 5655-Y21
Copyright IBM Corp. 1988, 2017.  All Rights Reserved.

Type 'help' for a list of available commands.
Type 'help' followed by a command name for more
information on commands.

CPLEX> Warning, line 631315: Name 'dist_X1052' does not exist.
Warning, line 634569: Name 'dist_X10168' does not exist.
Warning, line 636586: Name 'dist_X57491' does not exist.
Warning, line 637981: Name 'dist_X51341' does not exist.
Warning, line 640239: Name 'dist_X79977' does not exist.
Warning, line 640277: Name 'dist_X4137' does not exist.
Warning, line 640372: Name 'dist_X9839' does not exist.
Warning, line 640572: Name 'dist_X7975' does not exist.
Warning, line 640573: Name 'dist_X7003' does not exist.
Warning, line 640637: Name 'dist_X11244' does not exist.
Warning, line 640725: Name 'dist_X7024' does not exist.
Warning, line 640881: Name 'dist_X10320' does not exist.
Warning, line 640890: Name 'dist_X26298' does not exist.
Warning, line 641020: Name 'dist_X4211' does not exist.
Warning, line 641275: Name 'dist_X7728' does not exist.
Warning, line 641462: Name 'dist_X11016' does not exist.
Warning, line 641484: Name 'dist_X7343' does not exist.
Warning, line 641662: Name 'dist_X5994' does not exist.
Warning, line 641887: Name 'dist_X688' does not exist.
Warning, line 642020: Name 'dist_X8625' does not exist.
32 name warnings not printed.
Problem 'testFile_1_1.lp' read.
Read time = 0.62 sec. (50.70 ticks)
CPLEX> New value for mixed integer optimality gap tolerance: 0.2
CPLEX> New value for relative objective gap: 0.0001
CPLEX> New value for solution pool replacement strategy: 2
CPLEX> New value for solutions limit for each populate call: 500
CPLEX> New value for capacity of solution pool: 100
CPLEX> New value for intensity for populating the MIP solution pool: 4
CPLEX> New value for time limit in seconds: 3600
CPLEX> New value for default parallel thread count: 0
CPLEX> CPXPARAM_TimeLimit                               3600
CPXPARAM_Read_APIEncoding                        "UTF-8"
CPXPARAM_MIP_Tolerances_MIPGap                   0.20000000000000001
CPXPARAM_MIP_Pool_Capacity                       100
CPXPARAM_MIP_Pool_Replace                        2
CPXPARAM_MIP_Pool_RelGap                         0.0001
CPXPARAM_MIP_Pool_Intensity                      4
CPXPARAM_MIP_Limits_Populate                     500

Populate: phase I 
Tried aggregator 2 times.
MIP Presolve eliminated 201463 rows and 22711 columns.
MIP Presolve modified 75593 coefficients.
Aggregator did 11464 substitutions.
Reduced MIP has 242823 rows, 152770 columns, and 710404 nonzeros.
Reduced MIP has 135416 binaries, 2991 generals, 0 SOSs, and 0 indicators.
Presolve time = 1.48 sec. (1051.64 ticks)
Found incumbent of value 116.998766 after 2.98 sec. (2011.48 ticks)
Probing fixed 2856 vars, tightened 115 bounds.
Probing changed sense of 15 constraints.
Probing time = 16.56 sec. (670.19 ticks)
Tried aggregator 3 times.
MIP Presolve eliminated 28757 rows and 38687 columns.
MIP Presolve modified 28 coefficients.
Aggregator did 1576 substitutions.
Reduced MIP has 212490 rows, 112507 columns, and 629973 nonzeros.
Reduced MIP has 95352 binaries, 2792 generals, 0 SOSs, and 0 indicators.
Presolve time = 2.04 sec. (1339.95 ticks)
Probing fixed 73 vars, tightened 6 bounds.
Probing time = 18.24 sec. (276.67 ticks)
Tried aggregator 3 times.
MIP Presolve eliminated 37393 rows and 32772 columns.
MIP Presolve modified 76 coefficients.
Aggregator did 2325 substitutions.
Reduced MIP has 172772 rows, 77410 columns, and 528552 nonzeros.
Reduced MIP has 61137 binaries, 1910 generals, 0 SOSs, and 0 indicators.
Presolve time = 1.53 sec. (1011.10 ticks)
Probing time = 13.33 sec. (113.50 ticks)
Tried aggregator 3 times.
MIP Presolve eliminated 20300 rows and 15064 columns.
MIP Presolve modified 103 coefficients.
Aggregator did 1865 substitutions.
Reduced MIP has 150607 rows, 60481 columns, and 472280 nonzeros.
Reduced MIP has 45870 binaries, 248 generals, 0 SOSs, and 0 indicators.
Presolve time = 1.16 sec. (846.65 ticks)
Probing fixed 7 vars, tightened 0 bounds.
Probing time = 8.30 sec. (96.52 ticks)
Clique table members: 296639.
MIP emphasis: balance optimality and feasibility.
MIP search method: dynamic search.
Parallel mode: deterministic, using up to 32 threads.
Root relaxation solution time = 0.53 sec. (379.01 ticks)

        Nodes                                         Cuts/
   Node  Left     Objective  IInf  Best Integer    Best Bound    ItCnt     Gap

*     0+    0                          116.9988        0.0000           100.00%
*     0+    0                          112.7988        0.0000           100.00%
      0     0       10.1000   123      112.7988       10.1000      380   91.05%
      0     0       12.6100   173      112.7988    Cuts: 1190      669   88.82%
      0     0       13.9000   172      112.7988     Cuts: 875     1069   87.68%
      0     0       15.7100   170      112.7988    Cuts: 2612     1644   86.07%
*     0+    0                          104.4656       15.7100            84.96%
      0     0       16.4200   227      104.4656    Cuts: 1925     2770   84.28%
      0     0       17.1900   238      104.4656    Cuts: 1557     3355   83.54%
      0     0       17.9000   235      104.4656    Cuts: 1431     3772   82.87%
      0     0       18.2667   255      104.4656    Cuts: 1260     4345   82.51%
      0     0       18.7000   269      104.4656    Cuts: 2451     5421   82.10%
      0     0       18.7000   249      104.4656    Cuts: 2564     6120   82.10%
      0     0       18.8333   311      104.4656    Cuts: 1403     8772   81.97%
      0     0       18.9533   294      104.4656    Cuts: 1633    10621   81.86%
      0     0       19.1056   307      104.4656    Cuts: 1190    13355   81.71%
      0     0       19.2500   336      104.4656    Cuts: 1054    15504   81.57%
      0     0       19.2500   236      104.4656    Cuts: 1286    16386   81.57%
      0     0       19.3500   268      104.4656     Cuts: 687    20313   81.48%
      0     0       19.4167   579      104.4656     Cuts: 847    26456   81.41%
      0     0       19.8000   217      104.4656    Cuts: 2177    27489   81.05%
      0     0       19.8000   232      104.4656     Cuts: 591    28114   81.05%
      0     0       19.8333   252      104.4656     Cuts: 696    28987   81.01%
      0     0       19.9020   242      104.4656     Cuts: 482    31676   80.95%
      0     0       20.0000   463      104.4656     Cuts: 715    43296   80.85%
      0     0       20.0000   302      104.4656    Cuts: 1993    46966   80.85%
      0     0       20.1667   395      104.4656    Cuts: 2314    54112   80.70%
      0     0       20.3000   454      104.4656    Cuts: 1347    62967   80.57%
      0     0       20.5000   340      104.4656    Cuts: 2156    70614   80.38%
      0     0       20.5500   307      104.4656    Cuts: 1526    74053   80.33%
      0     0       20.6143   372      104.4656     Cuts: 697    79277   80.27%
      0     0       20.6400   317      104.4656    Cuts: 1168    89981   80.24%
      0     0       20.6800   325      104.4656    Cuts: 1318    95759   80.20%
      0     0       20.6800   299      104.4656    Cuts: 1093   105627   80.20%
Heuristic still looking.
*     0+    0                           49.7260       20.6800            58.41%
      0     2       20.6800   299       49.7260       20.6800   105627   58.41%
Elapsed time = 1097.29 sec. (329644.08 ticks, tree = 0.01 MB, solutions = 1)
      1     3       24.8193   264       49.7260       20.6800   105744   58.41%
      2     3       20.7000   272       49.7260       20.6800   106036   58.41%
      3     4       24.8193   313       49.7260       20.6800   112686   58.41%
      4     6       24.8193   345       49.7260       20.7000   116904   58.37%
      5     7       24.8193   339       49.7260       20.7000   118018   58.37%
      6     8       24.8193   334       49.7260       20.7000   118283   58.37%
*     7+    5                           45.5873       20.7000            54.59%
      7     7       24.8193   324       45.5873       20.7000   117765   54.59%
     10    11       24.8193   306       45.5873       20.7000   119705   54.59%
     11    11       24.8193   298       45.5873       20.7000   119664   54.59%
     35    28       24.8193   340       45.5873       20.7000   123620   54.59%
Elapsed time = 1222.16 sec. (367524.60 ticks, tree = 0.01 MB, solutions = 2)
*   200+   26                           43.9246       20.7000            52.87%
*   223+   30                           37.9784       20.7000            45.50%
    246    73       24.8193   300       37.9784       20.7000   129002   45.50%
*   390+   23                           33.9652       20.7000            39.06%
    541    72       24.8193   310       33.9652       20.7000   135906   39.06%
    865   204       25.2193   305       33.9652       20.7000   144387   39.06%
   1202   728       25.4193   223       33.9652       20.7000   171322   39.06%
   1321  1160       26.0193   223       33.9652       20.7000   210952   39.06%
   1548  1232       26.2193   228       33.9652       20.7000   224088   39.06%
   1836  1360       30.2264   231       33.9652       20.7000   238135   39.06%
   2087  1538       24.8193   347       33.9652       20.7000   249896   39.06%
   2331  1744       25.6193   267       33.9652       20.7000   262898   39.06%
   2637  1965       26.4193   172       33.9652       20.7000   271267   39.06%
Elapsed time = 1303.76 sec. (377102.45 ticks, tree = 52.52 MB, solutions = 1)
   2928  2042    infeasible             33.9652       20.7000   274742   39.06%
   3205  2452       30.8264   170       33.9652       20.7000   282581   39.06%
   3555  2520       27.4272   226       33.9652       20.7000   285437   39.06%
*  3665  2769      integral     0       31.6821       20.7000   291250   34.66%
*  3822  2962      integral     0       27.0193       20.7000   307394   23.39%
   4047  2927       27.0193   175       27.0193       20.7000   307198   23.39%
   4078  3008       28.4393    88       27.0193       20.7000   312962   23.39%
   4080  2711       26.1193   182       27.0193       20.7000   290403   23.39%
   4081  3422       20.7000   393       27.0193       20.7000   334647   23.39%
   4082  2818       24.8193   465       27.0193       20.7000   310347   23.39%
Elapsed time = 1367.74 sec. (392122.78 ticks, tree = 143.83 MB, solutions = 1)
   4083  2817       24.8193   450       27.0193       20.7000   308176   23.39%
   4084  3461       20.7000   438       27.0193       20.7000   348616   23.39%
   4085  3461       20.7000   425       27.0193       20.7000   350432   23.39%
   4087  3465       20.7000   430       27.0193       20.7000   370136   23.39%
   4088  3461       20.7000   454       27.0193       20.7000   348749   23.39%
   4089     5       20.7000   336       27.0193       20.7000   113379   23.39%
   4090  3464       20.7040   495       27.0193       20.7000   369683   23.39%
   4092  3467       20.7000   525       27.0193       20.7000   388951   23.39%
   4093  3471       20.7000   482       27.0193       20.7000   406617   23.39%
   4095  3474       20.7040   488       27.0193       20.7000   417610   23.39%
Elapsed time = 1502.57 sec. (428719.96 ticks, tree = 147.68 MB, solutions = 1)
   4096  3468       20.7000   401       27.0193       20.7000   396365   23.39%
   4099  3469       20.7040   527       27.0193       20.7000   401661   23.39%
   4100  3472       20.7000   474       27.0193       20.7000   412739   23.39%
   4103  3480       20.7079   497       27.0193       20.7000   449863   23.39%
   4105  3479       20.7079   516       27.0193       20.7000   444447   23.39%
   4109  3481       20.7079   521       27.0193       20.7000   444949   23.39%
   4113  3487       20.7000   492       27.0193       20.7000   462224   23.39%
   4115  3482       20.7079   504       27.0193       20.7000   452436   23.39%
   4119  3493       20.7000   451       27.0193       20.7000   471653   23.39%
   4121  3486       20.7000   517       27.0193       20.7000   461883   23.39%
Elapsed time = 1600.56 sec. (445732.15 ticks, tree = 147.68 MB, solutions = 1)
   4125  3489       20.7000   525       27.0193       20.7000   465657   23.39%
   4127  3479       20.7000   544       27.0193       20.7000   450046   23.39%
   4130  3495       20.7040   513       27.0193       20.7000   486750   23.39%
   4140  3506       20.7000   387       27.0193       20.7000   520439   23.39%
   4148  3490       20.7079   503       27.0193       20.7000   469409   23.39%
   4160  3493       20.7000   527       27.0193       20.7000   483807   23.39%
   4165  3499       20.7000   496       27.0193       20.7000   487857   23.39%
   4168  3496       20.7079   523       27.0193       20.7000   488535   23.39%
   4169  3520       20.7000   549       27.0193       20.7000   567945   23.39%
   4176  3504       20.7040   529       27.0193       20.7000   513505   23.39%
Elapsed time = 1750.32 sec. (458017.24 ticks, tree = 147.68 MB, solutions = 1)
   4180  3503       20.8079   539       27.0193       20.7000   508499   23.39%
   4186  3509       20.7079   533       27.0193       20.7000   541071   23.39%
   4191  3551       20.7000   416       27.0193       20.7000   631936   23.39%
   4196  3501       20.7079   502       27.0193       20.7000   496654   23.39%
   4200  3508       20.7079   482       27.0193       20.7000   532975   23.39%
   4203  3507       20.7000   447       27.0193       20.7000   526134   23.39%
   4212  3545       20.8079   560       27.0193       20.7000   617236   23.39%
   4224  3548       20.7000   555       27.0193       20.7000   627524   23.39%
   4236  3576       20.7040   487       27.0193       20.7000   685237   23.39%
   4239  3578       20.7040   478       27.0193       20.7000   685880   23.39%
Elapsed time = 1890.45 sec. (469903.66 ticks, tree = 148.57 MB, solutions = 1)
   4250  3608       20.8040   477       27.0193       20.7000   739355   23.39%
   4267  3605       20.9040   516       27.0193       20.7000   749479   23.39%
   4273  3606       20.7079   491       27.0193       20.7000   754055   23.39%
   4283  3586       20.9079   510       27.0193       20.7000   729021   23.39%
   4288  3620       20.7000   439       27.0193       20.7000   796538   23.39%
   4293  3621       20.7000   429       27.0193       20.7000   797142   23.39%
   4303  3639       20.7000   441       27.0193       20.7000   830584   23.39%
   4312  3663       20.7000   522       27.0193       20.7000   852268   23.39%
   4323  3663       20.7040   506       27.0193       20.7000   856504   23.39%
   4341  3667       20.7079   480       27.0193       20.7000   876998   23.39%
Elapsed time = 2013.71 sec. (480521.52 ticks, tree = 150.02 MB, solutions = 1)
   4348  3671       20.9079   507       27.0193       20.7000   894997   23.39%
   4367  3607       20.7079   510       27.0193       20.7000   758267   23.39%
   4375  3681       20.9079   564       27.0193       20.7000   914199   23.39%
   4390  3696       20.7079   511       27.0193       20.7000   924631   23.39%
   4409  3689       20.7079   473       27.0193       20.7000   933812   23.39%
   4444  3588       20.9000   604       27.0193       20.7000   736662   23.39%
   4481  3711       24.2111   472       27.0193       20.7000   966124   23.39%
   4494  3709       20.8000   478       27.0193       20.7000   943162   23.39%
   4516  3731       21.0369   528       27.0193       20.7000   996299   23.39%
   4544  3754       20.7079   452       27.0193       20.7000  1013464   23.39%
Elapsed time = 2125.00 sec. (490475.80 ticks, tree = 183.83 MB, solutions = 1)
   4585  3749       21.0119   460       27.0193       20.7000   997927   23.39%
   4630  3773       21.1000   417       27.0193       20.7000  1002055   23.39%
   4689  3775       20.8000   527       27.0193       20.7000  1021665   23.39%
   4759  3783       20.8000   505       27.0193       20.7000  1022791   23.39%
   4850  3804       24.8217   491       27.0193       20.7000  1035279   23.39%
   4944  3826       21.0119   360       27.0193       20.7000  1040187   23.39%
   5036  4054       20.7000   567       27.0193       20.7000  1099693   23.39%
   5187  3837       20.8000   402       27.0193       20.7000  1045417   23.39%
*  5289+ 3839                           25.4193       20.7000            18.57%
   5335  4237       24.7071   402       25.4193       20.7000  1124077   18.57%
   5680  4258       23.6628   457       25.4193       20.7000  1135514   18.57%
Elapsed time = 2221.56 sec. (502946.48 ticks, tree = 379.63 MB, solutions = 1)
   5723  4053       20.7000   494       25.4193       20.7000  1106437   18.57%
   5724  3694       20.9000   453       25.4193       20.7000   959272   18.57%
   5725  3679       20.9079   556       25.4193       20.7000   905857   18.57%
   5726  3711       20.7000   458       25.4193       20.7000   979159   18.57%
   5727  3693       20.7000   441       25.4193       20.7000   937458   18.57%

Clique cuts applied:  5512
Cover cuts applied:  5
Implied bound cuts applied:  1894
Flow cuts applied:  120
Mixed integer rounding cuts applied:  14786
Zero-half cuts applied:  407
Lift and project cuts applied:  38
Gomory fractional cuts applied:  75

Root node processing (before b&c):
  Real time             = 1093.24 sec. (329011.66 ticks)
Parallel b&c, 32 threads:
  Real time             = 1219.59 sec. (229475.18 ticks)
  Sync time (average)   =  603.08 sec.
  Wait time (average)   =    0.49 sec.
                          ------------
Total (root+branch&cut) = 2312.83 sec. (558486.83 ticks)

Populate: phase II 
MIP emphasis: balance optimality and feasibility.
MIP search method: dynamic search.
Parallel mode: deterministic, using up to 32 threads.

        Nodes                                         Cuts/
   Node  Left     Objective  IInf  Best Integer    Best Bound    ItCnt     Gap

   5728  5028    infeasible             25.4193       20.7000  1254202   18.57%
Elapsed time = 2324.34 sec. (558524.73 ticks, tree = 429.84 MB, solutions = 1)
   5730  5030       25.0193   280       25.4193       20.7000  1254266   18.57%
   5731  5030       24.8256   302       25.4193       20.7000  1254271   18.57%
   5734  5030       25.0193   321       25.4193       20.7000  1254491   18.57%
   5737  5030       25.1193   258       25.4193       20.7000  1254670   18.57%
   5740  5030       24.8272   270       25.4193       20.7000  1254321   18.57%
   5741  5030       25.0578   304       25.4193       20.7000  1254445   18.57%
   5746  5029       25.1193   264       25.4193       20.7000  1254238   18.57%
   5748  5034       25.0193   259       25.4193       20.7000  1254643   18.57%
   5757  5030       25.2071   415       25.4193       20.7000  1254217   18.57%
   5767  5044       24.8233   299       25.4193       20.7000  1258377   18.57%
Elapsed time = 2369.95 sec. (564308.09 ticks, tree = 351.81 MB, solutions = 1)
   5781  5033       24.8590   315       25.4193       20.7000  1254389   18.57%
   5794  5031       25.0193   270       25.4193       20.7000  1254557   18.57%
   5810  5047       24.5128   463       25.4193       20.7000  1258553   18.57%
   5816  5054       20.8040   480       25.4193       20.7000  1259895   18.57%
   5835  5052       21.6000   473       25.4193       20.7000  1259120   18.57%
   5869  5045       21.1000   482       25.4193       20.7000  1258802   18.57%
   5914  5059       21.5000   297       25.4193       20.7000  1258742   18.57%
   5964  5075       25.1193   203       25.4193       20.7000  1258650   18.57%
   6021  5054       21.0079   452       25.4193       20.7000  1259450   18.57%
   6078  5055       25.1071   462       25.4193       20.7000  1258855   18.57%
Elapsed time = 2474.71 sec. (574308.20 ticks, tree = 345.50 MB, solutions = 1)
   6162  5060       25.3201   287       25.4193       20.7000  1255446   18.57%
   6247  5067       22.6079   392       25.4193       20.7000  1259064   18.57%
   6316  5052       21.0079   468       25.4193       20.7000  1258866   18.57%
   6406  5077       22.8000   412       25.4193       20.7000  1260264   18.57%
   6499  5051       25.2071   369       25.4193       20.7000  1256424   18.57%
   6595  5100       25.3071   394       25.4193       20.7000  1259887   18.57%
   6692  5122       25.3193   159       25.4193       20.7000  1259662   18.57%
*  6798+ 5105                           25.2193       20.7000            17.92%
   6800  5071       25.3193   284       25.2193       20.7000  1256308   17.92%
*  6866+ 5110                           22.4000       20.7000             7.59%
   6907  5141       25.3193   120       22.4000       20.7000  1260037    7.59%
   7011  5082       25.4071   317       22.4000       20.7000  1258877    7.59%
Elapsed time = 2579.87 sec. (583903.00 ticks, tree = 345.50 MB, solutions = 1)
   7118  5046       23.0628   480       22.4000       20.7000  1255695    7.59%
   7199  5062       20.9040   510       22.4000       20.7000  1256916    7.59%
*  7219+ 5109                           22.2000       20.7000             6.76%
   7261  5113       21.4040   451       22.2000       20.7000  1263124    6.76%
*  7268+ 5107                           21.8000       20.7000             5.05%
   7317  5051       25.0071   412       21.8000       20.7000  1256931    5.05%
   7373  5121       21.4079   449       21.8000       20.7000  1263489    5.05%
   7440  5126       21.5079   454       21.8000       20.7000  1263614    5.05%
   7484  5145       22.2000   411       21.8000       20.7000  1261462    5.05%
   7544  5182       24.9479   327       21.8000       20.7000  1261557    5.05%
   7624  5236       24.4628   434       21.8000       20.7000  1282213    5.05%
   7738  5072       25.0071   498       21.8000       20.7000  1260463    5.05%
Elapsed time = 2612.29 sec. (593635.13 ticks, tree = 344.82 MB, solutions = 1)
   7855  5185       22.4000   352       21.8000       20.7000  1262005    5.05%
   7964  5092       25.2193   431       21.8000       20.7000  1263280    5.05%
   8088  5407       24.5071   298       21.8000       20.7000  1296188    5.05%
   8209  5183       23.6000   367       21.8000       20.7000  1262577    5.05%
   8344  5420       21.4000   288       21.8000       20.7000  1296532    5.05%
   8452  5258       25.2071   276       21.8000       20.7000  1279884    5.05%
   8555  5496       21.4290   556       21.8000       20.7000  1304278    5.05%
   8685  5456       24.8071   472       21.8000       20.7000  1300230    5.05%
*  8698+ 5428                           21.8000       20.7000             5.05%
   8797  6151       21.0900   313       21.8000       20.7000  1338694    5.05%
   8935  5245       25.8150   434       21.8000       20.7000  1265113    5.05%
Elapsed time = 2682.58 sec. (603297.44 ticks, tree = 371.65 MB, solutions = 5)
   9120  5828       22.0000   373       21.8000       20.7000  1320610    5.05%
   9278  5842       22.0000   341       21.8000       20.7000  1320664    5.05%
   9449  5845       22.0000   335       21.8000       20.7000  1320674    5.05%
   9623  5128       22.1000   495       21.8000       20.7000  1267110    5.05%
   9797  5212       23.5000   409       21.8000       20.7000  1271847    5.05%
*  9850+ 7038                           21.4000       20.7000             3.27%
   9951  5215       23.5000   403       21.4000       20.7000  1271857    3.27%
  10136  6040       21.8000   286       21.4000       20.7000  1336030    3.27%
  10310  7163       21.0108   658       21.4000       20.7000  1400097    3.27%
  10504  5449       21.7079   515       21.4000       20.7000  1293916    3.27%
  10686  6220       21.6079   333       21.4000       20.7000  1344698    3.27%
Elapsed time = 2765.02 sec. (612900.92 ticks, tree = 385.48 MB, solutions = 1)
  10862  7071       21.4040   471       21.4000       20.7000  1386618    3.27%
  11050  5885       21.1222   545       21.4000       20.7000  1325517    3.27%
  11204  6246       22.2000   326       21.4000       20.7000  1346012    3.27%
  11387  6046       22.1000   441       21.4000       20.7000  1330158    3.27%
  11553  6578       21.6448   333       21.4000       20.7000  1366404    3.27%
  11718  6099       21.2821   407       21.4000       20.7000  1339882    3.27%
  11892  7339       21.1079   296       21.4000       20.7000  1414462    3.27%
  12058  7162       21.8000   467       21.4000       20.7000  1400186    3.27%
  12203  8374       21.0000   435       21.4000       20.7000  1467151    3.27%
  12388  7819       21.0040   582       21.4000       20.7000  1441293    3.27%
Elapsed time = 2819.93 sec. (622471.05 ticks, tree = 513.15 MB, solutions = 3)
* 12395+ 9311                           21.2000       20.7000             2.36%
  12578  8847       21.3000   334       21.2000       20.7000  1497442    2.36%
  12773  8027       21.0079   496       21.2000       20.7000  1449185    2.36%
  12969  8658       21.2000   484       21.2000       20.7000  1479489    2.36%
  13156  8752       21.5040   312       21.2000       20.7000  1488915    2.36%
  13364 10890       20.9000   355       21.2000       20.7000  1630253    2.36%
  13466 11382    infeasible             21.2000       20.7000  1659930    2.36%
  13598 11542       21.0079   474       21.2000       20.7000  1671127    2.36%
  13765 10916       21.1000   280       21.2000       20.7000  1630602    2.36%
  13917 12000       20.8079   510       21.2000       20.7000  1716990    2.36%
  14073 12225       20.8079   556       21.2000       20.7000  1736844    2.36%
Elapsed time = 2891.39 sec. (632057.86 ticks, tree = 578.20 MB, solutions = 4)
  14218 12241       21.2000   232       21.2000       20.7000  1736084    2.36%
  14371 12395       21.0000   472       21.2000       20.7000  1752335    2.36%
  14534 12927       21.1000   628       21.2000       20.7000  1814399    2.36%
  14725 12317       21.4000   308       21.2000       20.7000  1746748    2.36%
  14887 12638       21.2000   419       21.2000       20.7000  1769809    2.36%
  15050 12998       20.9079   489       21.2000       20.7000  1814896    2.36%
  15238 13457       21.0000   375       21.2000       20.7000  1863108    2.36%
  15419 13500       21.1040   621       21.2000       20.7000  1867395    2.36%
  15589 13135       21.2000   401       21.2000       20.7000  1837825    2.36%
  15780 13764       20.8079   497       21.2000       20.7000  1896924    2.36%
Elapsed time = 2974.35 sec. (641649.91 ticks, tree = 640.21 MB, solutions = 5)
  15969 13963       21.4000   498       21.2000       20.7000  1914043    2.36%
  16172 14211    infeasible             21.2000       20.7000  1941963    2.36%
  16379 14146       21.2000   329       21.2000       20.7000  1934663    2.36%
  16599 14529       21.1389   414       21.2000       20.7000  1968650    2.36%
  16826 14491       21.2040   401       21.2000       20.7000  1956520    2.36%
  17065 14845       21.1000   248       21.2000       20.7000  2011682    2.36%
  17292 14675       20.8500   402       21.2000       20.7000  1983619    2.36%
  17474 15584       21.0079   494       21.2000       20.7000  2068669    2.36%
  17664 14819       21.2000   398       21.2000       20.7000  2001792    2.36%
  18513 16591       21.0079   434       21.2000       20.7000  2154693    2.36%
Elapsed time = 3071.72 sec. (654096.85 ticks, tree = 748.74 MB, solutions = 5)
  19393 16957       21.2000   461       21.2000       20.7000  2187301    2.36%
  20294 17344       21.2000   499       21.2000       20.7000  2225324    2.36%
  21221 18954       21.2000   557       21.2000       20.7000  2362447    2.36%
  22152 19487       21.2500   312       21.2000       20.7000  2406366    2.36%
  23025 20510       21.2397   275       21.2000       20.7000  2485354    2.36%
  23953 21396       21.2000   310       21.2000       20.7000  2548468    2.36%
  24947 22269       21.2000   505       21.2000       20.7000  2613451    2.36%
  25857 22547       21.0579   509       21.2000       20.7000  2633640    2.36%
  26858 23503       21.0079   580       21.2000       20.7000  2703938    2.36%
  27872 24370       21.2000   174       21.2000       20.7000  2751372    2.36%
Elapsed time = 3317.73 sec. (692262.30 ticks, tree = 1053.84 MB, solutions = 5)
  28741 26261       21.7000   484       21.2000       20.7000  2867041    2.36%
  29681 26865       21.2000   157       21.2000       20.7000  2922335    2.36%
  30563 27319       21.2000   201       21.2000       20.7000  2967242    2.36%
  31413 28061       21.2000   499       21.2000       20.7000  3015615    2.36%
  32226 28555       21.2000   570       21.2000       20.7000  3077121    2.36%
  33087 30294       21.4079   485       21.2000       20.7000  3236739    2.36%
  33979 30169       21.2000   452       21.2000       20.7000  3225660    2.36%
  34906 31379       21.2000   527       21.2000       20.7000  3332830    2.36%
  35810 32358       21.0000   342       21.2000       20.7000  3408075    2.36%
  36627 33165       21.2000   150       21.2000       20.7000  3481695    2.36%
Elapsed time = 3553.54 sec. (730434.41 ticks, tree = 1345.37 MB, solutions = 8)
  37557 34154    infeasible             21.2000       20.7000  3562675    2.36%
  38486 34014       21.2000   433       21.2000       20.7000  3554803    2.36%

Clique cuts applied:  5512
Cover cuts applied:  5
Implied bound cuts applied:  1908
Flow cuts applied:  120
Mixed integer rounding cuts applied:  14787
Zero-half cuts applied:  407
Lift and project cuts applied:  38
Gomory fractional cuts applied:  75

Root node processing (before b&c):
  Real time             =    0.07 sec. (47.01 ticks)
Parallel b&c, 32 threads:
  Real time             = 1288.05 sec. (183180.55 ticks)
  Sync time (average)   =  511.85 sec.
  Wait time (average)   =    0.38 sec.
                          ------------
Total (root+branch&cut) = 1288.12 sec. (183227.56 ticks)

Solution pool: 13 solutions saved.

Populate - Time limit exceeded, integer optimal:  Objective =  2.1200000000e+01
Current MIP best bound =  2.0700000000e+01 (gap = 0.5, 2.36%)
Solution time = 3600.95 sec.  Iterations = 3717996  Nodes = 38766 (36317)
Deterministic time = 741716.18 ticks  (205.98 ticks/sec)

CPLEX> Solution pool written to file 'results_cplex_1_1.txt'.
CPLEX> 
Welcome to IBM(R) ILOG(R) CPLEX(R) Interactive Optimizer 12.7.1.0
  with Simplex, Mixed Integer & Barrier Optimizers
5725-A06 5725-A29 5724-Y48 5724-Y49 5724-Y54 5724-Y55 5655-Y21
Copyright IBM Corp. 1988, 2017.  All Rights Reserved.

Type 'help' for a list of available commands.
Type 'help' followed by a command name for more
information on commands.

CPLEX> Warning, line 629120: Name 'dist_X1052' does not exist.
Warning, line 634378: Name 'dist_X57491' does not exist.
Warning, line 635769: Name 'dist_X51341' does not exist.
Warning, line 638029: Name 'dist_X4792' does not exist.
Warning, line 638032: Name 'dist_X79977' does not exist.
Warning, line 638070: Name 'dist_X4137' does not exist.
Warning, line 638076: Name 'dist_X9112' does not exist.
Warning, line 638087: Name 'dist_X7025' does not exist.
Warning, line 638167: Name 'dist_X9839' does not exist.
Warning, line 638196: Name 'dist_X3661' does not exist.
Warning, line 638209: Name 'dist_X7421' does not exist.
Warning, line 638341: Name 'dist_X10499' does not exist.
Warning, line 638347: Name 'dist_X4899' does not exist.
Warning, line 638371: Name 'dist_X7975' does not exist.
Warning, line 638372: Name 'dist_X7003' does not exist.
Warning, line 638414: Name 'dist_X5460' does not exist.
Warning, line 638437: Name 'dist_X11244' does not exist.
Warning, line 638524: Name 'dist_X7024' does not exist.
Warning, line 638539: Name 'dist_X9935' does not exist.
Warning, line 638609: Name 'dist_X2627' does not exist.
56 name warnings not printed.
Problem 'testFile_1_1.lp' read.
Read time = 0.57 sec. (49.96 ticks)
CPLEX> New value for mixed integer optimality gap tolerance: 0.2
CPLEX> New value for relative objective gap: 0.0001
CPLEX> New value for solution pool replacement strategy: 2
CPLEX> New value for solutions limit for each populate call: 500
CPLEX> New value for capacity of solution pool: 100
CPLEX> New value for intensity for populating the MIP solution pool: 4
CPLEX> New value for time limit in seconds: 7200
CPLEX> New value for default parallel thread count: 0
CPLEX> CPXPARAM_TimeLimit                               7200
CPXPARAM_Read_APIEncoding                        "UTF-8"
CPXPARAM_MIP_Tolerances_MIPGap                   0.20000000000000001
CPXPARAM_MIP_Pool_Capacity                       100
CPXPARAM_MIP_Pool_Replace                        2
CPXPARAM_MIP_Pool_RelGap                         0.0001
CPXPARAM_MIP_Pool_Intensity                      4
CPXPARAM_MIP_Limits_Populate                     500

Populate: phase I 
Tried aggregator 2 times.
MIP Presolve eliminated 201280 rows and 22976 columns.
MIP Presolve modified 74587 coefficients.
Aggregator did 11391 substitutions.
Reduced MIP has 241434 rows, 152002 columns, and 706537 nonzeros.
Reduced MIP has 134700 binaries, 2973 generals, 0 SOSs, and 0 indicators.
Presolve time = 1.36 sec. (1049.01 ticks)
Found incumbent of value 116.398766 after 3.03 sec. (2010.77 ticks)
Probing fixed 2972 vars, tightened 129 bounds.
Probing changed sense of 24 constraints.
Probing time = 14.74 sec. (678.04 ticks)
Tried aggregator 3 times.
MIP Presolve eliminated 28140 rows and 37264 columns.
MIP Presolve modified 23 coefficients.
Aggregator did 1491 substitutions.
Reduced MIP has 211803 rows, 113247 columns, and 627836 nonzeros.
Reduced MIP has 96134 binaries, 2784 generals, 0 SOSs, and 0 indicators.
Presolve time = 2.12 sec. (1312.85 ticks)
Probing fixed 44 vars, tightened 0 bounds.
Probing time = 16.32 sec. (279.58 ticks)
Tried aggregator 3 times.
MIP Presolve eliminated 35345 rows and 32090 columns.
MIP Presolve modified 59 coefficients.
Aggregator did 2310 substitutions.
Reduced MIP has 174148 rows, 78847 columns, and 531669 nonzeros.
Reduced MIP has 62520 binaries, 1998 generals, 0 SOSs, and 0 indicators.
Presolve time = 1.63 sec. (1016.84 ticks)
Probing time = 10.20 sec. (115.35 ticks)
Tried aggregator 3 times.
MIP Presolve eliminated 22043 rows and 16360 columns.
MIP Presolve modified 124 coefficients.
Aggregator did 1898 substitutions.
Reduced MIP has 150207 rows, 60589 columns, and 470744 nonzeros.
Reduced MIP has 45964 binaries, 296 generals, 0 SOSs, and 0 indicators.
Presolve time = 1.18 sec. (847.73 ticks)
Probing fixed 7 vars, tightened 0 bounds.
Probing time = 10.44 sec. (93.85 ticks)
Clique table members: 295982.
MIP emphasis: balance optimality and feasibility.
MIP search method: dynamic search.
Parallel mode: deterministic, using up to 32 threads.
Root relaxation solution time = 0.54 sec. (381.27 ticks)

        Nodes                                         Cuts/
   Node  Left     Objective  IInf  Best Integer    Best Bound    ItCnt     Gap

*     0+    0                          116.3988        0.0000           100.00%
*     0+    0                          112.7988        0.0000           100.00%
      0     0       10.3000   121      112.7988       10.3000      384   90.87%
      0     0       12.5500   148      112.7988    Cuts: 1117      585   88.87%
      0     0       14.2000   166      112.7988     Cuts: 901     1046   87.41%
      0     0       16.0000   144      112.7988    Cuts: 3073     1614   85.82%
*     0+    0                          108.4042       16.0000            85.24%
      0     0       16.8200   242      108.4042    Cuts: 1320     2864   84.48%
      0     0       17.6500   199      108.4042    Cuts: 2263     3364   83.72%
      0     0       18.2000   208      108.4042    Cuts: 1275     3712   83.21%
      0     0       18.5000   210      108.4042     Cuts: 645     4961   82.93%
      0     0       18.7800   199      108.4042    Cuts: 1480     5315   82.68%
      0     0       18.9333   168      108.4042    Cuts: 1011     5532   82.53%
      0     0       19.2000   157      108.4042     Cuts: 428     5856   82.29%
      0     0       19.4143   201      108.4042    Cuts: 1178     6209   82.09%
      0     0       19.4286   207      108.4042    Cuts: 1090     6712   82.08%
      0     0       19.4400   173      108.4042    Cuts: 1214     7351   82.07%
      0     0       19.5667   218      108.4042    Cuts: 1114     8302   81.95%
      0     0       19.6111   674      108.4042     Cuts: 893    15741   81.91%
      0     0       19.6611   604      108.4042    Cuts: 2972    24630   81.86%
      0     0       19.9373   511      108.4042    Cuts: 1779    30258   81.61%
      0     0       19.9706   305      108.4042    Cuts: 1455    31811   81.58%
      0     0       20.0040   379      108.4042     Cuts: 697    35159   81.55%
      0     0       20.0040   330      108.4042    Cuts: 1075    37717   81.55%
      0     0       20.0840   303      108.4042     Cuts: 911    39840   81.47%
      0     0       20.0949   221      108.4042    Cuts: 1272    40977   81.46%
      0     0       20.1040   184      108.4042    Cuts: 1097    42130   81.45%
      0     0       20.2040   251      108.4042     Cuts: 709    46001   81.36%
      0     0       20.4000   384      108.4042    Cuts: 1285    54056   81.18%
      0     0       20.4000   364      108.4042    Cuts: 1636    61476   81.18%
      0     0       20.4000   184      108.4042    Cuts: 1245    62576   81.18%
      0     0       20.4000   259      108.4042     Cuts: 400    64526   81.18%
*     0+    0                           80.7117       20.4000            74.72%
*     0+    0                           64.8179       20.4000            68.53%
*     0+    0                           61.7099       20.4000            66.94%
      0     2       20.4000   259       61.7099       20.4000    64526   66.94%
Elapsed time = 686.15 sec. (181708.76 ticks, tree = 0.01 MB, solutions = 1)
*     1+    1                           59.2686       20.4000            65.58%
      1     3       20.4000   341       59.2686       20.4000    68682   65.58%
*     3+    1                           55.7300       20.4000            63.39%
      3     3       20.4040   421       55.7300       20.4000    68457   63.39%
      4     6       20.4040   450       55.7300       20.4000    76211   63.39%
      5     5       20.4000   411       55.7300       20.4000    73619   63.39%
      6     8       20.4040   437       55.7300       20.4000    84656   63.39%
      8    10       20.4040   428       55.7300       20.4000    85376   63.39%
     11    13       20.4145   429       55.7300       20.4000    85559   63.39%
     12    14       20.4145   425       55.7300       20.4000    85572   63.39%
     14    16       20.6145   424       55.7300       20.4000    85775   63.39%
*    18+   11                           55.3300       20.4000            63.13%
     27    24       20.6706   407       55.3300       20.4000    86543   63.13%
Elapsed time = 782.47 sec. (215515.75 ticks, tree = 0.04 MB, solutions = 1)
*    67+    5                           55.3300       20.4000            63.13%
     76    56       20.4040   432       55.3300       20.4000    96827   63.13%
    149    65       21.0040   397       55.3300       20.4000   104887   63.13%
    262   113       24.1111   378       55.3300       20.4000   113863   63.13%
    421   180       20.8079   388       55.3300       20.4000   125052   63.13%
    548   380       24.4111   376       55.3300       20.4000   157505   63.13%
    673   539       20.8079   305       55.3300       20.4000   175229   63.13%
    853   682       21.4540   363       55.3300       20.4000   189827   63.13%
   1055   723       20.8079   321       55.3300       20.4000   193481   63.13%
   1272   914       21.3040   375       55.3300       20.4000   208263   63.13%
   1484  1072       21.0040   279       55.3300       20.4000   216470   63.13%
Elapsed time = 852.92 sec. (225133.94 ticks, tree = 72.96 MB, solutions = 3)
   1669  1379       22.3040   293       55.3300       20.4000   240808   63.13%
   1872  1534       25.2121   294       55.3300       20.4000   251410   63.13%
   2078  1720       21.9040   314       55.3300       20.4000   269914   63.13%
   2284  1756       21.2040   276       55.3300       20.4000   273542   63.13%
   2506  1954       21.3040   266       55.3300       20.4000   289565   63.13%
   2734  2112    infeasible             55.3300       20.4000   306309   63.13%
   2967  2235       26.1680   329       55.3300       20.4000   315247   63.13%
   3214  2592       22.8000   282       55.3300       20.4000   348715   63.13%
   3451  2869       27.2386   333       55.3300       20.4000   366454   63.13%
   3687  3078       26.1680   312       55.3300       20.4000   381066   63.13%
Elapsed time = 923.84 sec. (234725.33 ticks, tree = 137.46 MB, solutions = 3)
   3926  3033       23.2000   261       55.3300       20.4000   379421   63.13%
   4184  3507       23.4180   191       55.3300       20.4000   403584   63.13%
   4443  3794       29.5457   286       55.3300       20.4000   412752   63.13%
   4732  3855       26.0071    72       55.3300       20.4000   413535   63.13%
   4984  4289       22.0000   152       55.3300       20.4000   433713   63.13%
   5230  4430       21.4040   380       55.3300       20.4000   438901   63.13%
*  5338+ 4695                           42.0669       20.4000            51.51%
   5450  4636       24.6000   289       42.0669       20.4000   450445   51.51%
*  5490+ 4761                           32.8283       20.4000            37.86%
*  5490+ 4795                           27.0193       20.4000            24.50%
   5655  4529       25.6071    54       27.0193       20.4000   442030   24.50%
   5824  4885       26.8071    59       27.0193       20.4000   461800   24.50%
   5926     9       20.4040   433       27.0193       20.4000    84760   24.50%
Elapsed time = 1007.10 sec. (244324.92 ticks, tree = 285.28 MB, solutions = 1)
   5930     8       20.4040   419       27.0193       20.4000    86946   24.50%
*  5931+ 3696                           26.2193       21.3000            18.76%

Clique cuts applied:  4700
Cover cuts applied:  5
Implied bound cuts applied:  331
Flow cuts applied:  682
Mixed integer rounding cuts applied:  15369
Zero-half cuts applied:  175
Lift and project cuts applied:  48
Gomory fractional cuts applied:  327

Root node processing (before b&c):
  Real time             =  666.99 sec. (181085.91 ticks)
Parallel b&c, 32 threads:
  Real time             = 1174.88 sec. (436802.37 ticks)
  Sync time (average)   =  199.97 sec.
  Wait time (average)   =    0.46 sec.
                          ------------
Total (root+branch&cut) = 1841.86 sec. (617888.28 ticks)

Populate: phase II 

        Nodes                                         Cuts/
   Node  Left     Objective  IInf  Best Integer    Best Bound    ItCnt     Gap

*  5931+ 2464                           25.8193       21.3000            17.50%
*  5931+ 1642                           21.6000       21.3000             1.39%
   5931  1643       21.3000   184       21.6000       21.3000   609175    1.39%
Elapsed time = 1975.02 sec. (627161.41 ticks, tree = 85.93 MB, solutions = 1)
   5932  1643       21.3000   182       21.6000       21.3000   609176    1.39%
   5933  1644       21.3000   169       21.6000       21.3000   610146    1.39%
   5935  1235       21.3000   167       21.6000       21.3000   610147    1.39%
   5936  1237       21.3000   165       21.6000       21.3000   610251    1.39%
   5937   706       21.6000   204       21.6000       21.3000   610514    1.39%
   5938   709       21.3000   197       21.6000       21.3000   613296    1.39%
   5939   710       21.3000   195       21.6000       21.3000   614635    1.39%
   5940   711       21.3000   193       21.6000       21.3000   614636    1.39%
   5941   712       21.3000   191       21.6000       21.3000   614637    1.39%
   5942   713       21.3000   183       21.6000       21.3000   614642    1.39%
Elapsed time = 2047.22 sec. (656046.93 ticks, tree = 36.79 MB, solutions = 1)
   5944   390       21.3000   183       21.6000       21.3000   614659    1.39%
   5946   392       21.6000   143       21.6000       21.3000   621208    1.39%
   5948   127       21.6000   141       21.6000       21.3000   621209    1.39%
   5950   117       21.3000   181       21.6000       21.3000   625816    1.39%
   5952   113       21.8000   177       21.6000       21.3000   628134    1.39%
   5953    39       21.5000   220       21.6000       21.3000   616015    1.39%
   5955    55       21.5000   218       21.6000       21.3000   633902    1.39%
   5957    25       21.5933   217       21.6000       21.3000   619044    1.39%
   5960    42       21.6000   133       21.6000       21.3000   642617    1.39%
   5963    43       21.5000   212       21.6000       21.3000   643992    1.39%
Elapsed time = 2116.95 sec. (675167.03 ticks, tree = 3.18 MB, solutions = 1)
   5966    39       21.5000   212       21.6000       21.3000   644120    1.39%
   5968    14       21.7000   233       21.6000       21.3000   618744    1.39%
   5973    39       21.5000   208       21.6000       21.3000   649842    1.39%
   5975    41       21.5000   204       21.6000       21.3000   649848    1.39%
   5977    42       21.5000   202       21.6000       21.3000   649851    1.39%
   5980    44       21.3000   213       21.6000       21.3000   654082    1.39%
   5985    50       21.5000   222       21.6000       21.3000   658899    1.39%
   5990    54       21.3000   207       21.6000       21.3000   658910    1.39%
   5995    53       21.5000   213       21.6000       21.3000   659266    1.39%
   5998    57       21.3000   203       21.6000       21.3000   658934    1.39%
Elapsed time = 2182.08 sec. (688832.21 ticks, tree = 3.10 MB, solutions = 1)
   6002    58       21.9000   205       21.6000       21.3000   659221    1.39%
   6005    64       21.5000   195       21.6000       21.3000   665089    1.39%
   6007    54       21.7000   204       21.6000       21.3000   658927    1.39%
   6010    76       21.7000   195       21.6000       21.3000   671261    1.39%
   6015    68       21.5000   190       21.6000       21.3000   665221    1.39%
   6017    80       21.6000   116       21.6000       21.3000   673039    1.39%
   6019    82       21.6000   114       21.6000       21.3000   673106    1.39%
   6020    83       21.6500   118       21.6000       21.3000   673692    1.39%
   6021    42       21.6000   260       21.6000       21.3000   660929    1.39%
   6024    80       21.6000   258       21.6000       21.3000   680898    1.39%
Elapsed time = 2250.27 sec. (701398.84 ticks, tree = 4.00 MB, solutions = 1)
   6029    36       21.5000   221       21.6000       21.3000   656649    1.39%
   6033    84       21.5000   219       21.6000       21.3000   696531    1.39%
   6038    84       21.5000   203       21.6000       21.3000   688567    1.39%
   6045    90       21.5000   188       21.6000       21.3000   703383    1.39%
   6053    92       21.5000   184       21.6000       21.3000   703392    1.39%
   6057    89       21.5000   209       21.6000       21.3000   696548    1.39%
   6059    90       21.5000   207       21.6000       21.3000   696551    1.39%
   6062   115       21.5000   203       21.6000       21.3000   705009    1.39%
   6066   117       21.5000   191       21.6000       21.3000   705054    1.39%
   6070   119       21.5000   184       21.6000       21.3000   713927    1.39%
Elapsed time = 2307.65 sec. (713373.73 ticks, tree = 5.33 MB, solutions = 1)
   6075   121       21.7000   166       21.6000       21.3000   714231    1.39%
   6082   126       21.8000   116       21.6000       21.3000   715763    1.39%
   6087   124       21.5000   186       21.6000       21.3000   715066    1.39%
   6091   126       21.5000   174       21.6000       21.3000   715127    1.39%
   6094   136       21.5000   203       21.6000       21.3000   717861    1.39%
   6097   150       21.8000   200       21.6000       21.3000   722941    1.39%
   6109    95       21.5000   180       21.6000       21.3000   703575    1.39%
   6119   162       21.5000   159       21.6000       21.3000   723494    1.39%
   6129    86       21.3000   194       21.6000       21.3000   688595    1.39%
   6142   173       21.3000   176       21.6000       21.3000   736398    1.39%
Elapsed time = 2365.95 sec. (725509.78 ticks, tree = 7.41 MB, solutions = 1)
   6149   191       21.7500   124       21.6000       21.3000   738297    1.39%
   6157   206       21.5000   117       21.6000       21.3000   741451    1.39%
   6172   217       21.5000    95       21.6000       21.3000   741485    1.39%
   6174   190       21.7000   151       21.6000       21.3000   737139    1.39%
   6183   190       21.7000   151       21.6000       21.3000   737184    1.39%
   6191   228       21.7000   190       21.6000       21.3000   757108    1.39%
   6217   220       21.5000   134       21.6000       21.3000   748816    1.39%
   6230   223       21.5000   121       21.6000       21.3000   749752    1.39%
   6252   243       21.5000   145       21.6000       21.3000   749370    1.39%
   6262   253       21.5000   116       21.6000       21.3000   759279    1.39%
Elapsed time = 2457.56 sec. (735829.24 ticks, tree = 11.34 MB, solutions = 1)
   6267   249       21.7100   199       21.6000       21.3000   762993    1.39%
   6281   262       21.7000   143       21.6000       21.3000   765735    1.39%
   6285   339       21.8000   139       21.6000       21.3000   803571    1.39%
   6290   328       21.7076   205       21.6000       21.3000   793747    1.39%
   6295   263       21.7000   148       21.6000       21.3000   766008    1.39%
   6310   249       21.7000    73       21.6000       21.3000   761158    1.39%
   6319   332       21.9000   170       21.6000       21.3000   800919    1.39%
   6324   353       21.5000    85       21.6000       21.3000   820179    1.39%
   6354   362       21.5000    84       21.6000       21.3000   820458    1.39%
   6368   385       21.5750   171       21.6000       21.3000   870691    1.39%
Elapsed time = 2568.56 sec. (745986.87 ticks, tree = 13.77 MB, solutions = 1)
   6384   371       22.0375   167       21.6000       21.3000   848036    1.39%
   6407   403       21.6007   175       21.6000       21.3000   881674    1.39%
   6430   292       21.5000   159       21.6000       21.3000   780799    1.39%
   6456   428       21.5940   168       21.6000       21.3000   903234    1.39%
   6495   464       21.6000    46       21.6000       21.3000   906811    1.39%
   6535   472       21.6000    77       21.6000       21.3000   916943    1.39%
   6567   439       21.6000   121       21.6000       21.3000   904356    1.39%
   6597   533       21.7000    91       21.6000       21.3000   965942    1.39%
   6620   494       21.6000   111       21.6000       21.3000   943528    1.39%
   6644   531       21.6100   121       21.6000       21.3000   965948    1.39%
Elapsed time = 2650.13 sec. (755820.09 ticks, tree = 178.77 MB, solutions = 1)
   6675   499       21.8000   180       21.6000       21.3000   958623    1.39%
   6722   618       21.6000    88       21.6000       21.3000   983190    1.39%
   6774   719       21.6000    60       21.6000       21.3000  1010061    1.39%
   6872   637       21.5000   101       21.6000       21.3000   985090    1.39%
   6963   667       21.6000    67       21.6000       21.3000   988908    1.39%
   7059   734       21.6000    59       21.6000       21.3000  1011517    1.39%
   7150   693       21.6000    60       21.6000       21.3000   991869    1.39%
   7234   744       21.5455   135       21.6000       21.3000  1031825    1.39%
   7297  1102       21.6000    25       21.6000       21.3000  1075433    1.39%
   7614   900       21.6000    98       21.6000       21.3000  1057040    1.39%
Elapsed time = 2774.23 sec. (768365.09 ticks, tree = 1233.15 MB, solutions = 1)
   7997  1461       21.6000    74       21.6000       21.3000  1132297    1.39%
   8300  1536       21.6238     9       21.6000       21.3000  1139703    1.39%
   8539  2115       21.6000    81       21.6000       21.3000  1207586    1.39%
   8810  2423       21.6000    28       21.6000       21.3000  1256976    1.39%
   9001  2321       21.6000    17       21.6000       21.3000  1238024    1.39%
   9193  2696       21.6000    71       21.6000       21.3000  1315559    1.39%
   9369  2851       21.6000    80       21.6000       21.3000  1346989    1.39%
   9646  2914       21.6000    14       21.6000       21.3000  1362751    1.39%
*  9774  2985      integral     0       21.6000       21.3000  1377111    1.39%
  10080  3530       21.6009    38       21.6000       21.3000  1459368    1.39%
Elapsed time = 3150.60 sec. (804056.11 ticks, tree = 3342.18 MB, solutions = 21)
Nodefile size = 1283.68 MB (782.97 MB after compression)
  10350  3585       21.6000    65       21.6000       21.3000  1471750    1.39%
  10636  3843       21.6020    65       21.6000       21.3111  1502667    1.34%
  10889  4255       21.6000    38       21.6000       21.3111  1551854    1.34%
  11234  4207       21.6000    15       21.6000       21.3111  1543126    1.34%
  11647  4781       21.6000    47       21.6000       21.3111  1619862    1.34%
  12011  5131       21.6080    22       21.6000       21.3111  1658683    1.34%
  12357  5472       21.6020    96       21.6000       21.3111  1708795    1.34%
  12830  5870       21.6000    41       21.6000       21.3111  1750471    1.34%
  13121  5877       21.6000    18       21.6000       21.3111  1751701    1.34%
  13486  6418       21.6000    12       21.6000       21.3111  1812199    1.34%
Elapsed time = 3535.01 sec. (842332.76 ticks, tree = 7920.77 MB, solutions = 62)
Nodefile size = 5869.31 MB (3606.09 MB after compression)
  13740  6374       21.6158    31       21.6000       21.3111  1804515    1.34%
  14081  6775       21.6000    51       21.6000       21.3111  1858193    1.34%
  14280  7037       21.6000    33       21.6000       21.3111  1897613    1.34%
  14378  7268       21.8000    85       21.6000       21.3111  1928313    1.34%
  14489  7729       21.6005    57       21.6000       21.3111  2006735    1.34%
  14698  7099       21.7000    83       21.6000       21.3111  1905486    1.34%
  15001  7901       21.6000    11       21.6000       21.3111  2089212    1.34%
  15482  8077       21.6000   120       21.6000       21.3111  2118060    1.34%
  15876  8118       21.6000    13       21.6000       21.3111  2138038    1.34%
* 15923  8295      integral     0       21.6000       21.3111  2169242    1.34%
Elapsed time = 3926.77 sec. (877512.38 ticks, tree = 10387.60 MB, solutions = 113)
Nodefile size = 8339.64 MB (5132.88 MB after compression)
  16185  8604       21.6000    60       21.6000       21.3111  2213593    1.34%
  16485  8955       21.6000     1       21.6000       21.3111  2251265    1.34%
  16842  9572       21.6000    14       21.6000       21.3111  2339748    1.34%
  17202  9848       21.8018   129       21.6000       21.3111  2369963    1.34%
  17546 10229       21.6000    68       21.6000       21.3250  2414210    1.27%
  17903 10366       21.4059    90       21.6000       21.3250  2423974    1.27%
  18366 10782       21.6000    16       21.6000       21.3250  2474205    1.27%
* 18463 10567      integral     0       21.6000       21.3250  2440383    1.27%
  18741 11434       21.6000    32       21.6000       21.3250  2555242    1.27%
  19038 11144       21.6000     6       21.6000       21.3250  2529504    1.27%
Elapsed time = 4250.21 sec. (912816.17 ticks, tree = 14040.44 MB, solutions = 187)
Nodefile size = 11988.22 MB (7389.98 MB after compression)
  19352 11821       21.6000    87       21.6000       21.3250  2602041    1.27%
  19710 11994       21.6000    67       21.6000       21.3250  2623971    1.27%
  20088 12149       21.6000     4       21.6000       21.3250  2645394    1.27%
  20510 12327       21.6000     8       21.6000       21.3250  2674917    1.27%
  20914 12790       21.6000    85       21.6000       21.3250  2745643    1.27%
  21441 13674       21.6000     9       21.6000       21.3250  2841630    1.27%
* 21681 13739      integral     0       21.6000       21.3250  2844384    1.27%
  22105 14193       21.6018   174       21.6000       21.3250  2898381    1.27%
  22487 14737       21.6000    23       21.6000       21.3250  2955476    1.27%
  22984 14426       21.6000    44       21.6000       21.3250  2923874    1.27%
Elapsed time = 4591.57 sec. (949528.95 ticks, tree = 18490.31 MB, solutions = 283)
Nodefile size = 16445.58 MB (10126.73 MB after compression)
  23233 14727       21.8020   197       21.6000       21.3250  2948478    1.27%
  23374 15261       21.6000    20       21.6000       21.3250  3015166    1.27%
  23437 15911       21.5333   125       21.6000       21.3250  3079363    1.27%
  23491 16040       21.6000   102       21.6000       21.3250  3134816    1.27%
  23622 16086       21.6000    15       21.6000       21.3250  3169690    1.27%
  23814 16148       21.6000    33       21.6000       21.3250  3219463    1.27%
  23987 16306       21.6000    60       21.6000       21.3250  3272908    1.27%
  24278 16322       21.6000     6       21.6000       21.3250  3273538    1.27%
* 24321 16408      integral     0       21.6000       21.3250  3305897    1.27%
  24751 16859       21.6000    37       21.6000       21.3250  3387477    1.27%
Elapsed time = 4973.86 sec. (984620.77 ticks, tree = 19969.51 MB, solutions = 354)
Nodefile size = 18126.18 MB (11144.28 MB after compression)
  25139 17138       21.6000    89       21.6000       21.3250  3424436    1.27%
  25502 17344       21.4059   117       21.6000       21.3250  3452614    1.27%
  25864 17224       21.9000    42       21.6000       21.3250  3437087    1.27%
  26269 17568       21.6000     1       21.6000       21.3250  3473989    1.27%
  26609 17825       21.9000    45       21.6000       21.3250  3494992    1.27%
  26940 18387       21.6000   101       21.6000       21.3250  3555756    1.27%
  27320 19169       21.6000    20       21.6000       21.3250  3642149    1.27%
  27757 18787       21.6000    94       21.6000       21.3250  3605085    1.27%
  28373 19760       21.6000    40       21.6000       21.3250  3710361    1.27%
  28775 19616       21.6000     7       21.6000       21.3250  3690379    1.27%
Elapsed time = 5325.97 sec. (1022880.70 ticks, tree = 25188.47 MB, solutions = 500)
Nodefile size = 23139.13 MB (14192.92 MB after compression)
  29092 19825       21.6013    89       21.6000       21.3250  3717708    1.27%
  29263 20152       21.6000     1       21.6000       21.3250  3757894    1.27%
  29304 19662       21.6000   198       21.6000       21.3250  3704754    1.27%

GUB cover cuts applied:  5
Clique cuts applied:  4700
Cover cuts applied:  8
Implied bound cuts applied:  335
Flow cuts applied:  707
Mixed integer rounding cuts applied:  17446
Zero-half cuts applied:  193
Lift and project cuts applied:  50
Gomory fractional cuts applied:  349

Root node processing (before b&c):
  Real time             =    0.31 sec. (242.01 ticks)
Parallel b&c, 32 threads:
  Real time             = 3562.61 sec. (426508.79 ticks)
  Sync time (average)   = 1768.72 sec.
  Wait time (average)   =    0.33 sec.
                          ------------
Total (root+branch&cut) = 3562.93 sec. (426750.79 ticks)

Solution pool: 100 solutions saved (454 replaced).

Populate - Populate solution limit exceeded, integer optimal:  Objective =  2.1600000000e+01
Current MIP best bound =  2.1325000000e+01 (gap = 0.275, 1.27%)
Solution time = 5404.79 sec.  Iterations = 3895220  Nodes = 29305 (21500)
Deterministic time = 1044640.85 ticks  (193.28 ticks/sec)

CPLEX> Solution pool written to file 'results_cplex_1_1.txt'.
CPLEX> 
Welcome to IBM(R) ILOG(R) CPLEX(R) Interactive Optimizer 12.7.1.0
  with Simplex, Mixed Integer & Barrier Optimizers
5725-A06 5725-A29 5724-Y48 5724-Y49 5724-Y54 5724-Y55 5655-Y21
Copyright IBM Corp. 1988, 2017.  All Rights Reserved.

Type 'help' for a list of available commands.
Type 'help' followed by a command name for more
information on commands.

CPLEX> Warning, line 628674: Name 'dist_XMetab__6021___e____' does not exist.
Warning, line 628909: Name 'dist_XMetab__6029___l____' does not exist.
Warning, line 628989: Name 'dist_XMetab__6029___e____' does not exist.
Warning, line 629584: Name 'dist_XMetab__1110___c____' does not exist.
Warning, line 629732: Name 'dist_XMetab__439155___m____' does not exist.
Warning, line 642638: Name 'dist_XMetab__6021___e____' does not exist.
Warning, line 642873: Name 'dist_XMetab__6029___l____' does not exist.
Warning, line 642953: Name 'dist_XMetab__6029___e____' does not exist.
Warning, line 643548: Name 'dist_XMetab__1110___c____' does not exist.
Warning, line 643696: Name 'dist_XMetab__439155___m____' does not exist.
Problem 'testFile_1_1.lp' read.
Read time = 0.57 sec. (49.59 ticks)
CPLEX> New value for mixed integer optimality gap tolerance: 0.2
CPLEX> New value for relative objective gap: 0.0001
CPLEX> New value for solution pool replacement strategy: 2
CPLEX> New value for solutions limit for each populate call: 500
CPLEX> New value for capacity of solution pool: 100
CPLEX> New value for intensity for populating the MIP solution pool: 4
CPLEX> New value for time limit in seconds: 21600
CPLEX> New value for default parallel thread count: 0
CPLEX> CPXPARAM_TimeLimit                               21600
CPXPARAM_Read_APIEncoding                        "UTF-8"
CPXPARAM_MIP_Tolerances_MIPGap                   0.20000000000000001
CPXPARAM_MIP_Pool_Capacity                       100
CPXPARAM_MIP_Pool_Replace                        2
CPXPARAM_MIP_Pool_RelGap                         0.0001
CPXPARAM_MIP_Pool_Intensity                      4
CPXPARAM_MIP_Limits_Populate                     500

Populate: phase I 
Tried aggregator 3 times.
MIP Presolve eliminated 189512 rows and 17770 columns.
MIP Presolve modified 2216 coefficients.
Aggregator did 10673 substitutions.
Reduced MIP has 248865 rows, 153452 columns, and 757207 nonzeros.
Reduced MIP has 136576 binaries, 3023 generals, 0 SOSs, and 0 indicators.
Presolve time = 1.34 sec. (1138.30 ticks)
Found incumbent of value 303.382766 after 2.51 sec. (1917.58 ticks)
Probing fixed 2662 vars, tightened 111 bounds.
Probing changed sense of 4 constraints.
Probing time = 13.57 sec. (847.43 ticks)
Tried aggregator 3 times.
MIP Presolve eliminated 31907 rows and 40814 columns.
MIP Presolve modified 62 coefficients.
Aggregator did 1580 substitutions.
Reduced MIP has 215378 rows, 111058 columns, and 667777 nonzeros.
Reduced MIP has 94407 binaries, 2798 generals, 0 SOSs, and 0 indicators.
Presolve time = 1.86 sec. (1324.60 ticks)
Probing fixed 21 vars, tightened 0 bounds.
Probing time = 14.09 sec. (363.55 ticks)
Tried aggregator 3 times.
MIP Presolve eliminated 41922 rows and 33753 columns.
MIP Presolve modified 185 coefficients.
Aggregator did 2317 substitutions.
Reduced MIP has 171139 rows, 74988 columns, and 555501 nonzeros.
Reduced MIP has 59937 binaries, 1198 generals, 0 SOSs, and 0 indicators.
Presolve time = 1.41 sec. (1021.63 ticks)
Probing time = 7.60 sec. (152.11 ticks)
Tried aggregator 3 times.
MIP Presolve eliminated 15081 rows and 14577 columns.
MIP Presolve modified 141 coefficients.
Aggregator did 1093 substitutions.
Reduced MIP has 154965 rows, 59318 columns, and 513933 nonzeros.
Reduced MIP has 45079 binaries, 386 generals, 0 SOSs, and 0 indicators.
Presolve time = 1.11 sec. (886.35 ticks)
Probing fixed 6 vars, tightened 0 bounds.
Probing time = 8.95 sec. (124.30 ticks)
Clique table members: 316330.
MIP emphasis: balance optimality and feasibility.
MIP search method: dynamic search.
Parallel mode: deterministic, using up to 32 threads.
Root relaxation solution time = 2.70 sec. (1461.45 ticks)

        Nodes                                         Cuts/
   Node  Left     Objective  IInf  Best Integer    Best Bound    ItCnt     Gap

*     0+    0                          303.3828        5.5032            98.19%
*     0+    0                          303.1828        5.5032            98.18%
      0     0       35.3457   206      303.1828       35.3457     2302   88.34%
      0     0       47.7155   163      303.1828    Cuts: 2079     3384   84.26%
      0     0       53.8898   212      303.1828    Cuts: 1653     4274   82.23%
      0     0       54.8854   298      303.1828    Cuts: 5226     6386   81.90%
      0     0       55.7854   256      303.1828    Cuts: 4150     7503   81.60%
      0     0       56.0784   262      303.1828    Cuts: 1620     9088   81.50%
      0     0       56.3784   280      303.1828    Cuts: 1051     9714   81.40%
      0     0       56.3784   528      303.1828     Cuts: 702    14454   81.40%
      0     0       56.3784   263      303.1828    Cuts: 2386    15458   81.40%
      0     0       56.3784   303      303.1828     Cuts: 730    16218   81.40%
      0     2       56.3784   303      303.1828       56.3784    16218   81.40%
Elapsed time = 229.16 sec. (46863.12 ticks, tree = 0.01 MB, solutions = 1)
      1     3       56.3967   300      303.1828       56.4041    17034   81.40%
      2     4       56.4774   270      303.1828       56.4041    18205   81.40%
      3     3       56.6143   775      303.1828       56.4041    24963   81.40%
      4     6       56.6841   733      303.1828       56.4041    27942   81.40%
      5     7       56.7508   746      303.1828       56.4041    29512   81.40%
      7     8       56.7930   745      303.1828       56.4041    30080   81.40%
     10     9       58.1875   680      303.1828       56.4041    31058   81.40%
     11    13       58.3386   680      303.1828       56.4041    32064   81.40%
     13    12       56.8098   734      303.1828       56.4041    31859   81.40%
     33    27       60.1392   690      303.1828       56.4041    35459   81.40%
Elapsed time = 301.78 sec. (69483.67 ticks, tree = 0.01 MB, solutions = 1)
     99    15       62.1247   731      303.1828       56.4041    32560   81.40%
    220    61       61.3314   725      303.1828       56.4041    45358   81.40%
    340    79       70.3835   649      303.1828       56.4041    50819   81.40%
    468   233       68.7309   673      303.1828       56.4041    90646   81.40%
    609   358    infeasible            303.1828       56.4041   120381   81.40%
    621   122       65.2887   741      303.1828       56.4041    64211   81.40%
    680   416       74.4598   671      303.1828       56.4041   128510   81.40%
    819   467       69.6844   671      303.1828       56.4041   139697   81.40%
   1038   542       64.0961   677      303.1828       56.5158   149446   81.36%
   1290   671       76.3554   632      303.1828       56.5158   178054   81.36%
Elapsed time = 380.79 sec. (79150.89 ticks, tree = 543.23 MB, solutions = 1)
   1533   965    infeasible            303.1828       56.5158   199286   81.36%
   1846   983       74.0174   649      303.1828       56.5158   200808   81.36%
   2133  1143       84.9355   608      303.1828       56.5158   207319   81.36%
   2415  1584       89.6560   657      303.1828       56.5158   234095   81.36%
   2698  1728       84.5495   595      303.1828       56.5158   241275   81.36%
   2958  1824       81.5833   618      303.1828       56.5158   244610   81.36%
   3224  2025       79.4198   568      303.1828       56.5158   253663   81.36%
   3526  2089       83.0023   520      303.1828       56.5158   255363   81.36%
   3807  2277       78.8038   628      303.1828       56.5158   263559   81.36%
   4072  2760       79.0038   624      303.1828       56.5158   286338   81.36%
Elapsed time = 492.81 sec. (88707.23 ticks, tree = 3923.38 MB, solutions = 1)
Nodefile size = 1879.12 MB (977.67 MB after compression)
   4385  3088       83.5793   502      303.1828       56.5158   298878   81.36%
   4695  3297       78.3369   574      303.1828       56.5158   320347   81.36%
   4987  3367       77.6155   581      303.1828       56.5158   323286   81.36%
   5254  3453       78.4324   521      303.1828       56.5158   326239   81.36%
   5522  4005       86.6751   529      303.1828       56.5609   360659   81.34%
   5795  3919       81.4721   532      303.1828       56.5609   346169   81.34%
   6114  4344       78.1771   664      303.1828       56.5609   376864   81.34%
   6375  4162       90.8828   577      303.1828       56.5736   366159   81.34%
   6655  4581       65.7892   650      303.1828       56.6058   388529   81.33%
   6941  4791       88.1751   523      303.1828       56.6058   396119   81.33%
Elapsed time = 627.87 sec. (98272.11 ticks, tree = 7851.27 MB, solutions = 1)
Nodefile size = 5806.51 MB (3053.18 MB after compression)
   7172  5118       79.2369   434      303.1828       56.6058   404517   81.33%
   7443  5121       80.0075   342      303.1828       56.6058   404509   81.33%
   7735  5496       85.5793   366      303.1828       56.6058   415958   81.33%
   8039  5817       73.7678   683      303.1828       56.6058   420751   81.33%
   8285  5790       80.1285   327      303.1828       56.6058   419451   81.33%
   8390  5993       90.4645   385      303.1828       56.6058   428140   81.33%
   8403  6700       62.4616   239      303.1828       62.4616   559678   79.40%
   8404  6700       62.4694   233      303.1828       62.4703   561461   79.40%
   8405  6700       62.4788   206      303.1828       62.4802   562039   79.39%
   8406  6701       62.5396   265      303.1828       62.4802   569096   79.39%
Elapsed time = 1792.18 sec. (501431.51 ticks, tree = 2048.56 MB, solutions = 1)
   8407  6702       62.5396   267      303.1828       62.4802   569142   79.39%
   8408  3351       63.1921   309      303.1828       62.4802   567593   79.39%
   8409  3354       62.9188   243      303.1828       62.4802   569406   79.39%
   8411  3355       63.0937   326      303.1828       62.4802   579698   79.39%
   8415  2392       62.7599   265      303.1828       62.4802   587526   79.39%
   8417  2394       62.7962   268      303.1828       62.4802   589473   79.39%
   8418  2395       62.8035   261      303.1828       62.4802   589579   79.39%
   8421  1740       63.6889   359      303.1828       62.4802   590999   79.39%
   8423  1009       63.2318   334      303.1828       62.4802   583444   79.39%
   8426   457       63.9687   280      303.1828       62.4802   579223   79.39%
Elapsed time = 1922.66 sec. (530975.89 ticks, tree = 137.07 MB, solutions = 1)
   8430   385       63.7353   251      303.1828       62.4802   591020   79.39%
   8436   183       68.4194   256      303.1828       62.4802   603812   79.39%
   8439    59       66.5089   282      303.1828       62.4802   609444   79.39%
   8441    53       65.4917   246      303.1828       62.4802   604238   79.39%
   8445    56       66.0503   245      303.1828       62.4802   627464   79.39%
   8448    47       69.4936   300      303.1828       62.4802   627375   79.39%
   8451    28       68.1348   263      303.1828       62.4802   600027   79.39%
   8452    34       68.8397   254      303.1828       62.4802   607729   79.39%
   8456    32       63.0910   347      303.1828       62.4802   612655   79.39%
   8460    40       72.9619   294      303.1828       62.4802   637094   79.39%
Elapsed time = 2125.61 sec. (542980.32 ticks, tree = 0.11 MB, solutions = 1)
   8462    45       69.0580   291      303.1828       62.4802   657779   79.39%
   8465    14       64.3615   354      303.1828       62.4802   594107   79.39%
   8467    40       69.8284   289      303.1828       62.4802   635818   79.39%
   8470    29       64.0675   375      303.1828       62.4802   613676   79.39%
   8474    50       67.9498   316      303.1828       62.4802   675389   79.39%
   8479    52       74.9098   230      303.1828       62.4802   677592   79.39%
   8485    51       76.6198   230      303.1828       62.4802   677740   79.39%
   8490    11       63.2495   336      303.1828       62.4802   587609   79.39%
   8498    42       68.1389   308      303.1828       62.4802   644738   79.39%
   8503    54       76.8930   254      303.1828       62.4802   677964   79.39%
Elapsed time = 2226.67 sec. (555002.53 ticks, tree = 10.15 MB, solutions = 1)
   8508    70       78.7692   256      303.1828       62.4802   760551   79.39%
   8513    21       67.1214   388      303.1828       62.4802   604436   79.39%
   8522    76       77.2108   284      303.1828       62.4802   764389   79.39%
   8531    74       83.4466   244      303.1828       62.4802   760620   79.39%
   8538    61       64.6687   333      303.1828       62.7481   723204   79.30%
   8547    65       71.2823   308      303.1828       62.7481   750652   79.30%
   8556    65       63.6441   344      303.1828       62.7481   736240   79.30%
   8569    46       71.6276   312      303.1828       62.7481   665208   79.30%
   8580    95       71.2981   306      303.1828       62.7481   858244   79.30%
   8592    93       77.8046   206      303.1828       62.9130   851641   79.25%
Elapsed time = 2308.38 sec. (565493.78 ticks, tree = 45.82 MB, solutions = 1)
   8601    97       73.3230   282      303.1828       62.9130   858413   79.25%
   8615    89       73.0049   313      303.1828       62.9130   844970   79.25%
   8631   106       80.0136   304      303.1828       62.9130   887888   79.25%
   8645   107       80.3448   296      303.1828       62.9130   887941   79.25%
   8662   102       71.6301   290      303.1828       62.9130   878624   79.25%
   8677   115       86.3182   201      303.1828       62.9130   888465   79.25%
   8690   126       69.4230   374      303.1828       62.9130   907865   79.25%
   8707   118       86.5024   208      303.1828       62.9130   888850   79.25%
   8728   215       70.3194   302      303.1828       63.0335   962447   79.21%
   8916   249       79.3287   291      303.1828       63.0335  1007075   79.21%
Elapsed time = 2414.14 sec. (578328.22 ticks, tree = 147.89 MB, solutions = 1)
   9291   438       80.6880   252      303.1828       63.0335  1037845   79.21%
   9992   517       71.8329   182      303.1828       63.0335  1049631   79.21%
  10603  1403       82.6665    80      303.1828       63.0335  1113492   79.21%
  11294  1088       85.5340   117      303.1828       63.0335  1096671   79.21%
  12031  1363       82.0034   266      303.1828       63.0335  1113631   79.21%
  12288  2201       74.0445   183      303.1828       63.0335  1153624   79.21%
  12906  2954       77.0307   247      303.1828       63.0335  1189086   79.21%
  13518  3099       82.3963   216      303.1828       63.0335  1203416   79.21%
  13864  4434       82.4974   203      303.1828       63.0335  1294279   79.21%
  14176  4859       86.0672   176      303.1828       63.0335  1353349   79.21%
Elapsed time = 2800.17 sec. (616542.62 ticks, tree = 7718.56 MB, solutions = 1)
Nodefile size = 5654.74 MB (3578.55 MB after compression)
  14405  4776       67.6189   420      303.1828       63.0335  1342641   79.21%
  14550  4971       76.2414    98      303.1828       63.0335  1386167   79.21%
  14673  5559       71.5948   379      303.1828       63.0335  1503014   79.21%
  15059  5630       77.3632   169      303.1828       63.0335  1506807   79.21%
  15595  5816       98.7377   100      303.1828       63.0335  1551456   79.21%
  16101  5805    infeasible            303.1828       63.0335  1551703   79.21%
  16707  6410       72.9580   256      303.1828       63.0335  1615981   79.21%
  17408  7435       76.2232   155      303.1828       63.0335  1711482   79.21%
  18142  7864       80.5475   156      303.1828       63.0335  1729904   79.21%
  18856  8701       82.0555   109      303.1828       63.0335  1790756   79.21%
Elapsed time = 3188.75 sec. (654806.29 ticks, tree = 14589.47 MB, solutions = 1)
Nodefile size = 12541.98 MB (7807.99 MB after compression)
  19457  8821       82.6166   322      303.1828       63.0335  1802342   79.21%
  19963  9538       71.8342   400      303.1828       63.0335  1844330   79.21%
  20252 10486       84.1199   235      303.1828       63.0335  1908312   79.21%
  20691 10696       79.5068   367      303.1828       63.0335  1940765   79.21%
  21484 10836       87.1278   385      303.1828       63.0335  1959871   79.21%
  22267 11056      113.5852    80      303.1828       63.0335  1980012   79.21%
  22994 11627       78.8539   154      303.1828       63.0335  2010017   79.21%
  23675 12862       83.8078    59      303.1828       63.0335  2107272   79.21%
  24298 13282       66.8716   385      303.1828       63.0335  2148485   79.21%
  24661 13477       71.3400   370      303.1828       63.0335  2173062   79.21%
Elapsed time = 3509.68 sec. (693013.13 ticks, tree = 25484.70 MB, solutions = 1)
Nodefile size = 23440.35 MB (14938.97 MB after compression)
  24710 14526       75.0999   424      303.1828       63.0335  2260365   79.21%
  24792 14724       73.2696   311      303.1828       63.4248  2286809   79.08%
  25018 14749      104.9776    61      303.1828       63.7934  2301817   78.96%
  25395 14770       71.1790   384      303.1828       63.7934  2313118   78.96%
  26078 15209       77.9409   263      303.1828       63.7934  2363816   78.96%
  26951 15873       74.6845   278      303.1828       63.7934  2416503   78.96%
  27879 16044       87.4557   204      303.1828       63.7934  2423582   78.96%
  28604 16630       80.1581   166      303.1828       63.7934  2465963   78.96%
  29093 18247       76.6771   254      303.1828       63.7934  2568774   78.96%
  29646 17857    infeasible            303.1828       63.7934  2550414   78.96%
Elapsed time = 3807.02 sec. (731284.52 ticks, tree = 34192.58 MB, solutions = 1)
Nodefile size = 32144.87 MB (20896.16 MB after compression)
  30317 19103       82.3083   323      303.1828       63.7934  2631118   78.96%
  30899 19840       96.3693   379      303.1828       63.7934  2678961   78.96%
  31517 20070       80.1570   218      303.1828       63.7934  2696998   78.96%
  32146 20257       80.4095   256      303.1828       63.7934  2716611   78.96%
  32860 21151       69.2707   350      303.1828       63.7934  2797270   78.96%
  33362 21623       84.5584   111      303.1828       63.7934  2831536   78.96%
  33815 22534       93.5703    64      303.1828       63.7934  2915375   78.96%
  34361 23145       66.8123   436      303.1828       63.7934  2982104   78.96%
  34960 23512      103.4328   110      303.1828       63.7934  3029043   78.96%
  35531 23618       86.8829   280      303.1828       63.7934  3037441   78.96%
Elapsed time = 4137.93 sec. (769485.43 ticks, tree = 44742.56 MB, solutions = 1)
Nodefile size = 42694.66 MB (28068.04 MB after compression)
  36257 24624       95.7643    38      303.1828       64.2509  3123365   78.81%
  37001 24936       71.2826   349      303.1828       64.2509  3161302   78.81%
  37749 24955       71.4684   386      303.1828       64.2509  3163396   78.81%
  38451 25867      115.0086    62      303.1828       64.2509  3237753   78.81%
  39173 27382       71.4986   131      303.1828       64.2509  3335265   78.81%
  39832 28039       84.9064   314      303.1828       64.2509  3392109   78.81%
  40458 28225       83.3296   353      303.1828       64.2509  3403541   78.81%
  41031 29048       74.2181   404      303.1828       64.2509  3478983   78.81%
  41676 29517       71.1881   403      303.1828       64.2509  3515893   78.81%
  42216 29736       90.7616   298      303.1828       64.2509  3521390   78.81%
Elapsed time = 4478.42 sec. (807711.99 ticks, tree = 56237.40 MB, solutions = 1)
Nodefile size = 54191.69 MB (35970.78 MB after compression)
  42532 30160       76.8651   370      303.1828       64.2509  3566486   78.81%
  42741 31189       80.6774   150      303.1828       64.2509  3661939   78.81%
  43088 31416       68.6492   430      303.1828       64.2509  3715601   78.81%
  43535 31644       72.1380   390      303.1828       64.2509  3744319   78.81%
  43793 31662       76.2444   307      303.1828       64.2509  3747262   78.81%
  43988 31906       94.6729   368      303.1828       64.2509  3772107   78.81%
  44304 32301       71.5623   255      303.1828       64.2509  3823582   78.81%
  44865 32460       76.3444   281      303.1828       64.2509  3847516   78.81%
  45514 33161       66.6306   531      303.1828       64.2509  3955627   78.81%
  46198 33009       68.8407    98      303.1828       64.2509  3945255   78.81%
Elapsed time = 4809.39 sec. (845922.86 ticks, tree = 62330.11 MB, solutions = 1)
Nodefile size = 60282.67 MB (40186.38 MB after compression)
  46917 33746       80.4604   247      303.1828       64.2509  3993488   78.81%
  47613 35232       84.9309   375      303.1828       64.2509  4141511   78.81%
  48420 35540       93.5811   230      303.1828       64.2509  4166491   78.81%
  49134 35856       85.3249   314      303.1828       64.2509  4189483   78.81%
  49908 35838       84.2743   284      303.1828       64.2509  4185084   78.81%
  50719 36516       75.1380   300      303.1828       64.2509  4243242   78.81%
* 51005+38081                          217.7968       64.2509            70.50%
  51434 37952       99.7026   307      217.7968       64.2509  4342607   70.50%
  52156 38953       86.9702   282      217.7968       64.2509  4412992   70.50%
  53022 39626       75.8053   244      217.7968       64.2509  4472548   70.50%
  53831 40105       93.2757   247      217.7968       64.2509  4521221   70.50%
Elapsed time = 5167.37 sec. (884093.06 ticks, tree = 74778.42 MB, solutions = 1)
Nodefile size = 72734.23 MB (48807.70 MB after compression)
  54556 39894       71.8603   311      217.7968       64.2509  4512617   70.50%
* 55108+41193                          205.8283       64.2509            68.78%
  55353 41565       94.7006   106      205.8283       64.2509  4627550   68.78%
  56128 42208       80.8145   274      205.8283       64.9192  4686746   68.46%
  56912 42244       81.2145   225      205.8283       64.9192  4687905   68.46%
  57484 42769       83.6178   278      205.8283       64.9192  4720279   68.46%
* 57527+44141                          179.5353       64.9192            63.84%
  58071 44836    infeasible            179.5353       64.9192  4868673   63.84%
  58812 44603       83.1197   237      179.5353       64.9192  4852425   63.84%
  59573 45935       89.1951    52      179.5353       64.9192  4944146   63.84%
* 59780+46580                          160.6206       64.9192            59.58%
* 59798+46676                          158.1798       64.9192            58.96%
* 59802+46526                          148.8586       64.9192            56.39%
* 60052+46526                          144.4484       64.9192            55.06%
* 60059+46580                          143.6558       64.9192            54.81%
  60133 46331       76.5974   288      143.6558       64.9192  4998523   54.81%
* 60138+46526                          138.9999       64.9192            53.30%
* 60336+46526                          127.1292       64.9192            48.93%
  60442 46369       78.0113   298      127.1292       64.9192  5000461   48.93%
Elapsed time = 5543.94 sec. (922288.66 ticks, tree = 85251.72 MB, solutions = 1)
Nodefile size = 85251.60 MB (57419.79 MB after compression)
  60672 47624       71.2655    43      127.1292       64.9192  5096444   48.93%
* 60692+46888                          125.4591       64.9192            48.25%
* 60707+46526                          121.8214       64.9192            46.71%
* 61025+46888                          118.7719       64.9192            45.34%
  61110 47520       70.4711   300      118.7719       64.9192  5094050   45.34%
* 61112+46888                          115.9927       64.9192            44.03%
* 61254+46526                          114.3214       64.9192            43.21%
  61567 48225       68.2533   291      114.3214       64.9192  5148866   43.21%
* 61613+46676                          110.9632       64.9192            41.49%
* 61776+46888                          108.3023       64.9192            40.06%
  61804 48442       71.6573   281      108.3023       64.9192  5175229   40.06%
* 61856+46676                          102.2478       64.9192            36.51%
  61953 49033    infeasible            102.2478       64.9192  5206323   36.51%
  62134 49423       77.1464   230      102.2478       64.9192  5232372   36.51%
* 62273+49748                           97.1358       64.9192            33.17%
  62415 49607       74.4389   229       97.1358       64.9192  5242520   33.17%
* 62708+49813                           95.9418       64.9192            32.33%
  62928 49726       72.8654   358       95.9418       64.9192  5253708   32.33%
  63466 50234       89.4096   326       95.9418       64.9192  5301471   32.33%
  64148 50460       80.3047   252       95.9418       65.7713  5323977   31.45%
Elapsed time = 5834.55 sec. (960504.41 ticks, tree = 90301.52 MB, solutions = 1)
Nodefile size = 90301.40 MB (60971.98 MB after compression)
  64888 50488       88.3213   209       95.9418       65.7713  5320111   31.45%
  65633 50763       87.2622   289       95.9418       65.7713  5355096   31.45%
  66393 52172       75.8163   250       95.9418       65.7713  5447423   31.45%
  67188 52228       84.1069   143       95.9418       65.7713  5446252   31.45%
* 67438+51911                           91.4729       65.7713            28.10%
  68006 54045       79.0854   294       91.4729       65.7713  5561482   28.10%
  68768 54820       66.9863   307       91.4729       65.7713  5606926   28.10%
  69373 54690       80.9536   261       91.4729       66.2131  5598119   27.61%
  69791 55897       67.5547    52       91.4729       66.2131  5671212   27.61%
  70168 55443       71.5449   298       91.4729       66.2131  5649895   27.61%
  70501 56022       84.5916   399       91.4729       66.2131  5683771   27.61%
Elapsed time = 6189.15 sec. (998702.55 ticks, tree = 102914.30 MB, solutions = 1)
Nodefile size = 100866.31 MB (68385.69 MB after compression)
  70995 57300       70.2223   300       91.4729       66.2131  5791732   27.61%
  71715 58025       76.4307   354       91.4729       66.2267  5860619   27.60%
  72493 58376       73.6164   269       91.4729       66.2268  5899718   27.60%
  73386 58263       82.2368   275       91.4729       66.2268  5886743   27.60%
  74151 59570       78.4307   224       91.4729       66.2268  5988501   27.60%
  74940 60071       68.8959    31       91.4729       66.2442  6022066   27.58%
  75711 60436       83.1326   211       91.4729       66.2530  6046365   27.57%
  76341 61929       70.5025   160       91.4729       66.2530  6148009   27.57%
  77055 62084       83.5178   228       91.4729       66.2530  6165894   27.57%
  77889 62569       78.5600   169       91.4729       66.2820  6185686   27.54%
Elapsed time = 6565.02 sec. (1036885.11 ticks, tree = 110768.82 MB, solutions = 1)
Nodefile size = 110768.70 MB (75248.95 MB after compression)
* 78284+63160                           89.5855       66.2835            26.01%
  78731 63190       73.7894   170       89.5855       66.2835  6221453   26.01%
  79437 63482       74.0374    58       89.5855       66.2835  6244243   26.01%
  80059 64093       68.3917   335       89.5855       66.2835  6280179   26.01%
  80816 64209       70.8363   177       89.5855       66.2835  6286764   26.01%
  81499 65412       72.5164   220       89.5855       66.2952  6360491   26.00%
  82325 66271       83.5225   152       89.5855       66.2952  6420421   26.00%
  83032 66810       80.5339   189       89.5855       66.2952  6455002   26.00%
  83765 67859       72.9164   100       89.5855       66.2952  6515885   26.00%
  84461 68765       67.2407   311       89.5855       66.2952  6580007   26.00%
  85100 68459       86.5046   247       89.5855       66.2952  6552801   26.00%
Elapsed time = 6989.29 sec. (1075124.93 ticks, tree = 123627.04 MB, solutions = 2)
Nodefile size = 123626.92 MB (84265.51 MB after compression)
  85815 70448       78.1794    40       89.5855       66.2952  6685425   26.00%
  86511 71424       82.5473   345       89.5855       66.2952  6751570   26.00%
  87165 70496       83.8603    65       89.5855       66.2952  6688172   26.00%
  87862 71643       70.6462   248       89.5855       66.2952  6774119   26.00%
  88637 73249        cutoff             89.5855       66.2952  6904979   26.00%
  89421 73634       68.9863   194       89.5855       66.2952  6935761   26.00%
  90273 73043       84.4116   258       89.5855       66.2952  6885311   26.00%
  91080 74425       76.9100   239       89.5855       66.2952  6990097   26.00%
  91822 74460       77.6304   208       89.5855       66.2952  6992040   26.00%
* 92076+76453                           89.1855       66.2952            25.67%
  92385 75951       71.4184   296       89.1855       66.2952  7105521   25.67%
Elapsed time = 7411.90 sec. (1113288.09 ticks, tree = 135168.87 MB, solutions = 2)
Nodefile size = 135168.75 MB (92317.55 MB after compression)
  93170 76689       86.3033    73       89.1855       66.2952  7140274   25.67%
  93903 77735       73.4775   176       89.1855       66.2952  7220174   25.67%
  94627 77114       74.0599   192       89.1855       66.2952  7168004   25.67%
  95492 79231       83.3234   336       89.1855       66.2952  7303190   25.67%
  96337 80205       71.6180    46       89.1855       66.2952  7386309   25.67%
  97122 80063       74.8599   148       89.1855       66.2952  7375286   25.67%
  97725 80042       70.1484    99       89.1855       66.2952  7367403   25.67%
  98245 80519       69.9863   140       89.1855       66.2952  7397545   25.67%
  98615 82020       68.5776   220       89.1855       66.2952  7466747   25.67%
  98951 81692       66.7959   216       89.1855       66.2952  7446232   25.67%
Elapsed time = 7882.93 sec. (1151486.61 ticks, tree = 149406.00 MB, solutions = 1)
Nodefile size = 147360.76 MB (100804.23 MB after compression)
  99285 84166       67.2252   316       89.1855       66.2952  7568186   25.67%
  99783 84928       80.3662    48       89.1855       66.2952  7630025   25.67%
 100426 85312       80.7146   146       89.1855       66.2952  7671425   25.67%
 101234 85466       72.4055   276       89.1855       66.2952  7687278   25.67%
 102118 84948       79.2807   308       89.1855       66.2952  7635041   25.67%
 102891 85557       74.5369   155       89.1855       66.3651  7691403   25.59%
 103556 86444       69.7863   187       89.1855       66.3651  7755535   25.59%
 104197 88425       72.6249   279       89.1855       66.3651  7912090   25.59%
 104867 88754       72.5144    61       89.1855       66.3651  7940396   25.59%
 105636 87651       76.9619   118       89.1855       66.3651  7847129   25.59%
Elapsed time = 8328.85 sec. (1189684.26 ticks, tree = 159231.41 MB, solutions = 1)
Nodefile size = 157185.78 MB (107693.89 MB after compression)
 106384 89710       76.4684   153       89.1855       66.3651  8004547   25.59%
 107212 89263       69.5022   109       89.1855       66.3651  7971483   25.59%
 107896 90425       66.7863   251       89.1855       66.3651  8055283   25.59%
 108571 90743       78.3860   349       89.1855       66.3651  8076571   25.59%
 109209 91576       71.0202   276       89.1855       66.3651  8134418   25.59%
 109801 92998       70.6113   242       89.1855       66.3651  8221258   25.59%
 110444 92121       66.5802   303       89.1855       66.3651  8156152   25.59%
 111074 93827       80.4191   218       89.1855       66.3651  8285111   25.59%
 111676 95046       80.2692   267       89.1855       66.3651  8365837   25.59%
 112441 95070       80.7692   232       89.1855       66.3651  8367203   25.59%
Elapsed time = 8799.13 sec. (1227895.94 ticks, tree = 168658.65 MB, solutions = 1)
Nodefile size = 168658.53 MB (115694.59 MB after compression)
 113190 94973       69.8304   133       89.1855       66.3651  8353511   25.59%
 113902 97025       82.1450   276       89.1855       66.3651  8513362   25.59%
 114588 96880       84.4362    94       89.1855       66.3651  8488677   25.59%
 115291 97436       84.1965   228       89.1855       66.3651  8537782   25.59%
 116004 97236       70.4521   144       89.1855       66.3651  8523506   25.59%
 116636 98188       67.0030   302       89.1855       66.3651  8575253   25.59%
 117350 98691       71.1943   220       89.1855       66.3651  8619173   25.59%
 117953 100935       74.7893   189       89.1855       66.3651  8766949   25.59%
 118658 99688       81.5128   287       89.1855       66.3651  8694969   25.59%
 119309 101028       75.3893   118       89.1855       66.3651  8769936   25.59%
Elapsed time = 9269.79 sec. (1266116.44 ticks, tree = 183075.17 MB, solutions = 1)
Nodefile size = 181031.07 MB (124341.16 MB after compression)
 119861 101491       81.1199   191       89.1855       66.3651  8806018   25.59%
 120280 103051       68.4654   254       89.1855       66.3651  8909501   25.59%
 120555 102931       84.8467   195       89.1855       66.3651  8902151   25.59%
 120815 102799       72.5942   255       89.1855       66.3651  8894966   25.59%
 121164 103922       80.2368   170       89.1855       66.3651  8961771   25.59%
 121784 105881       82.0285   377       89.1855       66.4188  9090972   25.53%
 122652 106288       75.1334   300       89.1855       66.4188  9130663   25.53%
 123664 106421       69.9959    54       89.1855       66.4188  9134691   25.53%
 124610 105984       81.2570   324       89.1855       66.4188  9103167   25.53%
 125500 106407       83.0101   239       89.1855       66.4188  9135146   25.53%
Elapsed time = 9709.12 sec. (1304311.93 ticks, tree = 193174.18 MB, solutions = 1)
Nodefile size = 191127.43 MB (131341.03 MB after compression)
 126214 108342       78.6024   297       89.1855       66.4188  9262643   25.53%
 126973 108184       77.8968   176       89.1855       66.4188  9247463   25.53%
 127633 107795       68.3359   226       89.1855       66.4188  9227434   25.53%
 128332 109987       77.0307   169       89.1855       66.4188  9377634   25.53%
 129039 109830       90.4763   230       89.1855       66.4188  9363785   25.53%
 129640 110643       69.0863   214       89.1855       66.4188  9413779   25.53%
 130268 110296       66.4504   263       89.1855       66.4259  9390624   25.52%
 130863 112753       87.1488   202       89.1855       66.4259  9561536   25.52%
 131593 113401       74.2381   191       89.1855       66.4259  9592991   25.52%
 132444 112517       75.0818   263       89.1855       66.4259  9547756   25.52%
Elapsed time = 10200.75 sec. (1342531.87 ticks, tree = 203104.09 MB, solutions = 1)
Nodefile size = 203070.10 MB (139605.98 MB after compression)
